{"__type":"$$EventMessageWorkflow","id":"c576b119-2391-4e0e-ba51-6d3dd738ddbc","ts":"2025-02-22T15:32:46.582+07:00","eventName":"n8n.workflow.started","message":"n8n.workflow.started","payload":{"executionId":"95","workflowId":"pSOtbw0jo3eyLIf8","isManual":false,"workflowName":"My workflow"}}
{"__type":"$$EventMessageConfirm","confirm":"c576b119-2391-4e0e-ba51-6d3dd738ddbc","ts":"2025-02-22T15:32:46.582+07:00","source":{"id":"0","name":"eventBus"}}
{"__type":"$$EventMessageNode","id":"30a93e32-3d3e-4703-9dbf-5724f72ee52a","ts":"2025-02-22T15:32:46.585+07:00","eventName":"n8n.node.started","message":"n8n.node.started","payload":{"workflowId":"pSOtbw0jo3eyLIf8","workflowName":"My workflow","executionId":"95","nodeType":"n8n-nodes-base.manualTrigger","nodeName":"When clicking ‘Test workflow’"}}
{"__type":"$$EventMessageConfirm","confirm":"30a93e32-3d3e-4703-9dbf-5724f72ee52a","ts":"2025-02-22T15:32:46.585+07:00","source":{"id":"0","name":"eventBus"}}
{"__type":"$$EventMessageNode","id":"d6d103bd-153b-4c5f-9deb-a9faf92db44d","ts":"2025-02-22T15:32:46.588+07:00","eventName":"n8n.node.finished","message":"n8n.node.finished","payload":{"workflowId":"pSOtbw0jo3eyLIf8","workflowName":"My workflow","executionId":"95","nodeType":"n8n-nodes-base.manualTrigger","nodeName":"When clicking ‘Test workflow’"}}
{"__type":"$$EventMessageConfirm","confirm":"d6d103bd-153b-4c5f-9deb-a9faf92db44d","ts":"2025-02-22T15:32:46.588+07:00","source":{"id":"0","name":"eventBus"}}
{"__type":"$$EventMessageNode","id":"67f6354a-a8a0-4e4d-b8aa-53d362703c40","ts":"2025-02-22T15:32:46.588+07:00","eventName":"n8n.node.started","message":"n8n.node.started","payload":{"workflowId":"pSOtbw0jo3eyLIf8","workflowName":"My workflow","executionId":"95","nodeType":"n8n-nodes-base.googleSheets","nodeName":"Google Sheets31"}}
{"__type":"$$EventMessageConfirm","confirm":"67f6354a-a8a0-4e4d-b8aa-53d362703c40","ts":"2025-02-22T15:32:46.588+07:00","source":{"id":"0","name":"eventBus"}}
{"__type":"$$EventMessageNode","id":"79ab1cc6-77a4-4a40-87fa-09561ec172ff","ts":"2025-02-22T15:32:48.308+07:00","eventName":"n8n.node.finished","message":"n8n.node.finished","payload":{"workflowId":"pSOtbw0jo3eyLIf8","workflowName":"My workflow","executionId":"95","nodeType":"n8n-nodes-base.googleSheets","nodeName":"Google Sheets31"}}
{"__type":"$$EventMessageConfirm","confirm":"79ab1cc6-77a4-4a40-87fa-09561ec172ff","ts":"2025-02-22T15:32:48.308+07:00","source":{"id":"0","name":"eventBus"}}
{"__type":"$$EventMessageWorkflow","id":"28c0e153-27be-4c8f-a996-03517eadd079","ts":"2025-02-22T15:32:48.325+07:00","eventName":"n8n.workflow.success","message":"n8n.workflow.success","payload":{"executionId":"95","userId":"24298978-0261-4a6e-b00f-9df70dc17535","success":true,"isManual":true,"workflowId":"pSOtbw0jo3eyLIf8","workflowName":"My workflow"}}
{"__type":"$$EventMessageConfirm","confirm":"28c0e153-27be-4c8f-a996-03517eadd079","ts":"2025-02-22T15:32:48.325+07:00","source":{"id":"0","name":"eventBus"}}
{"__type":"$$EventMessageAudit","id":"a207255f-1bbb-4910-b570-632df5451ace","ts":"2025-02-22T15:33:18.073+07:00","eventName":"n8n.audit.workflow.updated","message":"n8n.audit.workflow.updated","payload":{"userId":"24298978-0261-4a6e-b00f-9df70dc17535","_email":"nguyenduccanh1523@gmail.com","_firstName":"ca","_lastName":"canh","globalRole":"global:owner","workflowId":"pSOtbw0jo3eyLIf8","workflowName":"My workflow"}}
{"__type":"$$EventMessageConfirm","confirm":"a207255f-1bbb-4910-b570-632df5451ace","ts":"2025-02-22T15:33:18.073+07:00","source":{"id":"0","name":"eventBus"}}
{"__type":"$$EventMessageWorkflow","id":"07141051-fe21-44f7-9866-6cc48c7b03d0","ts":"2025-02-22T15:33:19.255+07:00","eventName":"n8n.workflow.started","message":"n8n.workflow.started","payload":{"executionId":"96","workflowId":"pSOtbw0jo3eyLIf8","isManual":false,"workflowName":"My workflow"}}
{"__type":"$$EventMessageConfirm","confirm":"07141051-fe21-44f7-9866-6cc48c7b03d0","ts":"2025-02-22T15:33:19.255+07:00","source":{"id":"0","name":"eventBus"}}
{"__type":"$$EventMessageNode","id":"651d277a-1625-46e2-8b5e-9483577503c0","ts":"2025-02-22T15:33:19.255+07:00","eventName":"n8n.node.started","message":"n8n.node.started","payload":{"workflowId":"pSOtbw0jo3eyLIf8","workflowName":"My workflow","executionId":"96","nodeType":"n8n-nodes-base.manualTrigger","nodeName":"When clicking ‘Test workflow’"}}
{"__type":"$$EventMessageConfirm","confirm":"651d277a-1625-46e2-8b5e-9483577503c0","ts":"2025-02-22T15:33:19.255+07:00","source":{"id":"0","name":"eventBus"}}
{"__type":"$$EventMessageNode","id":"24fb1cdf-1602-4797-afad-c049c3f10daf","ts":"2025-02-22T15:33:19.257+07:00","eventName":"n8n.node.finished","message":"n8n.node.finished","payload":{"workflowId":"pSOtbw0jo3eyLIf8","workflowName":"My workflow","executionId":"96","nodeType":"n8n-nodes-base.manualTrigger","nodeName":"When clicking ‘Test workflow’"}}
{"__type":"$$EventMessageConfirm","confirm":"24fb1cdf-1602-4797-afad-c049c3f10daf","ts":"2025-02-22T15:33:19.257+07:00","source":{"id":"0","name":"eventBus"}}
{"__type":"$$EventMessageNode","id":"d7a007a0-b7a3-44ba-8e56-5fc8f8a70b4d","ts":"2025-02-22T15:33:19.257+07:00","eventName":"n8n.node.started","message":"n8n.node.started","payload":{"workflowId":"pSOtbw0jo3eyLIf8","workflowName":"My workflow","executionId":"96","nodeType":"n8n-nodes-base.googleSheets","nodeName":"Google Sheets31"}}
{"__type":"$$EventMessageConfirm","confirm":"d7a007a0-b7a3-44ba-8e56-5fc8f8a70b4d","ts":"2025-02-22T15:33:19.257+07:00","source":{"id":"0","name":"eventBus"}}
{"__type":"$$EventMessageNode","id":"d9b70116-5f13-4e71-8a9d-02f93d715a60","ts":"2025-02-22T15:33:20.175+07:00","eventName":"n8n.node.finished","message":"n8n.node.finished","payload":{"workflowId":"pSOtbw0jo3eyLIf8","workflowName":"My workflow","executionId":"96","nodeType":"n8n-nodes-base.googleSheets","nodeName":"Google Sheets31"}}
{"__type":"$$EventMessageConfirm","confirm":"d9b70116-5f13-4e71-8a9d-02f93d715a60","ts":"2025-02-22T15:33:20.175+07:00","source":{"id":"0","name":"eventBus"}}
{"__type":"$$EventMessageNode","id":"45d99cf1-2b85-411a-bb0e-597248f347ba","ts":"2025-02-22T15:33:20.176+07:00","eventName":"n8n.node.started","message":"n8n.node.started","payload":{"workflowId":"pSOtbw0jo3eyLIf8","workflowName":"My workflow","executionId":"96","nodeType":"n8n-nodes-base.httpRequest","nodeName":"HTTP Request18"}}
{"__type":"$$EventMessageConfirm","confirm":"45d99cf1-2b85-411a-bb0e-597248f347ba","ts":"2025-02-22T15:33:20.176+07:00","source":{"id":"0","name":"eventBus"}}
{"__type":"$$EventMessageNode","id":"b974a340-334e-4d98-a7b5-9688cef27533","ts":"2025-02-22T03:33:20.681-05:00","eventName":"n8n.node.finished","message":"n8n.node.finished","payload":{"workflowId":"pSOtbw0jo3eyLIf8","workflowName":"My workflow","executionId":"96","nodeType":"n8n-nodes-base.httpRequest","nodeName":"HTTP Request18"}}
{"__type":"$$EventMessageConfirm","confirm":"b974a340-334e-4d98-a7b5-9688cef27533","ts":"2025-02-22T03:33:20.681-05:00","source":{"id":"0","name":"eventBus"}}
{"__type":"$$EventMessageWorkflow","id":"b8988dd4-3e5b-492d-a35b-2783eb7c6df0","ts":"2025-02-22T03:33:20.689-05:00","eventName":"n8n.workflow.failed","message":"n8n.workflow.failed","payload":{"executionId":"96","userId":"24298978-0261-4a6e-b00f-9df70dc17535","success":false,"isManual":true,"workflowId":"pSOtbw0jo3eyLIf8","workflowName":"My workflow","lastNodeExecuted":"HTTP Request18","errorNodeType":"n8n-nodes-base.httpRequest","errorMessage":"Method not allowed - please check you are using the right HTTP method"}}
{"__type":"$$EventMessageConfirm","confirm":"b8988dd4-3e5b-492d-a35b-2783eb7c6df0","ts":"2025-02-22T03:33:20.689-05:00","source":{"id":"0","name":"eventBus"}}
{"__type":"$$EventMessageWorkflow","id":"c4982bd2-bd56-4a9d-96fd-138a93bccb45","ts":"2025-02-22T03:33:39.360-05:00","eventName":"n8n.workflow.started","message":"n8n.workflow.started","payload":{"executionId":"97","workflowId":"pSOtbw0jo3eyLIf8","isManual":false,"workflowName":"My workflow"}}
{"__type":"$$EventMessageConfirm","confirm":"c4982bd2-bd56-4a9d-96fd-138a93bccb45","ts":"2025-02-22T03:33:39.360-05:00","source":{"id":"0","name":"eventBus"}}
{"__type":"$$EventMessageNode","id":"6bea7055-ca91-4521-88de-788fa1659117","ts":"2025-02-22T03:33:39.360-05:00","eventName":"n8n.node.started","message":"n8n.node.started","payload":{"workflowId":"pSOtbw0jo3eyLIf8","workflowName":"My workflow","executionId":"97","nodeType":"n8n-nodes-base.manualTrigger","nodeName":"When clicking ‘Test workflow’"}}
{"__type":"$$EventMessageConfirm","confirm":"6bea7055-ca91-4521-88de-788fa1659117","ts":"2025-02-22T03:33:39.360-05:00","source":{"id":"0","name":"eventBus"}}
{"__type":"$$EventMessageNode","id":"16fbfd2a-abe2-4d58-9579-65aa79710fda","ts":"2025-02-22T03:33:39.361-05:00","eventName":"n8n.node.finished","message":"n8n.node.finished","payload":{"workflowId":"pSOtbw0jo3eyLIf8","workflowName":"My workflow","executionId":"97","nodeType":"n8n-nodes-base.manualTrigger","nodeName":"When clicking ‘Test workflow’"}}
{"__type":"$$EventMessageConfirm","confirm":"16fbfd2a-abe2-4d58-9579-65aa79710fda","ts":"2025-02-22T03:33:39.361-05:00","source":{"id":"0","name":"eventBus"}}
{"__type":"$$EventMessageNode","id":"ecf1a119-7cee-4ba6-913d-b09c287d2fea","ts":"2025-02-22T03:33:39.362-05:00","eventName":"n8n.node.started","message":"n8n.node.started","payload":{"workflowId":"pSOtbw0jo3eyLIf8","workflowName":"My workflow","executionId":"97","nodeType":"n8n-nodes-base.googleSheets","nodeName":"Google Sheets31"}}
{"__type":"$$EventMessageConfirm","confirm":"ecf1a119-7cee-4ba6-913d-b09c287d2fea","ts":"2025-02-22T03:33:39.362-05:00","source":{"id":"0","name":"eventBus"}}
{"__type":"$$EventMessageNode","id":"477cf00d-bb39-402f-903f-e831abea3b78","ts":"2025-02-22T03:33:40.265-05:00","eventName":"n8n.node.finished","message":"n8n.node.finished","payload":{"workflowId":"pSOtbw0jo3eyLIf8","workflowName":"My workflow","executionId":"97","nodeType":"n8n-nodes-base.googleSheets","nodeName":"Google Sheets31"}}
{"__type":"$$EventMessageConfirm","confirm":"477cf00d-bb39-402f-903f-e831abea3b78","ts":"2025-02-22T03:33:40.265-05:00","source":{"id":"0","name":"eventBus"}}
{"__type":"$$EventMessageNode","id":"9efd1415-e638-4f04-b29e-3d1107910447","ts":"2025-02-22T03:33:40.267-05:00","eventName":"n8n.node.started","message":"n8n.node.started","payload":{"workflowId":"pSOtbw0jo3eyLIf8","workflowName":"My workflow","executionId":"97","nodeType":"n8n-nodes-base.httpRequest","nodeName":"HTTP Request18"}}
{"__type":"$$EventMessageConfirm","confirm":"9efd1415-e638-4f04-b29e-3d1107910447","ts":"2025-02-22T03:33:40.267-05:00","source":{"id":"0","name":"eventBus"}}
{"__type":"$$EventMessageNode","id":"36ae5d8e-7d9f-4889-9cb2-e31fda009b89","ts":"2025-02-22T03:33:45.207-05:00","eventName":"n8n.node.finished","message":"n8n.node.finished","payload":{"workflowId":"pSOtbw0jo3eyLIf8","workflowName":"My workflow","executionId":"97","nodeType":"n8n-nodes-base.httpRequest","nodeName":"HTTP Request18"}}
{"__type":"$$EventMessageConfirm","confirm":"36ae5d8e-7d9f-4889-9cb2-e31fda009b89","ts":"2025-02-22T03:33:45.207-05:00","source":{"id":"0","name":"eventBus"}}
{"__type":"$$EventMessageWorkflow","id":"655f29b6-8ce3-47a7-8172-16c06038d6a9","ts":"2025-02-22T03:33:45.215-05:00","eventName":"n8n.workflow.success","message":"n8n.workflow.success","payload":{"executionId":"97","userId":"24298978-0261-4a6e-b00f-9df70dc17535","success":true,"isManual":true,"workflowId":"pSOtbw0jo3eyLIf8","workflowName":"My workflow"}}
{"__type":"$$EventMessageConfirm","confirm":"655f29b6-8ce3-47a7-8172-16c06038d6a9","ts":"2025-02-22T03:33:45.215-05:00","source":{"id":"0","name":"eventBus"}}
{"__type":"$$EventMessageAudit","id":"2187b452-7c29-46fd-adea-04fc28973740","ts":"2025-02-22T03:33:45.270-05:00","eventName":"n8n.audit.workflow.updated","message":"n8n.audit.workflow.updated","payload":{"userId":"24298978-0261-4a6e-b00f-9df70dc17535","_email":"nguyenduccanh1523@gmail.com","_firstName":"ca","_lastName":"canh","globalRole":"global:owner","workflowId":"pSOtbw0jo3eyLIf8","workflowName":"My workflow"}}
{"__type":"$$EventMessageConfirm","confirm":"2187b452-7c29-46fd-adea-04fc28973740","ts":"2025-02-22T03:33:45.270-05:00","source":{"id":"0","name":"eventBus"}}
