{"__type":"$$EventMessageAudit","id":"d7078c6c-ec5d-48d5-8b85-ea3ba8482c22","ts":"2025-04-18T11:08:58.673+07:00","eventName":"n8n.audit.user.login.failed","message":"n8n.audit.user.login.failed","payload":{"authenticationMethod":"email","userEmail":"nguyenduccanh1523@gmail.com","reason":"wrong credentials"}}
{"__type":"$$EventMessageConfirm","confirm":"d7078c6c-ec5d-48d5-8b85-ea3ba8482c22","ts":"2025-04-18T11:08:58.674+07:00","source":{"id":"0","name":"eventBus"}}
{"__type":"$$EventMessageAudit","id":"297b5a3f-f56f-45b9-a1a7-9619f5e2d80d","ts":"2025-04-18T11:09:04.356+07:00","eventName":"n8n.audit.user.login.success","message":"n8n.audit.user.login.success","payload":{"userId":"a5b2e2ef-4238-4704-8283-612e195f2569","_email":"nguyenduccanh1523@gmail.com","_firstName":"canh","_lastName":"canh","globalRole":"global:owner","authenticationMethod":"email"}}
{"__type":"$$EventMessageConfirm","confirm":"297b5a3f-f56f-45b9-a1a7-9619f5e2d80d","ts":"2025-04-18T11:09:04.357+07:00","source":{"id":"0","name":"eventBus"}}
{"__type":"$$EventMessageAudit","id":"c9223f5d-2949-4ed4-81a0-eeb711a48063","ts":"2025-04-18T11:13:41.722+07:00","eventName":"n8n.audit.workflow.created","message":"n8n.audit.workflow.created","payload":{"userId":"a5b2e2ef-4238-4704-8283-612e195f2569","_email":"nguyenduccanh1523@gmail.com","_firstName":"canh","_lastName":"canh","globalRole":"global:owner","workflowId":"9BX3IYpL7ow00y9K","workflowName":"My workflow"}}
{"__type":"$$EventMessageConfirm","confirm":"c9223f5d-2949-4ed4-81a0-eeb711a48063","ts":"2025-04-18T11:13:41.722+07:00","source":{"id":"0","name":"eventBus"}}
{"__type":"$$EventMessageAudit","id":"19e6c34c-85b9-4290-bf57-3136a49075c6","ts":"2025-04-18T11:22:44.169+07:00","eventName":"n8n.audit.user.credentials.created","message":"n8n.audit.user.credentials.created","payload":{"userId":"a5b2e2ef-4238-4704-8283-612e195f2569","_email":"nguyenduccanh1523@gmail.com","_firstName":"canh","_lastName":"canh","globalRole":"global:owner","credentialType":"googleSheetsOAuth2Api","credentialId":"pnPW2pjdwZ9Kaeqe","publicApi":false,"projectId":"ijM2POgB30oJ8Prd","projectType":"personal"}}
{"__type":"$$EventMessageConfirm","confirm":"19e6c34c-85b9-4290-bf57-3136a49075c6","ts":"2025-04-18T11:22:44.169+07:00","source":{"id":"0","name":"eventBus"}}
{"__type":"$$EventMessageAudit","id":"cb1cca4d-0c0c-4cf2-b906-329af0c916ab","ts":"2025-04-18T11:22:45.100+07:00","eventName":"n8n.audit.user.credentials.updated","message":"n8n.audit.user.credentials.updated","payload":{"userId":"a5b2e2ef-4238-4704-8283-612e195f2569","_email":"nguyenduccanh1523@gmail.com","_firstName":"canh","_lastName":"canh","globalRole":"global:owner","credentialType":"googleSheetsOAuth2Api","credentialId":"pnPW2pjdwZ9Kaeqe"}}
{"__type":"$$EventMessageConfirm","confirm":"cb1cca4d-0c0c-4cf2-b906-329af0c916ab","ts":"2025-04-18T11:22:45.100+07:00","source":{"id":"0","name":"eventBus"}}
{"__type":"$$EventMessageWorkflow","id":"4095eeb5-a2fa-4c57-b226-5be44da348ae","ts":"2025-04-18T11:27:02.174+07:00","eventName":"n8n.workflow.started","message":"n8n.workflow.started","payload":{"executionId":"1","workflowId":"9BX3IYpL7ow00y9K","isManual":false,"workflowName":"My workflow"}}
{"__type":"$$EventMessageConfirm","confirm":"4095eeb5-a2fa-4c57-b226-5be44da348ae","ts":"2025-04-18T11:27:02.174+07:00","source":{"id":"0","name":"eventBus"}}
{"__type":"$$EventMessageNode","id":"2ba8b104-8159-454a-81ef-4c3b486cdfc3","ts":"2025-04-18T11:27:02.176+07:00","eventName":"n8n.node.started","message":"n8n.node.started","payload":{"workflowId":"9BX3IYpL7ow00y9K","workflowName":"My workflow","executionId":"1","nodeType":"n8n-nodes-base.manualTrigger","nodeName":"When clicking ‘Test workflow’"}}
{"__type":"$$EventMessageConfirm","confirm":"2ba8b104-8159-454a-81ef-4c3b486cdfc3","ts":"2025-04-18T11:27:02.176+07:00","source":{"id":"0","name":"eventBus"}}
{"__type":"$$EventMessageNode","id":"7f88a62a-512d-4cfb-8baf-8e51d9bbb4c6","ts":"2025-04-18T11:27:02.181+07:00","eventName":"n8n.node.finished","message":"n8n.node.finished","payload":{"workflowId":"9BX3IYpL7ow00y9K","workflowName":"My workflow","executionId":"1","nodeType":"n8n-nodes-base.manualTrigger","nodeName":"When clicking ‘Test workflow’"}}
{"__type":"$$EventMessageConfirm","confirm":"7f88a62a-512d-4cfb-8baf-8e51d9bbb4c6","ts":"2025-04-18T11:27:02.181+07:00","source":{"id":"0","name":"eventBus"}}
{"__type":"$$EventMessageNode","id":"23402429-731b-475f-a21c-e98c352a13bb","ts":"2025-04-18T11:27:02.182+07:00","eventName":"n8n.node.started","message":"n8n.node.started","payload":{"workflowId":"9BX3IYpL7ow00y9K","workflowName":"My workflow","executionId":"1","nodeType":"n8n-nodes-base.googleSheets","nodeName":"Google Sheets"}}
{"__type":"$$EventMessageConfirm","confirm":"23402429-731b-475f-a21c-e98c352a13bb","ts":"2025-04-18T11:27:02.182+07:00","source":{"id":"0","name":"eventBus"}}
{"__type":"$$EventMessageNode","id":"2ef3935d-391a-4bcb-b459-7119a7441f97","ts":"2025-04-18T11:27:03.437+07:00","eventName":"n8n.node.finished","message":"n8n.node.finished","payload":{"workflowId":"9BX3IYpL7ow00y9K","workflowName":"My workflow","executionId":"1","nodeType":"n8n-nodes-base.googleSheets","nodeName":"Google Sheets"}}
{"__type":"$$EventMessageConfirm","confirm":"2ef3935d-391a-4bcb-b459-7119a7441f97","ts":"2025-04-18T11:27:03.437+07:00","source":{"id":"0","name":"eventBus"}}
{"__type":"$$EventMessageWorkflow","id":"0fc79196-3146-46b6-83b1-264cc50af1f5","ts":"2025-04-18T11:27:03.445+07:00","eventName":"n8n.workflow.success","message":"n8n.workflow.success","payload":{"executionId":"1","userId":"a5b2e2ef-4238-4704-8283-612e195f2569","success":true,"isManual":true,"workflowId":"9BX3IYpL7ow00y9K","workflowName":"My workflow"}}
{"__type":"$$EventMessageConfirm","confirm":"0fc79196-3146-46b6-83b1-264cc50af1f5","ts":"2025-04-18T11:27:03.445+07:00","source":{"id":"0","name":"eventBus"}}
{"__type":"$$EventMessageWorkflow","id":"cdf1624e-99a6-4b31-86b1-9336d03e3955","ts":"2025-04-18T11:39:04.360+07:00","eventName":"n8n.workflow.started","message":"n8n.workflow.started","payload":{"executionId":"2","workflowId":"9BX3IYpL7ow00y9K","isManual":false,"workflowName":"My workflow"}}
{"__type":"$$EventMessageConfirm","confirm":"cdf1624e-99a6-4b31-86b1-9336d03e3955","ts":"2025-04-18T11:39:04.360+07:00","source":{"id":"0","name":"eventBus"}}
{"__type":"$$EventMessageNode","id":"7d3e4c67-ec64-471f-8c16-7e4b03a3cc7d","ts":"2025-04-18T11:39:04.361+07:00","eventName":"n8n.node.started","message":"n8n.node.started","payload":{"workflowId":"9BX3IYpL7ow00y9K","workflowName":"My workflow","executionId":"2","nodeType":"n8n-nodes-base.manualTrigger","nodeName":"When clicking ‘Test workflow’"}}
{"__type":"$$EventMessageConfirm","confirm":"7d3e4c67-ec64-471f-8c16-7e4b03a3cc7d","ts":"2025-04-18T11:39:04.361+07:00","source":{"id":"0","name":"eventBus"}}
{"__type":"$$EventMessageNode","id":"f2812e1c-4105-406a-a6cd-fd4b3cb68822","ts":"2025-04-18T11:39:04.362+07:00","eventName":"n8n.node.finished","message":"n8n.node.finished","payload":{"workflowId":"9BX3IYpL7ow00y9K","workflowName":"My workflow","executionId":"2","nodeType":"n8n-nodes-base.manualTrigger","nodeName":"When clicking ‘Test workflow’"}}
{"__type":"$$EventMessageConfirm","confirm":"f2812e1c-4105-406a-a6cd-fd4b3cb68822","ts":"2025-04-18T11:39:04.362+07:00","source":{"id":"0","name":"eventBus"}}
{"__type":"$$EventMessageNode","id":"b0e7ee32-be94-47f6-b5a4-47bae5465bac","ts":"2025-04-18T11:39:04.362+07:00","eventName":"n8n.node.started","message":"n8n.node.started","payload":{"workflowId":"9BX3IYpL7ow00y9K","workflowName":"My workflow","executionId":"2","nodeType":"n8n-nodes-base.googleSheets","nodeName":"Google Sheets"}}
{"__type":"$$EventMessageConfirm","confirm":"b0e7ee32-be94-47f6-b5a4-47bae5465bac","ts":"2025-04-18T11:39:04.363+07:00","source":{"id":"0","name":"eventBus"}}
{"__type":"$$EventMessageNode","id":"2737b2c3-ce89-49f3-b24b-397e4d7c6c97","ts":"2025-04-18T11:39:05.434+07:00","eventName":"n8n.node.finished","message":"n8n.node.finished","payload":{"workflowId":"9BX3IYpL7ow00y9K","workflowName":"My workflow","executionId":"2","nodeType":"n8n-nodes-base.googleSheets","nodeName":"Google Sheets"}}
{"__type":"$$EventMessageConfirm","confirm":"2737b2c3-ce89-49f3-b24b-397e4d7c6c97","ts":"2025-04-18T11:39:05.435+07:00","source":{"id":"0","name":"eventBus"}}
{"__type":"$$EventMessageWorkflow","id":"f54ce36f-5111-45c7-a95f-f483d68ab6c9","ts":"2025-04-18T11:39:05.438+07:00","eventName":"n8n.workflow.success","message":"n8n.workflow.success","payload":{"executionId":"2","userId":"a5b2e2ef-4238-4704-8283-612e195f2569","success":true,"isManual":true,"workflowId":"9BX3IYpL7ow00y9K","workflowName":"My workflow"}}
{"__type":"$$EventMessageConfirm","confirm":"f54ce36f-5111-45c7-a95f-f483d68ab6c9","ts":"2025-04-18T11:39:05.438+07:00","source":{"id":"0","name":"eventBus"}}
{"__type":"$$EventMessageAudit","id":"905f3185-537a-485a-8118-e6c0a04ffc1e","ts":"2025-04-18T11:40:05.777+07:00","eventName":"n8n.audit.workflow.updated","message":"n8n.audit.workflow.updated","payload":{"userId":"a5b2e2ef-4238-4704-8283-612e195f2569","_email":"nguyenduccanh1523@gmail.com","_firstName":"canh","_lastName":"canh","globalRole":"global:owner","workflowId":"9BX3IYpL7ow00y9K","workflowName":"My workflow"}}
{"__type":"$$EventMessageConfirm","confirm":"905f3185-537a-485a-8118-e6c0a04ffc1e","ts":"2025-04-18T11:40:05.777+07:00","source":{"id":"0","name":"eventBus"}}
{"__type":"$$EventMessageWorkflow","id":"fde34c19-581e-4ae2-8576-24ea59cf7281","ts":"2025-04-18T11:40:08.553+07:00","eventName":"n8n.workflow.started","message":"n8n.workflow.started","payload":{"executionId":"3","workflowId":"9BX3IYpL7ow00y9K","isManual":false,"workflowName":"My workflow"}}
{"__type":"$$EventMessageConfirm","confirm":"fde34c19-581e-4ae2-8576-24ea59cf7281","ts":"2025-04-18T11:40:08.553+07:00","source":{"id":"0","name":"eventBus"}}
{"__type":"$$EventMessageNode","id":"4cb20b12-375f-4f3a-a366-9ab350185f9f","ts":"2025-04-18T11:40:08.554+07:00","eventName":"n8n.node.started","message":"n8n.node.started","payload":{"workflowId":"9BX3IYpL7ow00y9K","workflowName":"My workflow","executionId":"3","nodeType":"n8n-nodes-base.manualTrigger","nodeName":"When clicking ‘Test workflow’"}}
{"__type":"$$EventMessageConfirm","confirm":"4cb20b12-375f-4f3a-a366-9ab350185f9f","ts":"2025-04-18T11:40:08.554+07:00","source":{"id":"0","name":"eventBus"}}
{"__type":"$$EventMessageNode","id":"c470aac6-0306-4365-9b96-efea5375bed9","ts":"2025-04-18T11:40:08.556+07:00","eventName":"n8n.node.finished","message":"n8n.node.finished","payload":{"workflowId":"9BX3IYpL7ow00y9K","workflowName":"My workflow","executionId":"3","nodeType":"n8n-nodes-base.manualTrigger","nodeName":"When clicking ‘Test workflow’"}}
{"__type":"$$EventMessageConfirm","confirm":"c470aac6-0306-4365-9b96-efea5375bed9","ts":"2025-04-18T11:40:08.556+07:00","source":{"id":"0","name":"eventBus"}}
{"__type":"$$EventMessageNode","id":"6b757f34-5563-434f-ab67-dded807025ba","ts":"2025-04-18T11:40:08.556+07:00","eventName":"n8n.node.started","message":"n8n.node.started","payload":{"workflowId":"9BX3IYpL7ow00y9K","workflowName":"My workflow","executionId":"3","nodeType":"n8n-nodes-base.googleSheets","nodeName":"Google Sheets"}}
{"__type":"$$EventMessageConfirm","confirm":"6b757f34-5563-434f-ab67-dded807025ba","ts":"2025-04-18T11:40:08.556+07:00","source":{"id":"0","name":"eventBus"}}
{"__type":"$$EventMessageNode","id":"b9e01f6e-f386-4007-8e39-c0e78a147213","ts":"2025-04-18T11:40:09.802+07:00","eventName":"n8n.node.finished","message":"n8n.node.finished","payload":{"workflowId":"9BX3IYpL7ow00y9K","workflowName":"My workflow","executionId":"3","nodeType":"n8n-nodes-base.googleSheets","nodeName":"Google Sheets"}}
{"__type":"$$EventMessageConfirm","confirm":"b9e01f6e-f386-4007-8e39-c0e78a147213","ts":"2025-04-18T11:40:09.802+07:00","source":{"id":"0","name":"eventBus"}}
{"__type":"$$EventMessageNode","id":"70f9d7de-4e07-45ed-ba83-aa06f5e13ff4","ts":"2025-04-18T11:40:09.802+07:00","eventName":"n8n.node.started","message":"n8n.node.started","payload":{"workflowId":"9BX3IYpL7ow00y9K","workflowName":"My workflow","executionId":"3","nodeType":"n8n-nodes-base.httpRequest","nodeName":"HTTP Request"}}
{"__type":"$$EventMessageConfirm","confirm":"70f9d7de-4e07-45ed-ba83-aa06f5e13ff4","ts":"2025-04-18T11:40:09.803+07:00","source":{"id":"0","name":"eventBus"}}
{"__type":"$$EventMessageNode","id":"f910afd1-5153-4ce8-9374-174e739a2998","ts":"2025-04-18T00:40:10.763-04:00","eventName":"n8n.node.finished","message":"n8n.node.finished","payload":{"workflowId":"9BX3IYpL7ow00y9K","workflowName":"My workflow","executionId":"3","nodeType":"n8n-nodes-base.httpRequest","nodeName":"HTTP Request"}}
{"__type":"$$EventMessageConfirm","confirm":"f910afd1-5153-4ce8-9374-174e739a2998","ts":"2025-04-18T00:40:10.763-04:00","source":{"id":"0","name":"eventBus"}}
{"__type":"$$EventMessageWorkflow","id":"2dee5ead-1f43-4630-9d19-a9e817f69e96","ts":"2025-04-18T00:40:10.766-04:00","eventName":"n8n.workflow.success","message":"n8n.workflow.success","payload":{"executionId":"3","userId":"a5b2e2ef-4238-4704-8283-612e195f2569","success":true,"isManual":true,"workflowId":"9BX3IYpL7ow00y9K","workflowName":"My workflow"}}
{"__type":"$$EventMessageConfirm","confirm":"2dee5ead-1f43-4630-9d19-a9e817f69e96","ts":"2025-04-18T00:40:10.766-04:00","source":{"id":"0","name":"eventBus"}}
{"__type":"$$EventMessageAudit","id":"8f697e6f-6a26-421f-a77c-1d07b875383b","ts":"2025-04-18T00:40:39.154-04:00","eventName":"n8n.audit.workflow.updated","message":"n8n.audit.workflow.updated","payload":{"userId":"a5b2e2ef-4238-4704-8283-612e195f2569","_email":"nguyenduccanh1523@gmail.com","_firstName":"canh","_lastName":"canh","globalRole":"global:owner","workflowId":"9BX3IYpL7ow00y9K","workflowName":"wf socials"}}
{"__type":"$$EventMessageConfirm","confirm":"8f697e6f-6a26-421f-a77c-1d07b875383b","ts":"2025-04-18T00:40:39.154-04:00","source":{"id":"0","name":"eventBus"}}
{"__type":"$$EventMessageAudit","id":"5eac1567-0af0-4034-88b2-414e887286eb","ts":"2025-04-18T00:40:55.890-04:00","eventName":"n8n.audit.workflow.updated","message":"n8n.audit.workflow.updated","payload":{"userId":"a5b2e2ef-4238-4704-8283-612e195f2569","_email":"nguyenduccanh1523@gmail.com","_firstName":"canh","_lastName":"canh","globalRole":"global:owner","workflowId":"9BX3IYpL7ow00y9K","workflowName":"wf socials"}}
{"__type":"$$EventMessageConfirm","confirm":"5eac1567-0af0-4034-88b2-414e887286eb","ts":"2025-04-18T00:40:55.890-04:00","source":{"id":"0","name":"eventBus"}}
{"__type":"$$EventMessageAudit","id":"431fcd6c-10ad-48e4-86a4-1669778c3db4","ts":"2025-04-18T00:43:26.421-04:00","eventName":"n8n.audit.workflow.updated","message":"n8n.audit.workflow.updated","payload":{"userId":"a5b2e2ef-4238-4704-8283-612e195f2569","_email":"nguyenduccanh1523@gmail.com","_firstName":"canh","_lastName":"canh","globalRole":"global:owner","workflowId":"9BX3IYpL7ow00y9K","workflowName":"wf socials"}}
{"__type":"$$EventMessageConfirm","confirm":"431fcd6c-10ad-48e4-86a4-1669778c3db4","ts":"2025-04-18T00:43:26.421-04:00","source":{"id":"0","name":"eventBus"}}
{"__type":"$$EventMessageAudit","id":"b8933c2c-2357-4881-baa5-52b05aca15df","ts":"2025-04-18T00:43:51.229-04:00","eventName":"n8n.audit.workflow.updated","message":"n8n.audit.workflow.updated","payload":{"userId":"a5b2e2ef-4238-4704-8283-612e195f2569","_email":"nguyenduccanh1523@gmail.com","_firstName":"canh","_lastName":"canh","globalRole":"global:owner","workflowId":"9BX3IYpL7ow00y9K","workflowName":"wf socials"}}
{"__type":"$$EventMessageConfirm","confirm":"b8933c2c-2357-4881-baa5-52b05aca15df","ts":"2025-04-18T00:43:51.229-04:00","source":{"id":"0","name":"eventBus"}}
{"__type":"$$EventMessageAudit","id":"05c1afea-36ad-4db6-b211-0b97d28980f8","ts":"2025-04-18T00:44:44.383-04:00","eventName":"n8n.audit.workflow.updated","message":"n8n.audit.workflow.updated","payload":{"userId":"a5b2e2ef-4238-4704-8283-612e195f2569","_email":"nguyenduccanh1523@gmail.com","_firstName":"canh","_lastName":"canh","globalRole":"global:owner","workflowId":"9BX3IYpL7ow00y9K","workflowName":"wf socials"}}
{"__type":"$$EventMessageConfirm","confirm":"05c1afea-36ad-4db6-b211-0b97d28980f8","ts":"2025-04-18T00:44:44.383-04:00","source":{"id":"0","name":"eventBus"}}
{"__type":"$$EventMessageAudit","id":"369253a3-b1ec-4575-84b0-66c349f9b51a","ts":"2025-04-18T00:46:06.698-04:00","eventName":"n8n.audit.workflow.updated","message":"n8n.audit.workflow.updated","payload":{"userId":"a5b2e2ef-4238-4704-8283-612e195f2569","_email":"nguyenduccanh1523@gmail.com","_firstName":"canh","_lastName":"canh","globalRole":"global:owner","workflowId":"9BX3IYpL7ow00y9K","workflowName":"wf socials"}}
{"__type":"$$EventMessageConfirm","confirm":"369253a3-b1ec-4575-84b0-66c349f9b51a","ts":"2025-04-18T00:46:06.698-04:00","source":{"id":"0","name":"eventBus"}}
{"__type":"$$EventMessageAudit","id":"4345d082-2226-49a1-9484-22d92ac809e5","ts":"2025-04-18T00:48:31.204-04:00","eventName":"n8n.audit.workflow.updated","message":"n8n.audit.workflow.updated","payload":{"userId":"a5b2e2ef-4238-4704-8283-612e195f2569","_email":"nguyenduccanh1523@gmail.com","_firstName":"canh","_lastName":"canh","globalRole":"global:owner","workflowId":"9BX3IYpL7ow00y9K","workflowName":"wf socials"}}
{"__type":"$$EventMessageConfirm","confirm":"4345d082-2226-49a1-9484-22d92ac809e5","ts":"2025-04-18T00:48:31.205-04:00","source":{"id":"0","name":"eventBus"}}
{"__type":"$$EventMessageWorkflow","id":"79ade395-0831-491f-b842-5d3554b017b4","ts":"2025-04-18T00:48:32.028-04:00","eventName":"n8n.workflow.started","message":"n8n.workflow.started","payload":{"executionId":"4","workflowId":"9BX3IYpL7ow00y9K","isManual":false,"workflowName":"wf socials"}}
{"__type":"$$EventMessageConfirm","confirm":"79ade395-0831-491f-b842-5d3554b017b4","ts":"2025-04-18T00:48:32.028-04:00","source":{"id":"0","name":"eventBus"}}
{"__type":"$$EventMessageNode","id":"b2080547-a0f7-4acb-8532-efaf9b11332b","ts":"2025-04-18T00:48:32.029-04:00","eventName":"n8n.node.started","message":"n8n.node.started","payload":{"workflowId":"9BX3IYpL7ow00y9K","workflowName":"wf socials","executionId":"4","nodeType":"n8n-nodes-base.manualTrigger","nodeName":"When clicking ‘Test workflow’"}}
{"__type":"$$EventMessageConfirm","confirm":"b2080547-a0f7-4acb-8532-efaf9b11332b","ts":"2025-04-18T00:48:32.029-04:00","source":{"id":"0","name":"eventBus"}}
{"__type":"$$EventMessageNode","id":"cee7ff0e-d1d3-459a-b8b4-d52bc94f0d7d","ts":"2025-04-18T00:48:32.032-04:00","eventName":"n8n.node.finished","message":"n8n.node.finished","payload":{"workflowId":"9BX3IYpL7ow00y9K","workflowName":"wf socials","executionId":"4","nodeType":"n8n-nodes-base.manualTrigger","nodeName":"When clicking ‘Test workflow’"}}
{"__type":"$$EventMessageConfirm","confirm":"cee7ff0e-d1d3-459a-b8b4-d52bc94f0d7d","ts":"2025-04-18T00:48:32.032-04:00","source":{"id":"0","name":"eventBus"}}
{"__type":"$$EventMessageNode","id":"a0cbae8d-02c3-49ba-92d2-6f03163bc223","ts":"2025-04-18T00:48:32.033-04:00","eventName":"n8n.node.started","message":"n8n.node.started","payload":{"workflowId":"9BX3IYpL7ow00y9K","workflowName":"wf socials","executionId":"4","nodeType":"n8n-nodes-base.googleSheets","nodeName":"Google Sheets2"}}
{"__type":"$$EventMessageConfirm","confirm":"a0cbae8d-02c3-49ba-92d2-6f03163bc223","ts":"2025-04-18T00:48:32.033-04:00","source":{"id":"0","name":"eventBus"}}
{"__type":"$$EventMessageNode","id":"c3b4be4d-cb69-414a-8dbe-9ea6d7cc73e0","ts":"2025-04-18T00:48:33.397-04:00","eventName":"n8n.node.finished","message":"n8n.node.finished","payload":{"workflowId":"9BX3IYpL7ow00y9K","workflowName":"wf socials","executionId":"4","nodeType":"n8n-nodes-base.googleSheets","nodeName":"Google Sheets2"}}
{"__type":"$$EventMessageConfirm","confirm":"c3b4be4d-cb69-414a-8dbe-9ea6d7cc73e0","ts":"2025-04-18T00:48:33.398-04:00","source":{"id":"0","name":"eventBus"}}
{"__type":"$$EventMessageNode","id":"4a36ce3d-89a1-4b7f-85eb-2ebd8f3a3af0","ts":"2025-04-18T00:48:33.400-04:00","eventName":"n8n.node.started","message":"n8n.node.started","payload":{"workflowId":"9BX3IYpL7ow00y9K","workflowName":"wf socials","executionId":"4","nodeType":"n8n-nodes-base.googleSheets","nodeName":"Google Sheets3"}}
{"__type":"$$EventMessageConfirm","confirm":"4a36ce3d-89a1-4b7f-85eb-2ebd8f3a3af0","ts":"2025-04-18T00:48:33.400-04:00","source":{"id":"0","name":"eventBus"}}
{"__type":"$$EventMessageNode","id":"a0ec28ed-413e-4d36-826e-732fbbcea8ff","ts":"2025-04-18T00:48:34.504-04:00","eventName":"n8n.node.finished","message":"n8n.node.finished","payload":{"workflowId":"9BX3IYpL7ow00y9K","workflowName":"wf socials","executionId":"4","nodeType":"n8n-nodes-base.googleSheets","nodeName":"Google Sheets3"}}
{"__type":"$$EventMessageConfirm","confirm":"a0ec28ed-413e-4d36-826e-732fbbcea8ff","ts":"2025-04-18T00:48:34.504-04:00","source":{"id":"0","name":"eventBus"}}
{"__type":"$$EventMessageNode","id":"a722a20e-3d42-4184-b6a0-bdbb37172176","ts":"2025-04-18T00:48:34.506-04:00","eventName":"n8n.node.started","message":"n8n.node.started","payload":{"workflowId":"9BX3IYpL7ow00y9K","workflowName":"wf socials","executionId":"4","nodeType":"n8n-nodes-base.googleSheets","nodeName":"Google Sheets4"}}
{"__type":"$$EventMessageConfirm","confirm":"a722a20e-3d42-4184-b6a0-bdbb37172176","ts":"2025-04-18T00:48:34.506-04:00","source":{"id":"0","name":"eventBus"}}
{"__type":"$$EventMessageNode","id":"2ce792e8-445e-4d26-a037-bc598e3d5a45","ts":"2025-04-18T00:48:35.575-04:00","eventName":"n8n.node.finished","message":"n8n.node.finished","payload":{"workflowId":"9BX3IYpL7ow00y9K","workflowName":"wf socials","executionId":"4","nodeType":"n8n-nodes-base.googleSheets","nodeName":"Google Sheets4"}}
{"__type":"$$EventMessageConfirm","confirm":"2ce792e8-445e-4d26-a037-bc598e3d5a45","ts":"2025-04-18T00:48:35.575-04:00","source":{"id":"0","name":"eventBus"}}
{"__type":"$$EventMessageNode","id":"50a83ae1-de42-4893-b21e-dbe901f261c5","ts":"2025-04-18T00:48:35.577-04:00","eventName":"n8n.node.started","message":"n8n.node.started","payload":{"workflowId":"9BX3IYpL7ow00y9K","workflowName":"wf socials","executionId":"4","nodeType":"n8n-nodes-base.googleSheets","nodeName":"Google Sheets5"}}
{"__type":"$$EventMessageConfirm","confirm":"50a83ae1-de42-4893-b21e-dbe901f261c5","ts":"2025-04-18T00:48:35.577-04:00","source":{"id":"0","name":"eventBus"}}
{"__type":"$$EventMessageNode","id":"a6360752-32aa-454b-b5e9-a7ec1e85b7c1","ts":"2025-04-18T00:48:36.733-04:00","eventName":"n8n.node.finished","message":"n8n.node.finished","payload":{"workflowId":"9BX3IYpL7ow00y9K","workflowName":"wf socials","executionId":"4","nodeType":"n8n-nodes-base.googleSheets","nodeName":"Google Sheets5"}}
{"__type":"$$EventMessageConfirm","confirm":"a6360752-32aa-454b-b5e9-a7ec1e85b7c1","ts":"2025-04-18T00:48:36.733-04:00","source":{"id":"0","name":"eventBus"}}
{"__type":"$$EventMessageNode","id":"e22cf987-616c-481b-a2eb-91c0c9f54d82","ts":"2025-04-18T00:48:36.735-04:00","eventName":"n8n.node.started","message":"n8n.node.started","payload":{"workflowId":"9BX3IYpL7ow00y9K","workflowName":"wf socials","executionId":"4","nodeType":"n8n-nodes-base.googleSheets","nodeName":"Google Sheets6"}}
{"__type":"$$EventMessageConfirm","confirm":"e22cf987-616c-481b-a2eb-91c0c9f54d82","ts":"2025-04-18T00:48:36.735-04:00","source":{"id":"0","name":"eventBus"}}
{"__type":"$$EventMessageNode","id":"011a3af4-4711-496c-9068-270184a72468","ts":"2025-04-18T00:48:37.765-04:00","eventName":"n8n.node.finished","message":"n8n.node.finished","payload":{"workflowId":"9BX3IYpL7ow00y9K","workflowName":"wf socials","executionId":"4","nodeType":"n8n-nodes-base.googleSheets","nodeName":"Google Sheets6"}}
{"__type":"$$EventMessageConfirm","confirm":"011a3af4-4711-496c-9068-270184a72468","ts":"2025-04-18T00:48:37.766-04:00","source":{"id":"0","name":"eventBus"}}
{"__type":"$$EventMessageNode","id":"289e78a7-0073-4705-9d4b-bafe041f9a8d","ts":"2025-04-18T00:48:37.768-04:00","eventName":"n8n.node.started","message":"n8n.node.started","payload":{"workflowId":"9BX3IYpL7ow00y9K","workflowName":"wf socials","executionId":"4","nodeType":"n8n-nodes-base.googleSheets","nodeName":"Google Sheets7"}}
{"__type":"$$EventMessageConfirm","confirm":"289e78a7-0073-4705-9d4b-bafe041f9a8d","ts":"2025-04-18T00:48:37.768-04:00","source":{"id":"0","name":"eventBus"}}
{"__type":"$$EventMessageNode","id":"b92b20a3-4dd8-498c-a3d5-3a426d91938d","ts":"2025-04-18T00:48:38.855-04:00","eventName":"n8n.node.finished","message":"n8n.node.finished","payload":{"workflowId":"9BX3IYpL7ow00y9K","workflowName":"wf socials","executionId":"4","nodeType":"n8n-nodes-base.googleSheets","nodeName":"Google Sheets7"}}
{"__type":"$$EventMessageConfirm","confirm":"b92b20a3-4dd8-498c-a3d5-3a426d91938d","ts":"2025-04-18T00:48:38.855-04:00","source":{"id":"0","name":"eventBus"}}
{"__type":"$$EventMessageNode","id":"2472b8d1-04b5-4c0b-88e9-27f3f9d7933b","ts":"2025-04-18T00:48:38.857-04:00","eventName":"n8n.node.started","message":"n8n.node.started","payload":{"workflowId":"9BX3IYpL7ow00y9K","workflowName":"wf socials","executionId":"4","nodeType":"n8n-nodes-base.googleSheets","nodeName":"Google Sheets9"}}
{"__type":"$$EventMessageConfirm","confirm":"2472b8d1-04b5-4c0b-88e9-27f3f9d7933b","ts":"2025-04-18T00:48:38.858-04:00","source":{"id":"0","name":"eventBus"}}
{"__type":"$$EventMessageNode","id":"9ecaeff4-9c3c-4163-9adc-fc0b19388811","ts":"2025-04-18T00:48:39.972-04:00","eventName":"n8n.node.finished","message":"n8n.node.finished","payload":{"workflowId":"9BX3IYpL7ow00y9K","workflowName":"wf socials","executionId":"4","nodeType":"n8n-nodes-base.googleSheets","nodeName":"Google Sheets9"}}
{"__type":"$$EventMessageConfirm","confirm":"9ecaeff4-9c3c-4163-9adc-fc0b19388811","ts":"2025-04-18T00:48:39.973-04:00","source":{"id":"0","name":"eventBus"}}
{"__type":"$$EventMessageNode","id":"dd14e3f4-27e2-426e-9bae-17ba9b731ac2","ts":"2025-04-18T00:48:39.974-04:00","eventName":"n8n.node.started","message":"n8n.node.started","payload":{"workflowId":"9BX3IYpL7ow00y9K","workflowName":"wf socials","executionId":"4","nodeType":"n8n-nodes-base.googleSheets","nodeName":"Google Sheets10"}}
{"__type":"$$EventMessageConfirm","confirm":"dd14e3f4-27e2-426e-9bae-17ba9b731ac2","ts":"2025-04-18T00:48:39.975-04:00","source":{"id":"0","name":"eventBus"}}
{"__type":"$$EventMessageNode","id":"eb4f5500-2110-4c3a-8164-1c78c3a0ef24","ts":"2025-04-18T00:48:41.240-04:00","eventName":"n8n.node.finished","message":"n8n.node.finished","payload":{"workflowId":"9BX3IYpL7ow00y9K","workflowName":"wf socials","executionId":"4","nodeType":"n8n-nodes-base.googleSheets","nodeName":"Google Sheets10"}}
{"__type":"$$EventMessageConfirm","confirm":"eb4f5500-2110-4c3a-8164-1c78c3a0ef24","ts":"2025-04-18T00:48:41.240-04:00","source":{"id":"0","name":"eventBus"}}
{"__type":"$$EventMessageWorkflow","id":"3b1a6d74-1c34-4fe2-a0f6-eaa736e6d62b","ts":"2025-04-18T00:48:41.247-04:00","eventName":"n8n.workflow.success","message":"n8n.workflow.success","payload":{"executionId":"4","userId":"a5b2e2ef-4238-4704-8283-612e195f2569","success":true,"isManual":true,"workflowId":"9BX3IYpL7ow00y9K","workflowName":"wf socials"}}
{"__type":"$$EventMessageConfirm","confirm":"3b1a6d74-1c34-4fe2-a0f6-eaa736e6d62b","ts":"2025-04-18T00:48:41.247-04:00","source":{"id":"0","name":"eventBus"}}
{"__type":"$$EventMessageAudit","id":"08e12161-f136-4db0-a747-3d5a531fd988","ts":"2025-04-18T00:51:39.765-04:00","eventName":"n8n.audit.workflow.updated","message":"n8n.audit.workflow.updated","payload":{"userId":"a5b2e2ef-4238-4704-8283-612e195f2569","_email":"nguyenduccanh1523@gmail.com","_firstName":"canh","_lastName":"canh","globalRole":"global:owner","workflowId":"9BX3IYpL7ow00y9K","workflowName":"wf socials"}}
{"__type":"$$EventMessageConfirm","confirm":"08e12161-f136-4db0-a747-3d5a531fd988","ts":"2025-04-18T00:51:39.765-04:00","source":{"id":"0","name":"eventBus"}}
{"__type":"$$EventMessageWorkflow","id":"23c134f0-895a-438b-825e-a346c45830c7","ts":"2025-04-18T00:51:40.323-04:00","eventName":"n8n.workflow.started","message":"n8n.workflow.started","payload":{"executionId":"5","workflowId":"9BX3IYpL7ow00y9K","isManual":false,"workflowName":"wf socials"}}
{"__type":"$$EventMessageConfirm","confirm":"23c134f0-895a-438b-825e-a346c45830c7","ts":"2025-04-18T00:51:40.323-04:00","source":{"id":"0","name":"eventBus"}}
{"__type":"$$EventMessageNode","id":"f3eb2e30-ba27-4c0e-a76f-7171e1599f23","ts":"2025-04-18T00:51:40.323-04:00","eventName":"n8n.node.started","message":"n8n.node.started","payload":{"workflowId":"9BX3IYpL7ow00y9K","workflowName":"wf socials","executionId":"5","nodeType":"n8n-nodes-base.manualTrigger","nodeName":"When clicking ‘Test workflow’"}}
{"__type":"$$EventMessageConfirm","confirm":"f3eb2e30-ba27-4c0e-a76f-7171e1599f23","ts":"2025-04-18T00:51:40.324-04:00","source":{"id":"0","name":"eventBus"}}
{"__type":"$$EventMessageNode","id":"f10fd99b-c759-4eae-a6a8-fc97e8054893","ts":"2025-04-18T00:51:40.325-04:00","eventName":"n8n.node.finished","message":"n8n.node.finished","payload":{"workflowId":"9BX3IYpL7ow00y9K","workflowName":"wf socials","executionId":"5","nodeType":"n8n-nodes-base.manualTrigger","nodeName":"When clicking ‘Test workflow’"}}
{"__type":"$$EventMessageConfirm","confirm":"f10fd99b-c759-4eae-a6a8-fc97e8054893","ts":"2025-04-18T00:51:40.325-04:00","source":{"id":"0","name":"eventBus"}}
{"__type":"$$EventMessageNode","id":"e0204e40-666d-49ed-94ca-ec554daad394","ts":"2025-04-18T00:51:40.326-04:00","eventName":"n8n.node.started","message":"n8n.node.started","payload":{"workflowId":"9BX3IYpL7ow00y9K","workflowName":"wf socials","executionId":"5","nodeType":"n8n-nodes-base.googleSheets","nodeName":"Google Sheets1"}}
{"__type":"$$EventMessageConfirm","confirm":"e0204e40-666d-49ed-94ca-ec554daad394","ts":"2025-04-18T00:51:40.326-04:00","source":{"id":"0","name":"eventBus"}}
{"__type":"$$EventMessageNode","id":"87863484-9646-44dc-82eb-cf49ec4ba9ac","ts":"2025-04-18T00:51:41.466-04:00","eventName":"n8n.node.finished","message":"n8n.node.finished","payload":{"workflowId":"9BX3IYpL7ow00y9K","workflowName":"wf socials","executionId":"5","nodeType":"n8n-nodes-base.googleSheets","nodeName":"Google Sheets1"}}
{"__type":"$$EventMessageConfirm","confirm":"87863484-9646-44dc-82eb-cf49ec4ba9ac","ts":"2025-04-18T00:51:41.466-04:00","source":{"id":"0","name":"eventBus"}}
{"__type":"$$EventMessageNode","id":"7700205f-df9c-40d5-bddc-761789b9c93b","ts":"2025-04-18T00:51:41.467-04:00","eventName":"n8n.node.started","message":"n8n.node.started","payload":{"workflowId":"9BX3IYpL7ow00y9K","workflowName":"wf socials","executionId":"5","nodeType":"n8n-nodes-base.googleSheets","nodeName":"Google Sheets2"}}
{"__type":"$$EventMessageConfirm","confirm":"7700205f-df9c-40d5-bddc-761789b9c93b","ts":"2025-04-18T00:51:41.467-04:00","source":{"id":"0","name":"eventBus"}}
{"__type":"$$EventMessageNode","id":"223c747b-f4d6-480a-835c-df40cb106edc","ts":"2025-04-18T00:51:42.542-04:00","eventName":"n8n.node.finished","message":"n8n.node.finished","payload":{"workflowId":"9BX3IYpL7ow00y9K","workflowName":"wf socials","executionId":"5","nodeType":"n8n-nodes-base.googleSheets","nodeName":"Google Sheets2"}}
{"__type":"$$EventMessageConfirm","confirm":"223c747b-f4d6-480a-835c-df40cb106edc","ts":"2025-04-18T00:51:42.542-04:00","source":{"id":"0","name":"eventBus"}}
{"__type":"$$EventMessageNode","id":"d43527a1-830a-4822-aaf3-d88d67922450","ts":"2025-04-18T00:51:42.543-04:00","eventName":"n8n.node.started","message":"n8n.node.started","payload":{"workflowId":"9BX3IYpL7ow00y9K","workflowName":"wf socials","executionId":"5","nodeType":"n8n-nodes-base.googleSheets","nodeName":"Google Sheets3"}}
{"__type":"$$EventMessageConfirm","confirm":"d43527a1-830a-4822-aaf3-d88d67922450","ts":"2025-04-18T00:51:42.543-04:00","source":{"id":"0","name":"eventBus"}}
{"__type":"$$EventMessageNode","id":"1c4c759c-ef10-40c4-84c1-4f376b1dcd82","ts":"2025-04-18T00:51:43.797-04:00","eventName":"n8n.node.finished","message":"n8n.node.finished","payload":{"workflowId":"9BX3IYpL7ow00y9K","workflowName":"wf socials","executionId":"5","nodeType":"n8n-nodes-base.googleSheets","nodeName":"Google Sheets3"}}
{"__type":"$$EventMessageConfirm","confirm":"1c4c759c-ef10-40c4-84c1-4f376b1dcd82","ts":"2025-04-18T00:51:43.797-04:00","source":{"id":"0","name":"eventBus"}}
{"__type":"$$EventMessageNode","id":"9109bde1-4610-4fd5-9aca-604758391a62","ts":"2025-04-18T00:51:43.800-04:00","eventName":"n8n.node.started","message":"n8n.node.started","payload":{"workflowId":"9BX3IYpL7ow00y9K","workflowName":"wf socials","executionId":"5","nodeType":"n8n-nodes-base.googleSheets","nodeName":"Google Sheets5"}}
{"__type":"$$EventMessageConfirm","confirm":"9109bde1-4610-4fd5-9aca-604758391a62","ts":"2025-04-18T00:51:43.800-04:00","source":{"id":"0","name":"eventBus"}}
{"__type":"$$EventMessageNode","id":"b05e18e1-9c77-40da-b88c-2fcfca99b369","ts":"2025-04-18T00:51:44.935-04:00","eventName":"n8n.node.finished","message":"n8n.node.finished","payload":{"workflowId":"9BX3IYpL7ow00y9K","workflowName":"wf socials","executionId":"5","nodeType":"n8n-nodes-base.googleSheets","nodeName":"Google Sheets5"}}
{"__type":"$$EventMessageConfirm","confirm":"b05e18e1-9c77-40da-b88c-2fcfca99b369","ts":"2025-04-18T00:51:44.935-04:00","source":{"id":"0","name":"eventBus"}}
{"__type":"$$EventMessageNode","id":"2f9e0595-fb68-42d6-b62d-d59ead0a3bcd","ts":"2025-04-18T00:51:44.936-04:00","eventName":"n8n.node.started","message":"n8n.node.started","payload":{"workflowId":"9BX3IYpL7ow00y9K","workflowName":"wf socials","executionId":"5","nodeType":"n8n-nodes-base.googleSheets","nodeName":"Google Sheets6"}}
{"__type":"$$EventMessageConfirm","confirm":"2f9e0595-fb68-42d6-b62d-d59ead0a3bcd","ts":"2025-04-18T00:51:44.936-04:00","source":{"id":"0","name":"eventBus"}}
{"__type":"$$EventMessageNode","id":"8b8f7bc6-46d8-4176-9bbf-ef1b8052bc2b","ts":"2025-04-18T00:51:45.932-04:00","eventName":"n8n.node.finished","message":"n8n.node.finished","payload":{"workflowId":"9BX3IYpL7ow00y9K","workflowName":"wf socials","executionId":"5","nodeType":"n8n-nodes-base.googleSheets","nodeName":"Google Sheets6"}}
{"__type":"$$EventMessageConfirm","confirm":"8b8f7bc6-46d8-4176-9bbf-ef1b8052bc2b","ts":"2025-04-18T00:51:45.932-04:00","source":{"id":"0","name":"eventBus"}}
{"__type":"$$EventMessageNode","id":"4e98eb05-6956-4efd-89ce-2cfe86a3c926","ts":"2025-04-18T00:51:45.933-04:00","eventName":"n8n.node.started","message":"n8n.node.started","payload":{"workflowId":"9BX3IYpL7ow00y9K","workflowName":"wf socials","executionId":"5","nodeType":"n8n-nodes-base.googleSheets","nodeName":"Google Sheets7"}}
{"__type":"$$EventMessageConfirm","confirm":"4e98eb05-6956-4efd-89ce-2cfe86a3c926","ts":"2025-04-18T00:51:45.933-04:00","source":{"id":"0","name":"eventBus"}}
{"__type":"$$EventMessageNode","id":"8d8a1ce5-5ae5-4832-9f7b-e5ffbb6b6fd5","ts":"2025-04-18T00:51:47.024-04:00","eventName":"n8n.node.finished","message":"n8n.node.finished","payload":{"workflowId":"9BX3IYpL7ow00y9K","workflowName":"wf socials","executionId":"5","nodeType":"n8n-nodes-base.googleSheets","nodeName":"Google Sheets7"}}
{"__type":"$$EventMessageConfirm","confirm":"8d8a1ce5-5ae5-4832-9f7b-e5ffbb6b6fd5","ts":"2025-04-18T00:51:47.025-04:00","source":{"id":"0","name":"eventBus"}}
{"__type":"$$EventMessageNode","id":"97da73a4-b3da-4cb3-a415-0f0cf8bdb13e","ts":"2025-04-18T00:51:47.025-04:00","eventName":"n8n.node.started","message":"n8n.node.started","payload":{"workflowId":"9BX3IYpL7ow00y9K","workflowName":"wf socials","executionId":"5","nodeType":"n8n-nodes-base.googleSheets","nodeName":"Google Sheets9"}}
{"__type":"$$EventMessageConfirm","confirm":"97da73a4-b3da-4cb3-a415-0f0cf8bdb13e","ts":"2025-04-18T00:51:47.025-04:00","source":{"id":"0","name":"eventBus"}}
{"__type":"$$EventMessageNode","id":"c2babeca-1e01-4552-ab95-bb2a77f751c3","ts":"2025-04-18T00:51:48.119-04:00","eventName":"n8n.node.finished","message":"n8n.node.finished","payload":{"workflowId":"9BX3IYpL7ow00y9K","workflowName":"wf socials","executionId":"5","nodeType":"n8n-nodes-base.googleSheets","nodeName":"Google Sheets9"}}
{"__type":"$$EventMessageConfirm","confirm":"c2babeca-1e01-4552-ab95-bb2a77f751c3","ts":"2025-04-18T00:51:48.119-04:00","source":{"id":"0","name":"eventBus"}}
{"__type":"$$EventMessageNode","id":"479331da-f6d1-42e9-8483-86c3fed5ead3","ts":"2025-04-18T00:51:48.121-04:00","eventName":"n8n.node.started","message":"n8n.node.started","payload":{"workflowId":"9BX3IYpL7ow00y9K","workflowName":"wf socials","executionId":"5","nodeType":"n8n-nodes-base.googleSheets","nodeName":"Google Sheets10"}}
{"__type":"$$EventMessageConfirm","confirm":"479331da-f6d1-42e9-8483-86c3fed5ead3","ts":"2025-04-18T00:51:48.121-04:00","source":{"id":"0","name":"eventBus"}}
{"__type":"$$EventMessageNode","id":"857065c7-47ad-4a2c-af5e-af552c48fd37","ts":"2025-04-18T00:51:49.212-04:00","eventName":"n8n.node.finished","message":"n8n.node.finished","payload":{"workflowId":"9BX3IYpL7ow00y9K","workflowName":"wf socials","executionId":"5","nodeType":"n8n-nodes-base.googleSheets","nodeName":"Google Sheets10"}}
{"__type":"$$EventMessageConfirm","confirm":"857065c7-47ad-4a2c-af5e-af552c48fd37","ts":"2025-04-18T00:51:49.213-04:00","source":{"id":"0","name":"eventBus"}}
{"__type":"$$EventMessageWorkflow","id":"8300249d-bf39-42f9-b3f2-a5742c06c4c4","ts":"2025-04-18T00:51:49.221-04:00","eventName":"n8n.workflow.success","message":"n8n.workflow.success","payload":{"executionId":"5","userId":"a5b2e2ef-4238-4704-8283-612e195f2569","success":true,"isManual":true,"workflowId":"9BX3IYpL7ow00y9K","workflowName":"wf socials"}}
{"__type":"$$EventMessageConfirm","confirm":"8300249d-bf39-42f9-b3f2-a5742c06c4c4","ts":"2025-04-18T00:51:49.222-04:00","source":{"id":"0","name":"eventBus"}}
{"__type":"$$EventMessageWorkflow","id":"8106742f-c720-440f-b049-4fba8f65982e","ts":"2025-04-18T00:52:15.212-04:00","eventName":"n8n.workflow.started","message":"n8n.workflow.started","payload":{"executionId":"6","workflowId":"9BX3IYpL7ow00y9K","isManual":false,"workflowName":"wf socials"}}
{"__type":"$$EventMessageConfirm","confirm":"8106742f-c720-440f-b049-4fba8f65982e","ts":"2025-04-18T00:52:15.212-04:00","source":{"id":"0","name":"eventBus"}}
{"__type":"$$EventMessageNode","id":"e80b06d1-f3d5-4961-b861-bf23c44a61d0","ts":"2025-04-18T00:52:15.213-04:00","eventName":"n8n.node.started","message":"n8n.node.started","payload":{"workflowId":"9BX3IYpL7ow00y9K","workflowName":"wf socials","executionId":"6","nodeType":"n8n-nodes-base.manualTrigger","nodeName":"When clicking ‘Test workflow’"}}
{"__type":"$$EventMessageConfirm","confirm":"e80b06d1-f3d5-4961-b861-bf23c44a61d0","ts":"2025-04-18T00:52:15.213-04:00","source":{"id":"0","name":"eventBus"}}
{"__type":"$$EventMessageNode","id":"8dd1078e-b39e-484c-8642-62638c5ba54f","ts":"2025-04-18T00:52:15.215-04:00","eventName":"n8n.node.finished","message":"n8n.node.finished","payload":{"workflowId":"9BX3IYpL7ow00y9K","workflowName":"wf socials","executionId":"6","nodeType":"n8n-nodes-base.manualTrigger","nodeName":"When clicking ‘Test workflow’"}}
{"__type":"$$EventMessageConfirm","confirm":"8dd1078e-b39e-484c-8642-62638c5ba54f","ts":"2025-04-18T00:52:15.215-04:00","source":{"id":"0","name":"eventBus"}}
{"__type":"$$EventMessageNode","id":"6d1e1efd-5bfd-4f87-9ab4-d6c0f75aabcc","ts":"2025-04-18T00:52:15.215-04:00","eventName":"n8n.node.started","message":"n8n.node.started","payload":{"workflowId":"9BX3IYpL7ow00y9K","workflowName":"wf socials","executionId":"6","nodeType":"n8n-nodes-base.googleSheets","nodeName":"Google Sheets1"}}
{"__type":"$$EventMessageConfirm","confirm":"6d1e1efd-5bfd-4f87-9ab4-d6c0f75aabcc","ts":"2025-04-18T00:52:15.216-04:00","source":{"id":"0","name":"eventBus"}}
{"__type":"$$EventMessageNode","id":"fdd1a8ce-412b-4e72-b7e2-5e08cc33e82f","ts":"2025-04-18T00:52:16.185-04:00","eventName":"n8n.node.finished","message":"n8n.node.finished","payload":{"workflowId":"9BX3IYpL7ow00y9K","workflowName":"wf socials","executionId":"6","nodeType":"n8n-nodes-base.googleSheets","nodeName":"Google Sheets1"}}
{"__type":"$$EventMessageConfirm","confirm":"fdd1a8ce-412b-4e72-b7e2-5e08cc33e82f","ts":"2025-04-18T00:52:16.185-04:00","source":{"id":"0","name":"eventBus"}}
{"__type":"$$EventMessageNode","id":"9a972397-77a3-4716-9b3a-338f883157cd","ts":"2025-04-18T00:52:16.186-04:00","eventName":"n8n.node.started","message":"n8n.node.started","payload":{"workflowId":"9BX3IYpL7ow00y9K","workflowName":"wf socials","executionId":"6","nodeType":"n8n-nodes-base.googleSheets","nodeName":"Google Sheets2"}}
{"__type":"$$EventMessageConfirm","confirm":"9a972397-77a3-4716-9b3a-338f883157cd","ts":"2025-04-18T00:52:16.187-04:00","source":{"id":"0","name":"eventBus"}}
{"__type":"$$EventMessageNode","id":"29b92228-59d0-458b-adb2-dbfb1c257ccd","ts":"2025-04-18T00:52:17.031-04:00","eventName":"n8n.node.finished","message":"n8n.node.finished","payload":{"workflowId":"9BX3IYpL7ow00y9K","workflowName":"wf socials","executionId":"6","nodeType":"n8n-nodes-base.googleSheets","nodeName":"Google Sheets2"}}
{"__type":"$$EventMessageConfirm","confirm":"29b92228-59d0-458b-adb2-dbfb1c257ccd","ts":"2025-04-18T00:52:17.031-04:00","source":{"id":"0","name":"eventBus"}}
{"__type":"$$EventMessageNode","id":"02b98eaf-be0c-4947-993d-e1c0f73c2e51","ts":"2025-04-18T00:52:17.032-04:00","eventName":"n8n.node.started","message":"n8n.node.started","payload":{"workflowId":"9BX3IYpL7ow00y9K","workflowName":"wf socials","executionId":"6","nodeType":"n8n-nodes-base.googleSheets","nodeName":"Google Sheets3"}}
{"__type":"$$EventMessageConfirm","confirm":"02b98eaf-be0c-4947-993d-e1c0f73c2e51","ts":"2025-04-18T00:52:17.032-04:00","source":{"id":"0","name":"eventBus"}}
{"__type":"$$EventMessageNode","id":"b99e4886-cf20-4c85-83b6-6180ee530e4d","ts":"2025-04-18T00:52:18.036-04:00","eventName":"n8n.node.finished","message":"n8n.node.finished","payload":{"workflowId":"9BX3IYpL7ow00y9K","workflowName":"wf socials","executionId":"6","nodeType":"n8n-nodes-base.googleSheets","nodeName":"Google Sheets3"}}
{"__type":"$$EventMessageConfirm","confirm":"b99e4886-cf20-4c85-83b6-6180ee530e4d","ts":"2025-04-18T00:52:18.036-04:00","source":{"id":"0","name":"eventBus"}}
{"__type":"$$EventMessageNode","id":"e7570fc4-5cb0-4246-aa2b-7006325cfde5","ts":"2025-04-18T00:52:18.037-04:00","eventName":"n8n.node.started","message":"n8n.node.started","payload":{"workflowId":"9BX3IYpL7ow00y9K","workflowName":"wf socials","executionId":"6","nodeType":"n8n-nodes-base.googleSheets","nodeName":"Google Sheets5"}}
{"__type":"$$EventMessageConfirm","confirm":"e7570fc4-5cb0-4246-aa2b-7006325cfde5","ts":"2025-04-18T00:52:18.038-04:00","source":{"id":"0","name":"eventBus"}}
{"__type":"$$EventMessageNode","id":"2746de02-dfc2-4e8c-8473-2e7836e5dea7","ts":"2025-04-18T00:52:19.010-04:00","eventName":"n8n.node.finished","message":"n8n.node.finished","payload":{"workflowId":"9BX3IYpL7ow00y9K","workflowName":"wf socials","executionId":"6","nodeType":"n8n-nodes-base.googleSheets","nodeName":"Google Sheets5"}}
{"__type":"$$EventMessageConfirm","confirm":"2746de02-dfc2-4e8c-8473-2e7836e5dea7","ts":"2025-04-18T00:52:19.010-04:00","source":{"id":"0","name":"eventBus"}}
{"__type":"$$EventMessageNode","id":"7f79a89b-d643-41e0-a0a7-2fab7adaca95","ts":"2025-04-18T00:52:19.010-04:00","eventName":"n8n.node.started","message":"n8n.node.started","payload":{"workflowId":"9BX3IYpL7ow00y9K","workflowName":"wf socials","executionId":"6","nodeType":"n8n-nodes-base.googleSheets","nodeName":"Google Sheets6"}}
{"__type":"$$EventMessageConfirm","confirm":"7f79a89b-d643-41e0-a0a7-2fab7adaca95","ts":"2025-04-18T00:52:19.010-04:00","source":{"id":"0","name":"eventBus"}}
{"__type":"$$EventMessageNode","id":"9fb8258b-e468-4192-9143-9c88eebe8e82","ts":"2025-04-18T00:52:19.998-04:00","eventName":"n8n.node.finished","message":"n8n.node.finished","payload":{"workflowId":"9BX3IYpL7ow00y9K","workflowName":"wf socials","executionId":"6","nodeType":"n8n-nodes-base.googleSheets","nodeName":"Google Sheets6"}}
{"__type":"$$EventMessageConfirm","confirm":"9fb8258b-e468-4192-9143-9c88eebe8e82","ts":"2025-04-18T00:52:19.998-04:00","source":{"id":"0","name":"eventBus"}}
{"__type":"$$EventMessageNode","id":"753ad08b-2c0c-407d-a7c7-18ae2b786b7f","ts":"2025-04-18T00:52:19.999-04:00","eventName":"n8n.node.started","message":"n8n.node.started","payload":{"workflowId":"9BX3IYpL7ow00y9K","workflowName":"wf socials","executionId":"6","nodeType":"n8n-nodes-base.googleSheets","nodeName":"Google Sheets7"}}
{"__type":"$$EventMessageConfirm","confirm":"753ad08b-2c0c-407d-a7c7-18ae2b786b7f","ts":"2025-04-18T00:52:19.999-04:00","source":{"id":"0","name":"eventBus"}}
{"__type":"$$EventMessageNode","id":"41d5bd21-a7bd-4bff-9e89-03446286621e","ts":"2025-04-18T00:52:20.968-04:00","eventName":"n8n.node.finished","message":"n8n.node.finished","payload":{"workflowId":"9BX3IYpL7ow00y9K","workflowName":"wf socials","executionId":"6","nodeType":"n8n-nodes-base.googleSheets","nodeName":"Google Sheets7"}}
{"__type":"$$EventMessageConfirm","confirm":"41d5bd21-a7bd-4bff-9e89-03446286621e","ts":"2025-04-18T00:52:20.968-04:00","source":{"id":"0","name":"eventBus"}}
{"__type":"$$EventMessageNode","id":"20a7b5eb-b525-408c-a4ad-09653a7c1e13","ts":"2025-04-18T00:52:20.968-04:00","eventName":"n8n.node.started","message":"n8n.node.started","payload":{"workflowId":"9BX3IYpL7ow00y9K","workflowName":"wf socials","executionId":"6","nodeType":"n8n-nodes-base.googleSheets","nodeName":"Google Sheets9"}}
{"__type":"$$EventMessageConfirm","confirm":"20a7b5eb-b525-408c-a4ad-09653a7c1e13","ts":"2025-04-18T00:52:20.969-04:00","source":{"id":"0","name":"eventBus"}}
{"__type":"$$EventMessageNode","id":"b70e7f0c-fc90-4f8c-b5ea-ca00d0f39823","ts":"2025-04-18T00:52:21.948-04:00","eventName":"n8n.node.finished","message":"n8n.node.finished","payload":{"workflowId":"9BX3IYpL7ow00y9K","workflowName":"wf socials","executionId":"6","nodeType":"n8n-nodes-base.googleSheets","nodeName":"Google Sheets9"}}
{"__type":"$$EventMessageConfirm","confirm":"b70e7f0c-fc90-4f8c-b5ea-ca00d0f39823","ts":"2025-04-18T00:52:21.948-04:00","source":{"id":"0","name":"eventBus"}}
{"__type":"$$EventMessageNode","id":"1df60d22-fbb6-4940-a021-f62c1817218a","ts":"2025-04-18T00:52:21.950-04:00","eventName":"n8n.node.started","message":"n8n.node.started","payload":{"workflowId":"9BX3IYpL7ow00y9K","workflowName":"wf socials","executionId":"6","nodeType":"n8n-nodes-base.googleSheets","nodeName":"Google Sheets10"}}
{"__type":"$$EventMessageConfirm","confirm":"1df60d22-fbb6-4940-a021-f62c1817218a","ts":"2025-04-18T00:52:21.950-04:00","source":{"id":"0","name":"eventBus"}}
{"__type":"$$EventMessageNode","id":"368e0981-0240-4d37-bf5f-3f1113985634","ts":"2025-04-18T00:52:22.915-04:00","eventName":"n8n.node.finished","message":"n8n.node.finished","payload":{"workflowId":"9BX3IYpL7ow00y9K","workflowName":"wf socials","executionId":"6","nodeType":"n8n-nodes-base.googleSheets","nodeName":"Google Sheets10"}}
{"__type":"$$EventMessageConfirm","confirm":"368e0981-0240-4d37-bf5f-3f1113985634","ts":"2025-04-18T00:52:22.916-04:00","source":{"id":"0","name":"eventBus"}}
{"__type":"$$EventMessageWorkflow","id":"f76d0e3d-7ef4-4a68-8c53-6a953090ef6e","ts":"2025-04-18T00:52:22.924-04:00","eventName":"n8n.workflow.success","message":"n8n.workflow.success","payload":{"executionId":"6","userId":"a5b2e2ef-4238-4704-8283-612e195f2569","success":true,"isManual":true,"workflowId":"9BX3IYpL7ow00y9K","workflowName":"wf socials"}}
{"__type":"$$EventMessageConfirm","confirm":"f76d0e3d-7ef4-4a68-8c53-6a953090ef6e","ts":"2025-04-18T00:52:22.924-04:00","source":{"id":"0","name":"eventBus"}}
{"__type":"$$EventMessageAudit","id":"f7548dec-7dfb-410e-8dcc-c2f987613256","ts":"2025-04-18T00:52:48.508-04:00","eventName":"n8n.audit.workflow.updated","message":"n8n.audit.workflow.updated","payload":{"userId":"a5b2e2ef-4238-4704-8283-612e195f2569","_email":"nguyenduccanh1523@gmail.com","_firstName":"canh","_lastName":"canh","globalRole":"global:owner","workflowId":"9BX3IYpL7ow00y9K","workflowName":"wf socials"}}
{"__type":"$$EventMessageConfirm","confirm":"f7548dec-7dfb-410e-8dcc-c2f987613256","ts":"2025-04-18T00:52:48.508-04:00","source":{"id":"0","name":"eventBus"}}
{"__type":"$$EventMessageAudit","id":"deb1be6a-a698-4500-af4d-1ed97bdbad73","ts":"2025-04-18T00:53:58.747-04:00","eventName":"n8n.audit.workflow.updated","message":"n8n.audit.workflow.updated","payload":{"userId":"a5b2e2ef-4238-4704-8283-612e195f2569","_email":"nguyenduccanh1523@gmail.com","_firstName":"canh","_lastName":"canh","globalRole":"global:owner","workflowId":"9BX3IYpL7ow00y9K","workflowName":"wf socials"}}
{"__type":"$$EventMessageConfirm","confirm":"deb1be6a-a698-4500-af4d-1ed97bdbad73","ts":"2025-04-18T00:53:58.747-04:00","source":{"id":"0","name":"eventBus"}}
{"__type":"$$EventMessageWorkflow","id":"b01a7eaf-1ae5-45db-a427-edcab4ddd371","ts":"2025-04-18T01:25:48.664-04:00","eventName":"n8n.workflow.started","message":"n8n.workflow.started","payload":{"executionId":"7","workflowId":"9BX3IYpL7ow00y9K","isManual":false,"workflowName":"wf socials"}}
{"__type":"$$EventMessageConfirm","confirm":"b01a7eaf-1ae5-45db-a427-edcab4ddd371","ts":"2025-04-18T01:25:48.664-04:00","source":{"id":"0","name":"eventBus"}}
{"__type":"$$EventMessageNode","id":"53cffb50-64d4-411b-b4fe-4fb644fbec00","ts":"2025-04-18T01:25:48.665-04:00","eventName":"n8n.node.started","message":"n8n.node.started","payload":{"workflowId":"9BX3IYpL7ow00y9K","workflowName":"wf socials","executionId":"7","nodeType":"n8n-nodes-base.httpRequest","nodeName":"HTTP Request11"}}
{"__type":"$$EventMessageConfirm","confirm":"53cffb50-64d4-411b-b4fe-4fb644fbec00","ts":"2025-04-18T01:25:48.665-04:00","source":{"id":"0","name":"eventBus"}}
{"__type":"$$EventMessageNode","id":"970b1f10-6fb8-42a5-928a-887238381baa","ts":"2025-04-18T01:25:48.787-04:00","eventName":"n8n.node.finished","message":"n8n.node.finished","payload":{"workflowId":"9BX3IYpL7ow00y9K","workflowName":"wf socials","executionId":"7","nodeType":"n8n-nodes-base.httpRequest","nodeName":"HTTP Request11"}}
{"__type":"$$EventMessageConfirm","confirm":"970b1f10-6fb8-42a5-928a-887238381baa","ts":"2025-04-18T01:25:48.787-04:00","source":{"id":"0","name":"eventBus"}}
{"__type":"$$EventMessageWorkflow","id":"39bcdc59-ce7c-4e18-a098-d7a61a293126","ts":"2025-04-18T01:25:48.795-04:00","eventName":"n8n.workflow.failed","message":"n8n.workflow.failed","payload":{"executionId":"7","userId":"a5b2e2ef-4238-4704-8283-612e195f2569","success":false,"isManual":true,"workflowId":"9BX3IYpL7ow00y9K","workflowName":"wf socials","lastNodeExecuted":"HTTP Request11","errorNodeType":"n8n-nodes-base.httpRequest","errorMessage":"Bad request - please check your parameters"}}
{"__type":"$$EventMessageConfirm","confirm":"39bcdc59-ce7c-4e18-a098-d7a61a293126","ts":"2025-04-18T01:25:48.796-04:00","source":{"id":"0","name":"eventBus"}}
{"__type":"$$EventMessageWorkflow","id":"4ab568c3-2bf8-4889-a779-cfeab12f7cd0","ts":"2025-04-18T01:25:55.763-04:00","eventName":"n8n.workflow.started","message":"n8n.workflow.started","payload":{"executionId":"8","workflowId":"9BX3IYpL7ow00y9K","isManual":false,"workflowName":"wf socials"}}
{"__type":"$$EventMessageConfirm","confirm":"4ab568c3-2bf8-4889-a779-cfeab12f7cd0","ts":"2025-04-18T01:25:55.764-04:00","source":{"id":"0","name":"eventBus"}}
{"__type":"$$EventMessageNode","id":"9096b2e6-664b-4da2-9a33-192317e2322a","ts":"2025-04-18T01:25:55.764-04:00","eventName":"n8n.node.started","message":"n8n.node.started","payload":{"workflowId":"9BX3IYpL7ow00y9K","workflowName":"wf socials","executionId":"8","nodeType":"n8n-nodes-base.httpRequest","nodeName":"HTTP Request11"}}
{"__type":"$$EventMessageConfirm","confirm":"9096b2e6-664b-4da2-9a33-192317e2322a","ts":"2025-04-18T01:25:55.765-04:00","source":{"id":"0","name":"eventBus"}}
{"__type":"$$EventMessageNode","id":"57f324fd-f1e1-4f9a-b759-b8c864ad12df","ts":"2025-04-18T01:25:55.836-04:00","eventName":"n8n.node.finished","message":"n8n.node.finished","payload":{"workflowId":"9BX3IYpL7ow00y9K","workflowName":"wf socials","executionId":"8","nodeType":"n8n-nodes-base.httpRequest","nodeName":"HTTP Request11"}}
{"__type":"$$EventMessageConfirm","confirm":"57f324fd-f1e1-4f9a-b759-b8c864ad12df","ts":"2025-04-18T01:25:55.837-04:00","source":{"id":"0","name":"eventBus"}}
{"__type":"$$EventMessageWorkflow","id":"ce964f1f-a5c5-4908-aebf-7a48e17176cd","ts":"2025-04-18T01:25:55.843-04:00","eventName":"n8n.workflow.success","message":"n8n.workflow.success","payload":{"executionId":"8","userId":"a5b2e2ef-4238-4704-8283-612e195f2569","success":true,"isManual":true,"workflowId":"9BX3IYpL7ow00y9K","workflowName":"wf socials"}}
{"__type":"$$EventMessageConfirm","confirm":"ce964f1f-a5c5-4908-aebf-7a48e17176cd","ts":"2025-04-18T01:25:55.844-04:00","source":{"id":"0","name":"eventBus"}}
{"__type":"$$EventMessageAudit","id":"559207c0-4bb8-4567-9fab-ccd10361e1c0","ts":"2025-04-18T01:26:00.807-04:00","eventName":"n8n.audit.workflow.updated","message":"n8n.audit.workflow.updated","payload":{"userId":"a5b2e2ef-4238-4704-8283-612e195f2569","_email":"nguyenduccanh1523@gmail.com","_firstName":"canh","_lastName":"canh","globalRole":"global:owner","workflowId":"9BX3IYpL7ow00y9K","workflowName":"wf socials"}}
{"__type":"$$EventMessageConfirm","confirm":"559207c0-4bb8-4567-9fab-ccd10361e1c0","ts":"2025-04-18T01:26:00.807-04:00","source":{"id":"0","name":"eventBus"}}
