{"__type":"$$EventMessageAudit","id":"e309911f-7107-456f-84f0-4cf51221dd55","ts":"2025-04-22T09:56:32.565+07:00","eventName":"n8n.audit.workflow.updated","message":"n8n.audit.workflow.updated","payload":{"userId":"a5b2e2ef-4238-4704-8283-612e195f2569","_email":"nguyenduccanh1523@gmail.com","_firstName":"canh","_lastName":"canh","globalRole":"global:owner","workflowId":"9BX3IYpL7ow00y9K","workflowName":"wf socials"}}
{"__type":"$$EventMessageConfirm","confirm":"e309911f-7107-456f-84f0-4cf51221dd55","ts":"2025-04-22T09:56:32.566+07:00","source":{"id":"0","name":"eventBus"}}
{"__type":"$$EventMessageAudit","id":"1e5f40d4-ce9f-42b9-8deb-82b722edf856","ts":"2025-04-22T10:14:14.365+07:00","eventName":"n8n.audit.workflow.updated","message":"n8n.audit.workflow.updated","payload":{"userId":"a5b2e2ef-4238-4704-8283-612e195f2569","_email":"nguyenduccanh1523@gmail.com","_firstName":"canh","_lastName":"canh","globalRole":"global:owner","workflowId":"9BX3IYpL7ow00y9K","workflowName":"wf socials"}}
{"__type":"$$EventMessageConfirm","confirm":"1e5f40d4-ce9f-42b9-8deb-82b722edf856","ts":"2025-04-22T10:14:14.366+07:00","source":{"id":"0","name":"eventBus"}}
{"__type":"$$EventMessageWorkflow","id":"3a870c01-f55b-43d7-8fb3-dacb973f146c","ts":"2025-04-22T10:14:17.160+07:00","eventName":"n8n.workflow.started","message":"n8n.workflow.started","payload":{"executionId":"57","workflowId":"9BX3IYpL7ow00y9K","isManual":false,"workflowName":"wf socials"}}
{"__type":"$$EventMessageConfirm","confirm":"3a870c01-f55b-43d7-8fb3-dacb973f146c","ts":"2025-04-22T10:14:17.160+07:00","source":{"id":"0","name":"eventBus"}}
{"__type":"$$EventMessageNode","id":"e32160c4-d66f-4f76-ab9d-3c21f9786871","ts":"2025-04-22T10:14:17.163+07:00","eventName":"n8n.node.started","message":"n8n.node.started","payload":{"workflowId":"9BX3IYpL7ow00y9K","workflowName":"wf socials","executionId":"57","nodeType":"n8n-nodes-base.manualTrigger","nodeName":"When clicking ‘Test workflow’"}}
{"__type":"$$EventMessageConfirm","confirm":"e32160c4-d66f-4f76-ab9d-3c21f9786871","ts":"2025-04-22T10:14:17.163+07:00","source":{"id":"0","name":"eventBus"}}
{"__type":"$$EventMessageNode","id":"c15416ca-9949-4c07-8e03-2015a90fb57f","ts":"2025-04-22T10:14:17.167+07:00","eventName":"n8n.node.finished","message":"n8n.node.finished","payload":{"workflowId":"9BX3IYpL7ow00y9K","workflowName":"wf socials","executionId":"57","nodeType":"n8n-nodes-base.manualTrigger","nodeName":"When clicking ‘Test workflow’"}}
{"__type":"$$EventMessageConfirm","confirm":"c15416ca-9949-4c07-8e03-2015a90fb57f","ts":"2025-04-22T10:14:17.167+07:00","source":{"id":"0","name":"eventBus"}}
{"__type":"$$EventMessageNode","id":"183d5a39-3ea3-499f-9783-d618716f8d70","ts":"2025-04-22T10:14:17.168+07:00","eventName":"n8n.node.started","message":"n8n.node.started","payload":{"workflowId":"9BX3IYpL7ow00y9K","workflowName":"wf socials","executionId":"57","nodeType":"n8n-nodes-base.googleSheets","nodeName":"Google Sheets16"}}
{"__type":"$$EventMessageConfirm","confirm":"183d5a39-3ea3-499f-9783-d618716f8d70","ts":"2025-04-22T10:14:17.168+07:00","source":{"id":"0","name":"eventBus"}}
{"__type":"$$EventMessageNode","id":"2c4e866a-a6aa-4368-a31e-78573888cd8f","ts":"2025-04-22T10:14:18.666+07:00","eventName":"n8n.node.finished","message":"n8n.node.finished","payload":{"workflowId":"9BX3IYpL7ow00y9K","workflowName":"wf socials","executionId":"57","nodeType":"n8n-nodes-base.googleSheets","nodeName":"Google Sheets16"}}
{"__type":"$$EventMessageConfirm","confirm":"2c4e866a-a6aa-4368-a31e-78573888cd8f","ts":"2025-04-22T10:14:18.666+07:00","source":{"id":"0","name":"eventBus"}}
{"__type":"$$EventMessageNode","id":"519a8860-ad05-4a90-a294-116d2c124bf3","ts":"2025-04-22T10:14:18.668+07:00","eventName":"n8n.node.started","message":"n8n.node.started","payload":{"workflowId":"9BX3IYpL7ow00y9K","workflowName":"wf socials","executionId":"57","nodeType":"n8n-nodes-base.googleSheets","nodeName":"Google Sheets17"}}
{"__type":"$$EventMessageConfirm","confirm":"519a8860-ad05-4a90-a294-116d2c124bf3","ts":"2025-04-22T10:14:18.668+07:00","source":{"id":"0","name":"eventBus"}}
{"__type":"$$EventMessageNode","id":"4d5bd7de-d27a-4469-838c-b91114dbb05a","ts":"2025-04-22T10:14:22.710+07:00","eventName":"n8n.node.finished","message":"n8n.node.finished","payload":{"workflowId":"9BX3IYpL7ow00y9K","workflowName":"wf socials","executionId":"57","nodeType":"n8n-nodes-base.googleSheets","nodeName":"Google Sheets17"}}
{"__type":"$$EventMessageConfirm","confirm":"4d5bd7de-d27a-4469-838c-b91114dbb05a","ts":"2025-04-22T10:14:22.710+07:00","source":{"id":"0","name":"eventBus"}}
{"__type":"$$EventMessageWorkflow","id":"9275b9bc-f365-4147-9cfb-3484ef802f84","ts":"2025-04-22T10:14:22.733+07:00","eventName":"n8n.workflow.success","message":"n8n.workflow.success","payload":{"executionId":"57","userId":"a5b2e2ef-4238-4704-8283-612e195f2569","success":true,"isManual":true,"workflowId":"9BX3IYpL7ow00y9K","workflowName":"wf socials"}}
{"__type":"$$EventMessageConfirm","confirm":"9275b9bc-f365-4147-9cfb-3484ef802f84","ts":"2025-04-22T10:14:22.733+07:00","source":{"id":"0","name":"eventBus"}}
{"__type":"$$EventMessageWorkflow","id":"abad1280-4c35-4f83-b16e-11bcf95f3caf","ts":"2025-04-22T10:39:12.077+07:00","eventName":"n8n.workflow.started","message":"n8n.workflow.started","payload":{"executionId":"58","workflowId":"9BX3IYpL7ow00y9K","isManual":false,"workflowName":"wf socials"}}
{"__type":"$$EventMessageConfirm","confirm":"abad1280-4c35-4f83-b16e-11bcf95f3caf","ts":"2025-04-22T10:39:12.077+07:00","source":{"id":"0","name":"eventBus"}}
{"__type":"$$EventMessageNode","id":"0eba8721-1a8f-4e52-af82-b163ff238fdd","ts":"2025-04-22T10:39:12.078+07:00","eventName":"n8n.node.started","message":"n8n.node.started","payload":{"workflowId":"9BX3IYpL7ow00y9K","workflowName":"wf socials","executionId":"58","nodeType":"n8n-nodes-base.manualTrigger","nodeName":"When clicking ‘Test workflow’"}}
{"__type":"$$EventMessageConfirm","confirm":"0eba8721-1a8f-4e52-af82-b163ff238fdd","ts":"2025-04-22T10:39:12.078+07:00","source":{"id":"0","name":"eventBus"}}
{"__type":"$$EventMessageNode","id":"3a2475e6-83c7-48c5-a8db-d17f39399a04","ts":"2025-04-22T10:39:12.079+07:00","eventName":"n8n.node.finished","message":"n8n.node.finished","payload":{"workflowId":"9BX3IYpL7ow00y9K","workflowName":"wf socials","executionId":"58","nodeType":"n8n-nodes-base.manualTrigger","nodeName":"When clicking ‘Test workflow’"}}
{"__type":"$$EventMessageConfirm","confirm":"3a2475e6-83c7-48c5-a8db-d17f39399a04","ts":"2025-04-22T10:39:12.079+07:00","source":{"id":"0","name":"eventBus"}}
{"__type":"$$EventMessageNode","id":"01981896-5656-4070-a5b3-338715efe863","ts":"2025-04-22T10:39:12.080+07:00","eventName":"n8n.node.started","message":"n8n.node.started","payload":{"workflowId":"9BX3IYpL7ow00y9K","workflowName":"wf socials","executionId":"58","nodeType":"n8n-nodes-base.googleSheets","nodeName":"Google Sheets16"}}
{"__type":"$$EventMessageConfirm","confirm":"01981896-5656-4070-a5b3-338715efe863","ts":"2025-04-22T10:39:12.080+07:00","source":{"id":"0","name":"eventBus"}}
{"__type":"$$EventMessageNode","id":"db6817dd-e966-4f81-bd5f-89f801eec53d","ts":"2025-04-22T10:39:14.744+07:00","eventName":"n8n.node.finished","message":"n8n.node.finished","payload":{"workflowId":"9BX3IYpL7ow00y9K","workflowName":"wf socials","executionId":"58","nodeType":"n8n-nodes-base.googleSheets","nodeName":"Google Sheets16"}}
{"__type":"$$EventMessageConfirm","confirm":"db6817dd-e966-4f81-bd5f-89f801eec53d","ts":"2025-04-22T10:39:14.744+07:00","source":{"id":"0","name":"eventBus"}}
{"__type":"$$EventMessageNode","id":"e0d10dcb-8f08-4b26-8d90-0ebaff6acdf1","ts":"2025-04-22T10:39:14.745+07:00","eventName":"n8n.node.started","message":"n8n.node.started","payload":{"workflowId":"9BX3IYpL7ow00y9K","workflowName":"wf socials","executionId":"58","nodeType":"n8n-nodes-base.httpRequest","nodeName":"HTTP Request17"}}
{"__type":"$$EventMessageConfirm","confirm":"e0d10dcb-8f08-4b26-8d90-0ebaff6acdf1","ts":"2025-04-22T10:39:14.745+07:00","source":{"id":"0","name":"eventBus"}}
{"__type":"$$EventMessageNode","id":"f5e89e5f-a519-4c05-85d3-601e3916cd39","ts":"2025-04-21T23:39:17.123-04:00","eventName":"n8n.node.finished","message":"n8n.node.finished","payload":{"workflowId":"9BX3IYpL7ow00y9K","workflowName":"wf socials","executionId":"58","nodeType":"n8n-nodes-base.httpRequest","nodeName":"HTTP Request17"}}
{"__type":"$$EventMessageConfirm","confirm":"f5e89e5f-a519-4c05-85d3-601e3916cd39","ts":"2025-04-21T23:39:17.123-04:00","source":{"id":"0","name":"eventBus"}}
{"__type":"$$EventMessageWorkflow","id":"b6779a58-e606-4199-9b85-764c377444a1","ts":"2025-04-21T23:39:17.137-04:00","eventName":"n8n.workflow.failed","message":"n8n.workflow.failed","payload":{"executionId":"58","userId":"a5b2e2ef-4238-4704-8283-612e195f2569","success":false,"isManual":true,"workflowId":"9BX3IYpL7ow00y9K","workflowName":"wf socials","lastNodeExecuted":"HTTP Request17","errorNodeType":"n8n-nodes-base.httpRequest","errorMessage":"Bad request - please check your parameters"}}
{"__type":"$$EventMessageConfirm","confirm":"b6779a58-e606-4199-9b85-764c377444a1","ts":"2025-04-21T23:39:17.138-04:00","source":{"id":"0","name":"eventBus"}}
{"__type":"$$EventMessageAudit","id":"0ea61308-4b4d-480f-9e2c-0a7f306ad1aa","ts":"2025-04-21T23:40:07.402-04:00","eventName":"n8n.audit.workflow.updated","message":"n8n.audit.workflow.updated","payload":{"userId":"a5b2e2ef-4238-4704-8283-612e195f2569","_email":"nguyenduccanh1523@gmail.com","_firstName":"canh","_lastName":"canh","globalRole":"global:owner","workflowId":"9BX3IYpL7ow00y9K","workflowName":"wf socials"}}
{"__type":"$$EventMessageConfirm","confirm":"0ea61308-4b4d-480f-9e2c-0a7f306ad1aa","ts":"2025-04-21T23:40:07.402-04:00","source":{"id":"0","name":"eventBus"}}
{"__type":"$$EventMessageWorkflow","id":"8d016442-0372-41e6-915c-2dacb2fed26c","ts":"2025-04-21T23:40:08.556-04:00","eventName":"n8n.workflow.started","message":"n8n.workflow.started","payload":{"executionId":"59","workflowId":"9BX3IYpL7ow00y9K","isManual":false,"workflowName":"wf socials"}}
{"__type":"$$EventMessageConfirm","confirm":"8d016442-0372-41e6-915c-2dacb2fed26c","ts":"2025-04-21T23:40:08.556-04:00","source":{"id":"0","name":"eventBus"}}
{"__type":"$$EventMessageNode","id":"bc74d4fc-462e-4569-965c-38129412391a","ts":"2025-04-21T23:40:08.557-04:00","eventName":"n8n.node.started","message":"n8n.node.started","payload":{"workflowId":"9BX3IYpL7ow00y9K","workflowName":"wf socials","executionId":"59","nodeType":"n8n-nodes-base.manualTrigger","nodeName":"When clicking ‘Test workflow’"}}
{"__type":"$$EventMessageConfirm","confirm":"bc74d4fc-462e-4569-965c-38129412391a","ts":"2025-04-21T23:40:08.557-04:00","source":{"id":"0","name":"eventBus"}}
{"__type":"$$EventMessageNode","id":"a9c5fe69-2caf-4297-bf5c-bb8d19dab60e","ts":"2025-04-21T23:40:08.558-04:00","eventName":"n8n.node.finished","message":"n8n.node.finished","payload":{"workflowId":"9BX3IYpL7ow00y9K","workflowName":"wf socials","executionId":"59","nodeType":"n8n-nodes-base.manualTrigger","nodeName":"When clicking ‘Test workflow’"}}
{"__type":"$$EventMessageConfirm","confirm":"a9c5fe69-2caf-4297-bf5c-bb8d19dab60e","ts":"2025-04-21T23:40:08.558-04:00","source":{"id":"0","name":"eventBus"}}
{"__type":"$$EventMessageNode","id":"25f3ec1a-4c8f-4950-9eed-fc509816a853","ts":"2025-04-21T23:40:08.559-04:00","eventName":"n8n.node.started","message":"n8n.node.started","payload":{"workflowId":"9BX3IYpL7ow00y9K","workflowName":"wf socials","executionId":"59","nodeType":"n8n-nodes-base.googleSheets","nodeName":"Google Sheets16"}}
{"__type":"$$EventMessageConfirm","confirm":"25f3ec1a-4c8f-4950-9eed-fc509816a853","ts":"2025-04-21T23:40:08.559-04:00","source":{"id":"0","name":"eventBus"}}
{"__type":"$$EventMessageNode","id":"449e18cb-dc4e-40fa-b46f-94c161a65293","ts":"2025-04-21T23:40:09.783-04:00","eventName":"n8n.node.finished","message":"n8n.node.finished","payload":{"workflowId":"9BX3IYpL7ow00y9K","workflowName":"wf socials","executionId":"59","nodeType":"n8n-nodes-base.googleSheets","nodeName":"Google Sheets16"}}
{"__type":"$$EventMessageConfirm","confirm":"449e18cb-dc4e-40fa-b46f-94c161a65293","ts":"2025-04-21T23:40:09.783-04:00","source":{"id":"0","name":"eventBus"}}
{"__type":"$$EventMessageNode","id":"8f77b122-47ac-4147-a014-fb974b989194","ts":"2025-04-21T23:40:09.785-04:00","eventName":"n8n.node.started","message":"n8n.node.started","payload":{"workflowId":"9BX3IYpL7ow00y9K","workflowName":"wf socials","executionId":"59","nodeType":"n8n-nodes-base.httpRequest","nodeName":"HTTP Request17"}}
{"__type":"$$EventMessageConfirm","confirm":"8f77b122-47ac-4147-a014-fb974b989194","ts":"2025-04-21T23:40:09.785-04:00","source":{"id":"0","name":"eventBus"}}
{"__type":"$$EventMessageNode","id":"3bac5f9e-c4cb-41d3-b571-7e533d677ceb","ts":"2025-04-21T23:40:11.589-04:00","eventName":"n8n.node.finished","message":"n8n.node.finished","payload":{"workflowId":"9BX3IYpL7ow00y9K","workflowName":"wf socials","executionId":"59","nodeType":"n8n-nodes-base.httpRequest","nodeName":"HTTP Request17"}}
{"__type":"$$EventMessageConfirm","confirm":"3bac5f9e-c4cb-41d3-b571-7e533d677ceb","ts":"2025-04-21T23:40:11.589-04:00","source":{"id":"0","name":"eventBus"}}
{"__type":"$$EventMessageNode","id":"8db3edec-e923-4fd8-ac9e-70844267d96d","ts":"2025-04-21T23:40:11.590-04:00","eventName":"n8n.node.started","message":"n8n.node.started","payload":{"workflowId":"9BX3IYpL7ow00y9K","workflowName":"wf socials","executionId":"59","nodeType":"n8n-nodes-base.googleSheets","nodeName":"Google Sheets17"}}
{"__type":"$$EventMessageConfirm","confirm":"8db3edec-e923-4fd8-ac9e-70844267d96d","ts":"2025-04-21T23:40:11.590-04:00","source":{"id":"0","name":"eventBus"}}
{"__type":"$$EventMessageNode","id":"c5551918-2d8c-49b7-8b67-f9fef7e08f53","ts":"2025-04-21T23:40:12.717-04:00","eventName":"n8n.node.finished","message":"n8n.node.finished","payload":{"workflowId":"9BX3IYpL7ow00y9K","workflowName":"wf socials","executionId":"59","nodeType":"n8n-nodes-base.googleSheets","nodeName":"Google Sheets17"}}
{"__type":"$$EventMessageConfirm","confirm":"c5551918-2d8c-49b7-8b67-f9fef7e08f53","ts":"2025-04-21T23:40:12.718-04:00","source":{"id":"0","name":"eventBus"}}
{"__type":"$$EventMessageWorkflow","id":"6dfcf2fb-4249-478f-be67-6c528e100aab","ts":"2025-04-21T23:40:12.725-04:00","eventName":"n8n.workflow.success","message":"n8n.workflow.success","payload":{"executionId":"59","userId":"a5b2e2ef-4238-4704-8283-612e195f2569","success":true,"isManual":true,"workflowId":"9BX3IYpL7ow00y9K","workflowName":"wf socials"}}
{"__type":"$$EventMessageConfirm","confirm":"6dfcf2fb-4249-478f-be67-6c528e100aab","ts":"2025-04-21T23:40:12.725-04:00","source":{"id":"0","name":"eventBus"}}
{"__type":"$$EventMessageWorkflow","id":"0e53cc64-f43b-4fec-8e18-d9ae69deb321","ts":"2025-04-21T23:41:00.203-04:00","eventName":"n8n.workflow.started","message":"n8n.workflow.started","payload":{"executionId":"60","workflowId":"9BX3IYpL7ow00y9K","isManual":false,"workflowName":"wf socials"}}
{"__type":"$$EventMessageConfirm","confirm":"0e53cc64-f43b-4fec-8e18-d9ae69deb321","ts":"2025-04-21T23:41:00.203-04:00","source":{"id":"0","name":"eventBus"}}
{"__type":"$$EventMessageNode","id":"7b83a241-c875-40e7-9772-2d9b30a5212c","ts":"2025-04-21T23:41:00.203-04:00","eventName":"n8n.node.started","message":"n8n.node.started","payload":{"workflowId":"9BX3IYpL7ow00y9K","workflowName":"wf socials","executionId":"60","nodeType":"n8n-nodes-base.manualTrigger","nodeName":"When clicking ‘Test workflow’"}}
{"__type":"$$EventMessageConfirm","confirm":"7b83a241-c875-40e7-9772-2d9b30a5212c","ts":"2025-04-21T23:41:00.203-04:00","source":{"id":"0","name":"eventBus"}}
{"__type":"$$EventMessageNode","id":"9e77d66c-f734-4ed0-a5b6-f14d1428cea7","ts":"2025-04-21T23:41:00.205-04:00","eventName":"n8n.node.finished","message":"n8n.node.finished","payload":{"workflowId":"9BX3IYpL7ow00y9K","workflowName":"wf socials","executionId":"60","nodeType":"n8n-nodes-base.manualTrigger","nodeName":"When clicking ‘Test workflow’"}}
{"__type":"$$EventMessageConfirm","confirm":"9e77d66c-f734-4ed0-a5b6-f14d1428cea7","ts":"2025-04-21T23:41:00.205-04:00","source":{"id":"0","name":"eventBus"}}
{"__type":"$$EventMessageNode","id":"5d6d8bec-e01a-4c67-aabc-416cf3bf215b","ts":"2025-04-21T23:41:00.205-04:00","eventName":"n8n.node.started","message":"n8n.node.started","payload":{"workflowId":"9BX3IYpL7ow00y9K","workflowName":"wf socials","executionId":"60","nodeType":"n8n-nodes-base.googleSheets","nodeName":"Google Sheets16"}}
{"__type":"$$EventMessageConfirm","confirm":"5d6d8bec-e01a-4c67-aabc-416cf3bf215b","ts":"2025-04-21T23:41:00.205-04:00","source":{"id":"0","name":"eventBus"}}
{"__type":"$$EventMessageNode","id":"b2a12029-4769-429b-bc90-0382be67d01b","ts":"2025-04-21T23:41:01.381-04:00","eventName":"n8n.node.finished","message":"n8n.node.finished","payload":{"workflowId":"9BX3IYpL7ow00y9K","workflowName":"wf socials","executionId":"60","nodeType":"n8n-nodes-base.googleSheets","nodeName":"Google Sheets16"}}
{"__type":"$$EventMessageConfirm","confirm":"b2a12029-4769-429b-bc90-0382be67d01b","ts":"2025-04-21T23:41:01.381-04:00","source":{"id":"0","name":"eventBus"}}
{"__type":"$$EventMessageNode","id":"9ddd3a61-0ade-4405-8aeb-cf40e05d6703","ts":"2025-04-21T23:41:01.381-04:00","eventName":"n8n.node.started","message":"n8n.node.started","payload":{"workflowId":"9BX3IYpL7ow00y9K","workflowName":"wf socials","executionId":"60","nodeType":"n8n-nodes-base.httpRequest","nodeName":"HTTP Request17"}}
{"__type":"$$EventMessageConfirm","confirm":"9ddd3a61-0ade-4405-8aeb-cf40e05d6703","ts":"2025-04-21T23:41:01.381-04:00","source":{"id":"0","name":"eventBus"}}
{"__type":"$$EventMessageNode","id":"e661d241-64af-4512-9f2f-1b5c4fc3b519","ts":"2025-04-21T23:41:03.277-04:00","eventName":"n8n.node.finished","message":"n8n.node.finished","payload":{"workflowId":"9BX3IYpL7ow00y9K","workflowName":"wf socials","executionId":"60","nodeType":"n8n-nodes-base.httpRequest","nodeName":"HTTP Request17"}}
{"__type":"$$EventMessageConfirm","confirm":"e661d241-64af-4512-9f2f-1b5c4fc3b519","ts":"2025-04-21T23:41:03.277-04:00","source":{"id":"0","name":"eventBus"}}
{"__type":"$$EventMessageWorkflow","id":"ad70f2c7-1c0d-4211-806c-d84a65fcbb3a","ts":"2025-04-21T23:41:03.291-04:00","eventName":"n8n.workflow.failed","message":"n8n.workflow.failed","payload":{"executionId":"60","userId":"a5b2e2ef-4238-4704-8283-612e195f2569","success":false,"isManual":true,"workflowId":"9BX3IYpL7ow00y9K","workflowName":"wf socials","lastNodeExecuted":"HTTP Request17","errorNodeType":"n8n-nodes-base.httpRequest","errorMessage":"The service was not able to process your request"}}
{"__type":"$$EventMessageConfirm","confirm":"ad70f2c7-1c0d-4211-806c-d84a65fcbb3a","ts":"2025-04-21T23:41:03.291-04:00","source":{"id":"0","name":"eventBus"}}
{"__type":"$$EventMessageWorkflow","id":"862006ca-e46a-4967-9594-5a0415d1977a","ts":"2025-04-21T23:42:49.346-04:00","eventName":"n8n.workflow.started","message":"n8n.workflow.started","payload":{"executionId":"61","workflowId":"9BX3IYpL7ow00y9K","isManual":false,"workflowName":"wf socials"}}
{"__type":"$$EventMessageConfirm","confirm":"862006ca-e46a-4967-9594-5a0415d1977a","ts":"2025-04-21T23:42:49.346-04:00","source":{"id":"0","name":"eventBus"}}
{"__type":"$$EventMessageNode","id":"b3b898ef-109b-4a5e-a9d9-8d8a53304347","ts":"2025-04-21T23:42:49.347-04:00","eventName":"n8n.node.started","message":"n8n.node.started","payload":{"workflowId":"9BX3IYpL7ow00y9K","workflowName":"wf socials","executionId":"61","nodeType":"n8n-nodes-base.manualTrigger","nodeName":"When clicking ‘Test workflow’"}}
{"__type":"$$EventMessageConfirm","confirm":"b3b898ef-109b-4a5e-a9d9-8d8a53304347","ts":"2025-04-21T23:42:49.347-04:00","source":{"id":"0","name":"eventBus"}}
{"__type":"$$EventMessageNode","id":"5bb3ecb1-cf24-446f-94ec-8d8a310b306e","ts":"2025-04-21T23:42:49.349-04:00","eventName":"n8n.node.finished","message":"n8n.node.finished","payload":{"workflowId":"9BX3IYpL7ow00y9K","workflowName":"wf socials","executionId":"61","nodeType":"n8n-nodes-base.manualTrigger","nodeName":"When clicking ‘Test workflow’"}}
{"__type":"$$EventMessageConfirm","confirm":"5bb3ecb1-cf24-446f-94ec-8d8a310b306e","ts":"2025-04-21T23:42:49.349-04:00","source":{"id":"0","name":"eventBus"}}
{"__type":"$$EventMessageNode","id":"b470aa3b-e362-49e9-aa30-9630100ded78","ts":"2025-04-21T23:42:49.349-04:00","eventName":"n8n.node.started","message":"n8n.node.started","payload":{"workflowId":"9BX3IYpL7ow00y9K","workflowName":"wf socials","executionId":"61","nodeType":"n8n-nodes-base.googleSheets","nodeName":"Google Sheets16"}}
{"__type":"$$EventMessageConfirm","confirm":"b470aa3b-e362-49e9-aa30-9630100ded78","ts":"2025-04-21T23:42:49.350-04:00","source":{"id":"0","name":"eventBus"}}
{"__type":"$$EventMessageNode","id":"4e6834a8-0700-4203-b8ba-736fe2f23e49","ts":"2025-04-21T23:42:50.467-04:00","eventName":"n8n.node.finished","message":"n8n.node.finished","payload":{"workflowId":"9BX3IYpL7ow00y9K","workflowName":"wf socials","executionId":"61","nodeType":"n8n-nodes-base.googleSheets","nodeName":"Google Sheets16"}}
{"__type":"$$EventMessageConfirm","confirm":"4e6834a8-0700-4203-b8ba-736fe2f23e49","ts":"2025-04-21T23:42:50.468-04:00","source":{"id":"0","name":"eventBus"}}
{"__type":"$$EventMessageNode","id":"13afe023-fab9-45ac-9d0c-38def678124d","ts":"2025-04-21T23:42:50.470-04:00","eventName":"n8n.node.started","message":"n8n.node.started","payload":{"workflowId":"9BX3IYpL7ow00y9K","workflowName":"wf socials","executionId":"61","nodeType":"n8n-nodes-base.httpRequest","nodeName":"HTTP Request17"}}
{"__type":"$$EventMessageConfirm","confirm":"13afe023-fab9-45ac-9d0c-38def678124d","ts":"2025-04-21T23:42:50.470-04:00","source":{"id":"0","name":"eventBus"}}
{"__type":"$$EventMessageNode","id":"c9622862-febb-4e7d-974d-3ab5b42da5f6","ts":"2025-04-21T23:42:52.310-04:00","eventName":"n8n.node.finished","message":"n8n.node.finished","payload":{"workflowId":"9BX3IYpL7ow00y9K","workflowName":"wf socials","executionId":"61","nodeType":"n8n-nodes-base.httpRequest","nodeName":"HTTP Request17"}}
{"__type":"$$EventMessageConfirm","confirm":"c9622862-febb-4e7d-974d-3ab5b42da5f6","ts":"2025-04-21T23:42:52.311-04:00","source":{"id":"0","name":"eventBus"}}
{"__type":"$$EventMessageWorkflow","id":"672bdeba-008a-4baa-9e0e-ca31c584a0ac","ts":"2025-04-21T23:42:52.319-04:00","eventName":"n8n.workflow.failed","message":"n8n.workflow.failed","payload":{"executionId":"61","userId":"a5b2e2ef-4238-4704-8283-612e195f2569","success":false,"isManual":true,"workflowId":"9BX3IYpL7ow00y9K","workflowName":"wf socials","lastNodeExecuted":"HTTP Request17","errorNodeType":"n8n-nodes-base.httpRequest","errorMessage":"The service was not able to process your request"}}
{"__type":"$$EventMessageConfirm","confirm":"672bdeba-008a-4baa-9e0e-ca31c584a0ac","ts":"2025-04-21T23:42:52.319-04:00","source":{"id":"0","name":"eventBus"}}
{"__type":"$$EventMessageWorkflow","id":"15494861-dbcc-472a-b4d0-d3ae09fedb5d","ts":"2025-04-21T23:45:42.574-04:00","eventName":"n8n.workflow.started","message":"n8n.workflow.started","payload":{"executionId":"62","workflowId":"9BX3IYpL7ow00y9K","isManual":false,"workflowName":"wf socials"}}
{"__type":"$$EventMessageConfirm","confirm":"15494861-dbcc-472a-b4d0-d3ae09fedb5d","ts":"2025-04-21T23:45:42.575-04:00","source":{"id":"0","name":"eventBus"}}
{"__type":"$$EventMessageNode","id":"d14999ad-1072-4abf-aac6-3a343e66d20c","ts":"2025-04-21T23:45:42.575-04:00","eventName":"n8n.node.started","message":"n8n.node.started","payload":{"workflowId":"9BX3IYpL7ow00y9K","workflowName":"wf socials","executionId":"62","nodeType":"n8n-nodes-base.manualTrigger","nodeName":"When clicking ‘Test workflow’"}}
{"__type":"$$EventMessageConfirm","confirm":"d14999ad-1072-4abf-aac6-3a343e66d20c","ts":"2025-04-21T23:45:42.575-04:00","source":{"id":"0","name":"eventBus"}}
{"__type":"$$EventMessageNode","id":"4b62c1a9-a14e-4f47-bb16-fbfe3c9a1543","ts":"2025-04-21T23:45:42.577-04:00","eventName":"n8n.node.finished","message":"n8n.node.finished","payload":{"workflowId":"9BX3IYpL7ow00y9K","workflowName":"wf socials","executionId":"62","nodeType":"n8n-nodes-base.manualTrigger","nodeName":"When clicking ‘Test workflow’"}}
{"__type":"$$EventMessageConfirm","confirm":"4b62c1a9-a14e-4f47-bb16-fbfe3c9a1543","ts":"2025-04-21T23:45:42.577-04:00","source":{"id":"0","name":"eventBus"}}
{"__type":"$$EventMessageNode","id":"5194ba63-4737-4d36-8918-489e2b8c82c2","ts":"2025-04-21T23:45:42.577-04:00","eventName":"n8n.node.started","message":"n8n.node.started","payload":{"workflowId":"9BX3IYpL7ow00y9K","workflowName":"wf socials","executionId":"62","nodeType":"n8n-nodes-base.googleSheets","nodeName":"Google Sheets16"}}
{"__type":"$$EventMessageConfirm","confirm":"5194ba63-4737-4d36-8918-489e2b8c82c2","ts":"2025-04-21T23:45:42.577-04:00","source":{"id":"0","name":"eventBus"}}
{"__type":"$$EventMessageNode","id":"b68b6b73-327b-4719-b2a0-23b8d7571aa9","ts":"2025-04-21T23:45:44.101-04:00","eventName":"n8n.node.finished","message":"n8n.node.finished","payload":{"workflowId":"9BX3IYpL7ow00y9K","workflowName":"wf socials","executionId":"62","nodeType":"n8n-nodes-base.googleSheets","nodeName":"Google Sheets16"}}
{"__type":"$$EventMessageConfirm","confirm":"b68b6b73-327b-4719-b2a0-23b8d7571aa9","ts":"2025-04-21T23:45:44.101-04:00","source":{"id":"0","name":"eventBus"}}
{"__type":"$$EventMessageNode","id":"23ae5c9b-e8ad-4272-8e03-0939133f2ec2","ts":"2025-04-21T23:45:44.102-04:00","eventName":"n8n.node.started","message":"n8n.node.started","payload":{"workflowId":"9BX3IYpL7ow00y9K","workflowName":"wf socials","executionId":"62","nodeType":"n8n-nodes-base.httpRequest","nodeName":"HTTP Request17"}}
{"__type":"$$EventMessageConfirm","confirm":"23ae5c9b-e8ad-4272-8e03-0939133f2ec2","ts":"2025-04-21T23:45:44.102-04:00","source":{"id":"0","name":"eventBus"}}
{"__type":"$$EventMessageNode","id":"d32a3e86-6d06-4791-a508-1dc7fa0972c3","ts":"2025-04-21T23:45:46.342-04:00","eventName":"n8n.node.finished","message":"n8n.node.finished","payload":{"workflowId":"9BX3IYpL7ow00y9K","workflowName":"wf socials","executionId":"62","nodeType":"n8n-nodes-base.httpRequest","nodeName":"HTTP Request17"}}
{"__type":"$$EventMessageConfirm","confirm":"d32a3e86-6d06-4791-a508-1dc7fa0972c3","ts":"2025-04-21T23:45:46.342-04:00","source":{"id":"0","name":"eventBus"}}
{"__type":"$$EventMessageWorkflow","id":"1332e181-44fb-4053-9df2-425ec179137a","ts":"2025-04-21T23:45:46.348-04:00","eventName":"n8n.workflow.failed","message":"n8n.workflow.failed","payload":{"executionId":"62","userId":"a5b2e2ef-4238-4704-8283-612e195f2569","success":false,"isManual":true,"workflowId":"9BX3IYpL7ow00y9K","workflowName":"wf socials","lastNodeExecuted":"HTTP Request17","errorNodeType":"n8n-nodes-base.httpRequest","errorMessage":"The service was not able to process your request"}}
{"__type":"$$EventMessageConfirm","confirm":"1332e181-44fb-4053-9df2-425ec179137a","ts":"2025-04-21T23:45:46.348-04:00","source":{"id":"0","name":"eventBus"}}
{"__type":"$$EventMessageAudit","id":"009eaa1d-5f86-418f-9de8-bb5f973ff0ab","ts":"2025-04-21T23:56:07.718-04:00","eventName":"n8n.audit.workflow.updated","message":"n8n.audit.workflow.updated","payload":{"userId":"a5b2e2ef-4238-4704-8283-612e195f2569","_email":"nguyenduccanh1523@gmail.com","_firstName":"canh","_lastName":"canh","globalRole":"global:owner","workflowId":"9BX3IYpL7ow00y9K","workflowName":"wf socials"}}
{"__type":"$$EventMessageConfirm","confirm":"009eaa1d-5f86-418f-9de8-bb5f973ff0ab","ts":"2025-04-21T23:56:07.718-04:00","source":{"id":"0","name":"eventBus"}}
{"__type":"$$EventMessageWorkflow","id":"ab94186c-a487-4eba-ab43-40938a17e901","ts":"2025-04-21T23:56:09.605-04:00","eventName":"n8n.workflow.started","message":"n8n.workflow.started","payload":{"executionId":"63","workflowId":"9BX3IYpL7ow00y9K","isManual":false,"workflowName":"wf socials"}}
{"__type":"$$EventMessageConfirm","confirm":"ab94186c-a487-4eba-ab43-40938a17e901","ts":"2025-04-21T23:56:09.605-04:00","source":{"id":"0","name":"eventBus"}}
{"__type":"$$EventMessageNode","id":"1b93e516-9596-48ea-bb5c-c81f87718100","ts":"2025-04-21T23:56:09.606-04:00","eventName":"n8n.node.started","message":"n8n.node.started","payload":{"workflowId":"9BX3IYpL7ow00y9K","workflowName":"wf socials","executionId":"63","nodeType":"n8n-nodes-base.manualTrigger","nodeName":"When clicking ‘Test workflow’"}}
{"__type":"$$EventMessageConfirm","confirm":"1b93e516-9596-48ea-bb5c-c81f87718100","ts":"2025-04-21T23:56:09.606-04:00","source":{"id":"0","name":"eventBus"}}
{"__type":"$$EventMessageNode","id":"d5dabcd3-67f9-48b7-978a-1ca359a9604d","ts":"2025-04-21T23:56:09.608-04:00","eventName":"n8n.node.finished","message":"n8n.node.finished","payload":{"workflowId":"9BX3IYpL7ow00y9K","workflowName":"wf socials","executionId":"63","nodeType":"n8n-nodes-base.manualTrigger","nodeName":"When clicking ‘Test workflow’"}}
{"__type":"$$EventMessageConfirm","confirm":"d5dabcd3-67f9-48b7-978a-1ca359a9604d","ts":"2025-04-21T23:56:09.609-04:00","source":{"id":"0","name":"eventBus"}}
{"__type":"$$EventMessageNode","id":"b14e94c4-ea96-4e66-95b0-8fde862f937b","ts":"2025-04-21T23:56:09.609-04:00","eventName":"n8n.node.started","message":"n8n.node.started","payload":{"workflowId":"9BX3IYpL7ow00y9K","workflowName":"wf socials","executionId":"63","nodeType":"n8n-nodes-base.googleSheets","nodeName":"Google Sheets16"}}
{"__type":"$$EventMessageConfirm","confirm":"b14e94c4-ea96-4e66-95b0-8fde862f937b","ts":"2025-04-21T23:56:09.609-04:00","source":{"id":"0","name":"eventBus"}}
{"__type":"$$EventMessageNode","id":"042cb278-ea02-40d0-a407-de3483dccb22","ts":"2025-04-21T23:56:11.141-04:00","eventName":"n8n.node.finished","message":"n8n.node.finished","payload":{"workflowId":"9BX3IYpL7ow00y9K","workflowName":"wf socials","executionId":"63","nodeType":"n8n-nodes-base.googleSheets","nodeName":"Google Sheets16"}}
{"__type":"$$EventMessageConfirm","confirm":"042cb278-ea02-40d0-a407-de3483dccb22","ts":"2025-04-21T23:56:11.141-04:00","source":{"id":"0","name":"eventBus"}}
{"__type":"$$EventMessageNode","id":"0ed07c50-9422-4a9f-abc8-3039b0301854","ts":"2025-04-21T23:56:11.142-04:00","eventName":"n8n.node.started","message":"n8n.node.started","payload":{"workflowId":"9BX3IYpL7ow00y9K","workflowName":"wf socials","executionId":"63","nodeType":"n8n-nodes-base.httpRequest","nodeName":"HTTP Request17"}}
{"__type":"$$EventMessageConfirm","confirm":"0ed07c50-9422-4a9f-abc8-3039b0301854","ts":"2025-04-21T23:56:11.142-04:00","source":{"id":"0","name":"eventBus"}}
{"__type":"$$EventMessageNode","id":"33a9bffc-8cfd-416e-b35b-f32d69e9c40b","ts":"2025-04-21T23:56:14.119-04:00","eventName":"n8n.node.finished","message":"n8n.node.finished","payload":{"workflowId":"9BX3IYpL7ow00y9K","workflowName":"wf socials","executionId":"63","nodeType":"n8n-nodes-base.httpRequest","nodeName":"HTTP Request17"}}
{"__type":"$$EventMessageConfirm","confirm":"33a9bffc-8cfd-416e-b35b-f32d69e9c40b","ts":"2025-04-21T23:56:14.119-04:00","source":{"id":"0","name":"eventBus"}}
{"__type":"$$EventMessageWorkflow","id":"1fab494d-219a-4397-8814-04f32b2013db","ts":"2025-04-21T23:56:14.136-04:00","eventName":"n8n.workflow.failed","message":"n8n.workflow.failed","payload":{"executionId":"63","userId":"a5b2e2ef-4238-4704-8283-612e195f2569","success":false,"isManual":true,"workflowId":"9BX3IYpL7ow00y9K","workflowName":"wf socials","lastNodeExecuted":"HTTP Request17","errorNodeType":"n8n-nodes-base.httpRequest","errorMessage":"The service was not able to process your request"}}
{"__type":"$$EventMessageConfirm","confirm":"1fab494d-219a-4397-8814-04f32b2013db","ts":"2025-04-21T23:56:14.136-04:00","source":{"id":"0","name":"eventBus"}}
{"__type":"$$EventMessageAudit","id":"7797856b-ab80-45c5-85d5-1e8d417f831a","ts":"2025-04-21T23:56:40.027-04:00","eventName":"n8n.audit.workflow.updated","message":"n8n.audit.workflow.updated","payload":{"userId":"a5b2e2ef-4238-4704-8283-612e195f2569","_email":"nguyenduccanh1523@gmail.com","_firstName":"canh","_lastName":"canh","globalRole":"global:owner","workflowId":"9BX3IYpL7ow00y9K","workflowName":"wf socials"}}
{"__type":"$$EventMessageConfirm","confirm":"7797856b-ab80-45c5-85d5-1e8d417f831a","ts":"2025-04-21T23:56:40.027-04:00","source":{"id":"0","name":"eventBus"}}
{"__type":"$$EventMessageWorkflow","id":"b4e1645b-326e-4b55-a769-f5e79542c93f","ts":"2025-04-21T23:57:12.523-04:00","eventName":"n8n.workflow.started","message":"n8n.workflow.started","payload":{"executionId":"64","workflowId":"9BX3IYpL7ow00y9K","isManual":false,"workflowName":"wf socials"}}
{"__type":"$$EventMessageConfirm","confirm":"b4e1645b-326e-4b55-a769-f5e79542c93f","ts":"2025-04-21T23:57:12.523-04:00","source":{"id":"0","name":"eventBus"}}
{"__type":"$$EventMessageNode","id":"4784c92d-f07a-4029-aeb8-868902f2e240","ts":"2025-04-21T23:57:12.524-04:00","eventName":"n8n.node.started","message":"n8n.node.started","payload":{"workflowId":"9BX3IYpL7ow00y9K","workflowName":"wf socials","executionId":"64","nodeType":"n8n-nodes-base.manualTrigger","nodeName":"When clicking ‘Test workflow’"}}
{"__type":"$$EventMessageConfirm","confirm":"4784c92d-f07a-4029-aeb8-868902f2e240","ts":"2025-04-21T23:57:12.524-04:00","source":{"id":"0","name":"eventBus"}}
{"__type":"$$EventMessageNode","id":"8fad2d12-5893-4ddc-9dd4-297064d52620","ts":"2025-04-21T23:57:12.525-04:00","eventName":"n8n.node.finished","message":"n8n.node.finished","payload":{"workflowId":"9BX3IYpL7ow00y9K","workflowName":"wf socials","executionId":"64","nodeType":"n8n-nodes-base.manualTrigger","nodeName":"When clicking ‘Test workflow’"}}
{"__type":"$$EventMessageConfirm","confirm":"8fad2d12-5893-4ddc-9dd4-297064d52620","ts":"2025-04-21T23:57:12.525-04:00","source":{"id":"0","name":"eventBus"}}
{"__type":"$$EventMessageNode","id":"9304cbdb-e0c3-4489-a04f-53b5e5e6a71f","ts":"2025-04-21T23:57:12.526-04:00","eventName":"n8n.node.started","message":"n8n.node.started","payload":{"workflowId":"9BX3IYpL7ow00y9K","workflowName":"wf socials","executionId":"64","nodeType":"n8n-nodes-base.googleSheets","nodeName":"Google Sheets17"}}
{"__type":"$$EventMessageConfirm","confirm":"9304cbdb-e0c3-4489-a04f-53b5e5e6a71f","ts":"2025-04-21T23:57:12.526-04:00","source":{"id":"0","name":"eventBus"}}
{"__type":"$$EventMessageNode","id":"81554181-a444-45ac-966b-b52df0a422a4","ts":"2025-04-21T23:57:13.641-04:00","eventName":"n8n.node.finished","message":"n8n.node.finished","payload":{"workflowId":"9BX3IYpL7ow00y9K","workflowName":"wf socials","executionId":"64","nodeType":"n8n-nodes-base.googleSheets","nodeName":"Google Sheets17"}}
{"__type":"$$EventMessageConfirm","confirm":"81554181-a444-45ac-966b-b52df0a422a4","ts":"2025-04-21T23:57:13.642-04:00","source":{"id":"0","name":"eventBus"}}
{"__type":"$$EventMessageWorkflow","id":"1ed6d8cd-6087-410e-975a-f7c886dab3e0","ts":"2025-04-21T23:57:13.655-04:00","eventName":"n8n.workflow.success","message":"n8n.workflow.success","payload":{"executionId":"64","userId":"a5b2e2ef-4238-4704-8283-612e195f2569","success":true,"isManual":true,"workflowId":"9BX3IYpL7ow00y9K","workflowName":"wf socials"}}
{"__type":"$$EventMessageConfirm","confirm":"1ed6d8cd-6087-410e-975a-f7c886dab3e0","ts":"2025-04-21T23:57:13.655-04:00","source":{"id":"0","name":"eventBus"}}
{"__type":"$$EventMessageAudit","id":"3b7eacea-3139-440a-81df-064b44eeabd3","ts":"2025-04-21T23:59:05.111-04:00","eventName":"n8n.audit.workflow.updated","message":"n8n.audit.workflow.updated","payload":{"userId":"a5b2e2ef-4238-4704-8283-612e195f2569","_email":"nguyenduccanh1523@gmail.com","_firstName":"canh","_lastName":"canh","globalRole":"global:owner","workflowId":"9BX3IYpL7ow00y9K","workflowName":"wf socials"}}
{"__type":"$$EventMessageConfirm","confirm":"3b7eacea-3139-440a-81df-064b44eeabd3","ts":"2025-04-21T23:59:05.111-04:00","source":{"id":"0","name":"eventBus"}}
{"__type":"$$EventMessageWorkflow","id":"308e0536-bdca-45c6-bed2-f560a783b549","ts":"2025-04-21T23:59:05.976-04:00","eventName":"n8n.workflow.started","message":"n8n.workflow.started","payload":{"executionId":"65","workflowId":"9BX3IYpL7ow00y9K","isManual":false,"workflowName":"wf socials"}}
{"__type":"$$EventMessageConfirm","confirm":"308e0536-bdca-45c6-bed2-f560a783b549","ts":"2025-04-21T23:59:05.976-04:00","source":{"id":"0","name":"eventBus"}}
{"__type":"$$EventMessageNode","id":"ed9ad344-223e-4329-95af-71f7fc882a28","ts":"2025-04-21T23:59:05.977-04:00","eventName":"n8n.node.started","message":"n8n.node.started","payload":{"workflowId":"9BX3IYpL7ow00y9K","workflowName":"wf socials","executionId":"65","nodeType":"n8n-nodes-base.manualTrigger","nodeName":"When clicking ‘Test workflow’"}}
{"__type":"$$EventMessageConfirm","confirm":"ed9ad344-223e-4329-95af-71f7fc882a28","ts":"2025-04-21T23:59:05.977-04:00","source":{"id":"0","name":"eventBus"}}
{"__type":"$$EventMessageNode","id":"632393df-27d3-485c-b1e5-90172c093f4e","ts":"2025-04-21T23:59:05.978-04:00","eventName":"n8n.node.finished","message":"n8n.node.finished","payload":{"workflowId":"9BX3IYpL7ow00y9K","workflowName":"wf socials","executionId":"65","nodeType":"n8n-nodes-base.manualTrigger","nodeName":"When clicking ‘Test workflow’"}}
{"__type":"$$EventMessageConfirm","confirm":"632393df-27d3-485c-b1e5-90172c093f4e","ts":"2025-04-21T23:59:05.978-04:00","source":{"id":"0","name":"eventBus"}}
{"__type":"$$EventMessageNode","id":"cfeaa41f-4d35-46af-acb3-c94d3035da5a","ts":"2025-04-21T23:59:05.978-04:00","eventName":"n8n.node.started","message":"n8n.node.started","payload":{"workflowId":"9BX3IYpL7ow00y9K","workflowName":"wf socials","executionId":"65","nodeType":"n8n-nodes-base.googleSheets","nodeName":"Google Sheets17"}}
{"__type":"$$EventMessageConfirm","confirm":"cfeaa41f-4d35-46af-acb3-c94d3035da5a","ts":"2025-04-21T23:59:05.978-04:00","source":{"id":"0","name":"eventBus"}}
{"__type":"$$EventMessageNode","id":"77ec7bb3-1d5d-4e4c-9fe9-b1b3db525d18","ts":"2025-04-21T23:59:07.190-04:00","eventName":"n8n.node.finished","message":"n8n.node.finished","payload":{"workflowId":"9BX3IYpL7ow00y9K","workflowName":"wf socials","executionId":"65","nodeType":"n8n-nodes-base.googleSheets","nodeName":"Google Sheets17"}}
{"__type":"$$EventMessageConfirm","confirm":"77ec7bb3-1d5d-4e4c-9fe9-b1b3db525d18","ts":"2025-04-21T23:59:07.190-04:00","source":{"id":"0","name":"eventBus"}}
{"__type":"$$EventMessageNode","id":"e8421140-6ec0-416d-bca5-61a19a48e8ea","ts":"2025-04-21T23:59:07.191-04:00","eventName":"n8n.node.started","message":"n8n.node.started","payload":{"workflowId":"9BX3IYpL7ow00y9K","workflowName":"wf socials","executionId":"65","nodeType":"n8n-nodes-base.httpRequest","nodeName":"HTTP Request18"}}
{"__type":"$$EventMessageConfirm","confirm":"e8421140-6ec0-416d-bca5-61a19a48e8ea","ts":"2025-04-21T23:59:07.191-04:00","source":{"id":"0","name":"eventBus"}}
{"__type":"$$EventMessageNode","id":"cb2d63e2-a169-4cdd-908e-d644fc3ed90e","ts":"2025-04-21T23:59:08.369-04:00","eventName":"n8n.node.finished","message":"n8n.node.finished","payload":{"workflowId":"9BX3IYpL7ow00y9K","workflowName":"wf socials","executionId":"65","nodeType":"n8n-nodes-base.httpRequest","nodeName":"HTTP Request18"}}
{"__type":"$$EventMessageConfirm","confirm":"cb2d63e2-a169-4cdd-908e-d644fc3ed90e","ts":"2025-04-21T23:59:08.369-04:00","source":{"id":"0","name":"eventBus"}}
{"__type":"$$EventMessageWorkflow","id":"55d5792c-c17b-42fb-bfe3-6d9526b56f0c","ts":"2025-04-21T23:59:08.378-04:00","eventName":"n8n.workflow.failed","message":"n8n.workflow.failed","payload":{"executionId":"65","userId":"a5b2e2ef-4238-4704-8283-612e195f2569","success":false,"isManual":true,"workflowId":"9BX3IYpL7ow00y9K","workflowName":"wf socials","lastNodeExecuted":"HTTP Request18","errorNodeType":"n8n-nodes-base.httpRequest","errorMessage":"Bad request - please check your parameters"}}
{"__type":"$$EventMessageConfirm","confirm":"55d5792c-c17b-42fb-bfe3-6d9526b56f0c","ts":"2025-04-21T23:59:08.378-04:00","source":{"id":"0","name":"eventBus"}}
{"__type":"$$EventMessageWorkflow","id":"06678e4e-9006-4eeb-982a-1fbecc6b7f98","ts":"2025-04-21T23:59:29.543-04:00","eventName":"n8n.workflow.started","message":"n8n.workflow.started","payload":{"executionId":"66","workflowId":"9BX3IYpL7ow00y9K","isManual":false,"workflowName":"wf socials"}}
{"__type":"$$EventMessageConfirm","confirm":"06678e4e-9006-4eeb-982a-1fbecc6b7f98","ts":"2025-04-21T23:59:29.543-04:00","source":{"id":"0","name":"eventBus"}}
{"__type":"$$EventMessageNode","id":"eca6a065-fed6-4c91-bef8-91380872ccd5","ts":"2025-04-21T23:59:29.544-04:00","eventName":"n8n.node.started","message":"n8n.node.started","payload":{"workflowId":"9BX3IYpL7ow00y9K","workflowName":"wf socials","executionId":"66","nodeType":"n8n-nodes-base.manualTrigger","nodeName":"When clicking ‘Test workflow’"}}
{"__type":"$$EventMessageConfirm","confirm":"eca6a065-fed6-4c91-bef8-91380872ccd5","ts":"2025-04-21T23:59:29.544-04:00","source":{"id":"0","name":"eventBus"}}
{"__type":"$$EventMessageNode","id":"0baff16d-4a5c-4719-b557-d03b07fc1416","ts":"2025-04-21T23:59:29.545-04:00","eventName":"n8n.node.finished","message":"n8n.node.finished","payload":{"workflowId":"9BX3IYpL7ow00y9K","workflowName":"wf socials","executionId":"66","nodeType":"n8n-nodes-base.manualTrigger","nodeName":"When clicking ‘Test workflow’"}}
{"__type":"$$EventMessageConfirm","confirm":"0baff16d-4a5c-4719-b557-d03b07fc1416","ts":"2025-04-21T23:59:29.545-04:00","source":{"id":"0","name":"eventBus"}}
{"__type":"$$EventMessageNode","id":"2d495e52-5a6f-4e4a-b25a-e02c7d936dbd","ts":"2025-04-21T23:59:29.546-04:00","eventName":"n8n.node.started","message":"n8n.node.started","payload":{"workflowId":"9BX3IYpL7ow00y9K","workflowName":"wf socials","executionId":"66","nodeType":"n8n-nodes-base.googleSheets","nodeName":"Google Sheets17"}}
{"__type":"$$EventMessageConfirm","confirm":"2d495e52-5a6f-4e4a-b25a-e02c7d936dbd","ts":"2025-04-21T23:59:29.546-04:00","source":{"id":"0","name":"eventBus"}}
{"__type":"$$EventMessageNode","id":"e870b777-eda6-45de-a8a8-331713d1277e","ts":"2025-04-21T23:59:30.528-04:00","eventName":"n8n.node.finished","message":"n8n.node.finished","payload":{"workflowId":"9BX3IYpL7ow00y9K","workflowName":"wf socials","executionId":"66","nodeType":"n8n-nodes-base.googleSheets","nodeName":"Google Sheets17"}}
{"__type":"$$EventMessageConfirm","confirm":"e870b777-eda6-45de-a8a8-331713d1277e","ts":"2025-04-21T23:59:30.528-04:00","source":{"id":"0","name":"eventBus"}}
{"__type":"$$EventMessageNode","id":"6ae73439-547a-48bb-ba0a-d6f489ad25cd","ts":"2025-04-21T23:59:30.528-04:00","eventName":"n8n.node.started","message":"n8n.node.started","payload":{"workflowId":"9BX3IYpL7ow00y9K","workflowName":"wf socials","executionId":"66","nodeType":"n8n-nodes-base.httpRequest","nodeName":"HTTP Request18"}}
{"__type":"$$EventMessageConfirm","confirm":"6ae73439-547a-48bb-ba0a-d6f489ad25cd","ts":"2025-04-21T23:59:30.529-04:00","source":{"id":"0","name":"eventBus"}}
{"__type":"$$EventMessageNode","id":"3fbdebb9-b40b-4f0c-8333-92753c690214","ts":"2025-04-21T23:59:31.667-04:00","eventName":"n8n.node.finished","message":"n8n.node.finished","payload":{"workflowId":"9BX3IYpL7ow00y9K","workflowName":"wf socials","executionId":"66","nodeType":"n8n-nodes-base.httpRequest","nodeName":"HTTP Request18"}}
{"__type":"$$EventMessageConfirm","confirm":"3fbdebb9-b40b-4f0c-8333-92753c690214","ts":"2025-04-21T23:59:31.667-04:00","source":{"id":"0","name":"eventBus"}}
{"__type":"$$EventMessageWorkflow","id":"8b28e939-69a8-417f-b5e6-36114cac0ce3","ts":"2025-04-21T23:59:31.673-04:00","eventName":"n8n.workflow.failed","message":"n8n.workflow.failed","payload":{"executionId":"66","userId":"a5b2e2ef-4238-4704-8283-612e195f2569","success":false,"isManual":true,"workflowId":"9BX3IYpL7ow00y9K","workflowName":"wf socials","lastNodeExecuted":"HTTP Request18","errorNodeType":"n8n-nodes-base.httpRequest","errorMessage":"The service was not able to process your request"}}
{"__type":"$$EventMessageConfirm","confirm":"8b28e939-69a8-417f-b5e6-36114cac0ce3","ts":"2025-04-21T23:59:31.673-04:00","source":{"id":"0","name":"eventBus"}}
{"__type":"$$EventMessageWorkflow","id":"1d803880-b93a-4831-86e2-bafd9d5bc842","ts":"2025-04-22T00:01:24.477-04:00","eventName":"n8n.workflow.started","message":"n8n.workflow.started","payload":{"executionId":"67","workflowId":"9BX3IYpL7ow00y9K","isManual":false,"workflowName":"wf socials"}}
{"__type":"$$EventMessageConfirm","confirm":"1d803880-b93a-4831-86e2-bafd9d5bc842","ts":"2025-04-22T00:01:24.477-04:00","source":{"id":"0","name":"eventBus"}}
{"__type":"$$EventMessageNode","id":"d372abed-f41f-493e-a9ab-0edd26c9070f","ts":"2025-04-22T00:01:24.477-04:00","eventName":"n8n.node.started","message":"n8n.node.started","payload":{"workflowId":"9BX3IYpL7ow00y9K","workflowName":"wf socials","executionId":"67","nodeType":"n8n-nodes-base.manualTrigger","nodeName":"When clicking ‘Test workflow’"}}
{"__type":"$$EventMessageConfirm","confirm":"d372abed-f41f-493e-a9ab-0edd26c9070f","ts":"2025-04-22T00:01:24.477-04:00","source":{"id":"0","name":"eventBus"}}
{"__type":"$$EventMessageNode","id":"a8730340-fe00-40c7-b265-a97e99c9782d","ts":"2025-04-22T00:01:24.478-04:00","eventName":"n8n.node.finished","message":"n8n.node.finished","payload":{"workflowId":"9BX3IYpL7ow00y9K","workflowName":"wf socials","executionId":"67","nodeType":"n8n-nodes-base.manualTrigger","nodeName":"When clicking ‘Test workflow’"}}
{"__type":"$$EventMessageConfirm","confirm":"a8730340-fe00-40c7-b265-a97e99c9782d","ts":"2025-04-22T00:01:24.479-04:00","source":{"id":"0","name":"eventBus"}}
{"__type":"$$EventMessageNode","id":"c0f1993d-bc59-4a83-8596-af68b1bd9c29","ts":"2025-04-22T00:01:24.479-04:00","eventName":"n8n.node.started","message":"n8n.node.started","payload":{"workflowId":"9BX3IYpL7ow00y9K","workflowName":"wf socials","executionId":"67","nodeType":"n8n-nodes-base.googleSheets","nodeName":"Google Sheets17"}}
{"__type":"$$EventMessageConfirm","confirm":"c0f1993d-bc59-4a83-8596-af68b1bd9c29","ts":"2025-04-22T00:01:24.479-04:00","source":{"id":"0","name":"eventBus"}}
{"__type":"$$EventMessageNode","id":"d7ff890b-ecf7-4257-a141-c540442dda07","ts":"2025-04-22T00:01:25.930-04:00","eventName":"n8n.node.finished","message":"n8n.node.finished","payload":{"workflowId":"9BX3IYpL7ow00y9K","workflowName":"wf socials","executionId":"67","nodeType":"n8n-nodes-base.googleSheets","nodeName":"Google Sheets17"}}
{"__type":"$$EventMessageConfirm","confirm":"d7ff890b-ecf7-4257-a141-c540442dda07","ts":"2025-04-22T00:01:25.930-04:00","source":{"id":"0","name":"eventBus"}}
{"__type":"$$EventMessageNode","id":"f8b00b81-fa6f-4284-8b85-e29439e894c3","ts":"2025-04-22T00:01:25.931-04:00","eventName":"n8n.node.started","message":"n8n.node.started","payload":{"workflowId":"9BX3IYpL7ow00y9K","workflowName":"wf socials","executionId":"67","nodeType":"n8n-nodes-base.httpRequest","nodeName":"HTTP Request18"}}
{"__type":"$$EventMessageConfirm","confirm":"f8b00b81-fa6f-4284-8b85-e29439e894c3","ts":"2025-04-22T00:01:25.931-04:00","source":{"id":"0","name":"eventBus"}}
{"__type":"$$EventMessageNode","id":"4d583061-33bb-44b2-9f9d-c3611c767ed1","ts":"2025-04-22T00:01:27.143-04:00","eventName":"n8n.node.finished","message":"n8n.node.finished","payload":{"workflowId":"9BX3IYpL7ow00y9K","workflowName":"wf socials","executionId":"67","nodeType":"n8n-nodes-base.httpRequest","nodeName":"HTTP Request18"}}
{"__type":"$$EventMessageConfirm","confirm":"4d583061-33bb-44b2-9f9d-c3611c767ed1","ts":"2025-04-22T00:01:27.143-04:00","source":{"id":"0","name":"eventBus"}}
{"__type":"$$EventMessageWorkflow","id":"e07f0d93-9673-491a-83cf-3ea4dea02542","ts":"2025-04-22T00:01:27.151-04:00","eventName":"n8n.workflow.failed","message":"n8n.workflow.failed","payload":{"executionId":"67","userId":"a5b2e2ef-4238-4704-8283-612e195f2569","success":false,"isManual":true,"workflowId":"9BX3IYpL7ow00y9K","workflowName":"wf socials","lastNodeExecuted":"HTTP Request18","errorNodeType":"n8n-nodes-base.httpRequest","errorMessage":"The service was not able to process your request"}}
{"__type":"$$EventMessageConfirm","confirm":"e07f0d93-9673-491a-83cf-3ea4dea02542","ts":"2025-04-22T00:01:27.151-04:00","source":{"id":"0","name":"eventBus"}}
{"__type":"$$EventMessageWorkflow","id":"930e9da4-a120-452c-a38d-ca4906ce5c09","ts":"2025-04-22T00:02:25.628-04:00","eventName":"n8n.workflow.started","message":"n8n.workflow.started","payload":{"executionId":"68","workflowId":"9BX3IYpL7ow00y9K","isManual":false,"workflowName":"wf socials"}}
{"__type":"$$EventMessageConfirm","confirm":"930e9da4-a120-452c-a38d-ca4906ce5c09","ts":"2025-04-22T00:02:25.628-04:00","source":{"id":"0","name":"eventBus"}}
{"__type":"$$EventMessageNode","id":"3b22e700-0347-449e-a145-fa307dd1e570","ts":"2025-04-22T00:02:25.629-04:00","eventName":"n8n.node.started","message":"n8n.node.started","payload":{"workflowId":"9BX3IYpL7ow00y9K","workflowName":"wf socials","executionId":"68","nodeType":"n8n-nodes-base.httpRequest","nodeName":"HTTP Request18"}}
{"__type":"$$EventMessageConfirm","confirm":"3b22e700-0347-449e-a145-fa307dd1e570","ts":"2025-04-22T00:02:25.630-04:00","source":{"id":"0","name":"eventBus"}}
{"__type":"$$EventMessageNode","id":"79beb04d-f496-4e57-ba6e-e32660c60a42","ts":"2025-04-22T00:02:26.879-04:00","eventName":"n8n.node.finished","message":"n8n.node.finished","payload":{"workflowId":"9BX3IYpL7ow00y9K","workflowName":"wf socials","executionId":"68","nodeType":"n8n-nodes-base.httpRequest","nodeName":"HTTP Request18"}}
{"__type":"$$EventMessageConfirm","confirm":"79beb04d-f496-4e57-ba6e-e32660c60a42","ts":"2025-04-22T00:02:26.879-04:00","source":{"id":"0","name":"eventBus"}}
{"__type":"$$EventMessageWorkflow","id":"81345b6d-af43-411c-888b-22ed005e44c2","ts":"2025-04-22T00:02:26.892-04:00","eventName":"n8n.workflow.failed","message":"n8n.workflow.failed","payload":{"executionId":"68","userId":"a5b2e2ef-4238-4704-8283-612e195f2569","success":false,"isManual":true,"workflowId":"9BX3IYpL7ow00y9K","workflowName":"wf socials","lastNodeExecuted":"HTTP Request18","errorNodeType":"n8n-nodes-base.httpRequest","errorMessage":"The service was not able to process your request"}}
{"__type":"$$EventMessageConfirm","confirm":"81345b6d-af43-411c-888b-22ed005e44c2","ts":"2025-04-22T00:02:26.892-04:00","source":{"id":"0","name":"eventBus"}}
{"__type":"$$EventMessageWorkflow","id":"0ba5cee4-3ea4-4a17-a241-be139fb7d702","ts":"2025-04-22T00:02:47.596-04:00","eventName":"n8n.workflow.started","message":"n8n.workflow.started","payload":{"executionId":"69","workflowId":"9BX3IYpL7ow00y9K","isManual":false,"workflowName":"wf socials"}}
{"__type":"$$EventMessageConfirm","confirm":"0ba5cee4-3ea4-4a17-a241-be139fb7d702","ts":"2025-04-22T00:02:47.596-04:00","source":{"id":"0","name":"eventBus"}}
{"__type":"$$EventMessageNode","id":"f7c14588-052d-4296-b37a-12c89c38a5b5","ts":"2025-04-22T00:02:47.598-04:00","eventName":"n8n.node.started","message":"n8n.node.started","payload":{"workflowId":"9BX3IYpL7ow00y9K","workflowName":"wf socials","executionId":"69","nodeType":"n8n-nodes-base.httpRequest","nodeName":"HTTP Request18"}}
{"__type":"$$EventMessageConfirm","confirm":"f7c14588-052d-4296-b37a-12c89c38a5b5","ts":"2025-04-22T00:02:47.599-04:00","source":{"id":"0","name":"eventBus"}}
{"__type":"$$EventMessageNode","id":"14065283-ff3b-4179-9d16-ee6f5e4bf20d","ts":"2025-04-22T00:02:49.070-04:00","eventName":"n8n.node.finished","message":"n8n.node.finished","payload":{"workflowId":"9BX3IYpL7ow00y9K","workflowName":"wf socials","executionId":"69","nodeType":"n8n-nodes-base.httpRequest","nodeName":"HTTP Request18"}}
{"__type":"$$EventMessageConfirm","confirm":"14065283-ff3b-4179-9d16-ee6f5e4bf20d","ts":"2025-04-22T00:02:49.070-04:00","source":{"id":"0","name":"eventBus"}}
{"__type":"$$EventMessageWorkflow","id":"7ea0f07a-2906-42aa-83ec-231d47ce7f9c","ts":"2025-04-22T00:02:49.077-04:00","eventName":"n8n.workflow.failed","message":"n8n.workflow.failed","payload":{"executionId":"69","userId":"a5b2e2ef-4238-4704-8283-612e195f2569","success":false,"isManual":true,"workflowId":"9BX3IYpL7ow00y9K","workflowName":"wf socials","lastNodeExecuted":"HTTP Request18","errorNodeType":"n8n-nodes-base.httpRequest","errorMessage":"The service was not able to process your request"}}
{"__type":"$$EventMessageConfirm","confirm":"7ea0f07a-2906-42aa-83ec-231d47ce7f9c","ts":"2025-04-22T00:02:49.077-04:00","source":{"id":"0","name":"eventBus"}}
{"__type":"$$EventMessageWorkflow","id":"c89f4053-e146-4f39-a87d-614d8e5e643b","ts":"2025-04-22T00:05:59.985-04:00","eventName":"n8n.workflow.started","message":"n8n.workflow.started","payload":{"executionId":"70","workflowId":"9BX3IYpL7ow00y9K","isManual":false,"workflowName":"wf socials"}}
{"__type":"$$EventMessageConfirm","confirm":"c89f4053-e146-4f39-a87d-614d8e5e643b","ts":"2025-04-22T00:05:59.986-04:00","source":{"id":"0","name":"eventBus"}}
{"__type":"$$EventMessageNode","id":"a5a333ce-0192-4484-8ba1-aca8cc32b426","ts":"2025-04-22T00:05:59.987-04:00","eventName":"n8n.node.started","message":"n8n.node.started","payload":{"workflowId":"9BX3IYpL7ow00y9K","workflowName":"wf socials","executionId":"70","nodeType":"n8n-nodes-base.manualTrigger","nodeName":"When clicking ‘Test workflow’"}}
{"__type":"$$EventMessageConfirm","confirm":"a5a333ce-0192-4484-8ba1-aca8cc32b426","ts":"2025-04-22T00:05:59.987-04:00","source":{"id":"0","name":"eventBus"}}
{"__type":"$$EventMessageNode","id":"a987ad61-72f8-4ad8-b88c-a840ccedaebe","ts":"2025-04-22T00:05:59.991-04:00","eventName":"n8n.node.finished","message":"n8n.node.finished","payload":{"workflowId":"9BX3IYpL7ow00y9K","workflowName":"wf socials","executionId":"70","nodeType":"n8n-nodes-base.manualTrigger","nodeName":"When clicking ‘Test workflow’"}}
{"__type":"$$EventMessageConfirm","confirm":"a987ad61-72f8-4ad8-b88c-a840ccedaebe","ts":"2025-04-22T00:05:59.991-04:00","source":{"id":"0","name":"eventBus"}}
{"__type":"$$EventMessageNode","id":"4b6f6375-9d11-4204-927f-77bc7a517c1d","ts":"2025-04-22T00:05:59.992-04:00","eventName":"n8n.node.started","message":"n8n.node.started","payload":{"workflowId":"9BX3IYpL7ow00y9K","workflowName":"wf socials","executionId":"70","nodeType":"n8n-nodes-base.googleSheets","nodeName":"Google Sheets17"}}
{"__type":"$$EventMessageConfirm","confirm":"4b6f6375-9d11-4204-927f-77bc7a517c1d","ts":"2025-04-22T00:05:59.992-04:00","source":{"id":"0","name":"eventBus"}}
{"__type":"$$EventMessageNode","id":"7ae0f1da-3522-45e7-94d9-59c8195a1cc5","ts":"2025-04-22T00:06:01.290-04:00","eventName":"n8n.node.finished","message":"n8n.node.finished","payload":{"workflowId":"9BX3IYpL7ow00y9K","workflowName":"wf socials","executionId":"70","nodeType":"n8n-nodes-base.googleSheets","nodeName":"Google Sheets17"}}
{"__type":"$$EventMessageConfirm","confirm":"7ae0f1da-3522-45e7-94d9-59c8195a1cc5","ts":"2025-04-22T00:06:01.290-04:00","source":{"id":"0","name":"eventBus"}}
{"__type":"$$EventMessageNode","id":"1471779b-f008-4449-9b6b-762e615c0497","ts":"2025-04-22T00:06:01.291-04:00","eventName":"n8n.node.started","message":"n8n.node.started","payload":{"workflowId":"9BX3IYpL7ow00y9K","workflowName":"wf socials","executionId":"70","nodeType":"n8n-nodes-base.httpRequest","nodeName":"HTTP Request18"}}
{"__type":"$$EventMessageConfirm","confirm":"1471779b-f008-4449-9b6b-762e615c0497","ts":"2025-04-22T00:06:01.291-04:00","source":{"id":"0","name":"eventBus"}}
{"__type":"$$EventMessageNode","id":"63253795-a68c-4257-9825-9ffa6be022bc","ts":"2025-04-22T00:06:02.563-04:00","eventName":"n8n.node.finished","message":"n8n.node.finished","payload":{"workflowId":"9BX3IYpL7ow00y9K","workflowName":"wf socials","executionId":"70","nodeType":"n8n-nodes-base.httpRequest","nodeName":"HTTP Request18"}}
{"__type":"$$EventMessageConfirm","confirm":"63253795-a68c-4257-9825-9ffa6be022bc","ts":"2025-04-22T00:06:02.563-04:00","source":{"id":"0","name":"eventBus"}}
{"__type":"$$EventMessageWorkflow","id":"3f61da15-0214-4b64-aaca-ba62281e4c4e","ts":"2025-04-22T00:06:02.579-04:00","eventName":"n8n.workflow.failed","message":"n8n.workflow.failed","payload":{"executionId":"70","userId":"a5b2e2ef-4238-4704-8283-612e195f2569","success":false,"isManual":true,"workflowId":"9BX3IYpL7ow00y9K","workflowName":"wf socials","lastNodeExecuted":"HTTP Request18","errorNodeType":"n8n-nodes-base.httpRequest","errorMessage":"The service was not able to process your request"}}
{"__type":"$$EventMessageConfirm","confirm":"3f61da15-0214-4b64-aaca-ba62281e4c4e","ts":"2025-04-22T00:06:02.579-04:00","source":{"id":"0","name":"eventBus"}}
{"__type":"$$EventMessageWorkflow","id":"8219ef9d-e003-490d-b8d5-ac41e77f19bd","ts":"2025-04-22T00:07:45.358-04:00","eventName":"n8n.workflow.started","message":"n8n.workflow.started","payload":{"executionId":"71","workflowId":"9BX3IYpL7ow00y9K","isManual":false,"workflowName":"wf socials"}}
{"__type":"$$EventMessageConfirm","confirm":"8219ef9d-e003-490d-b8d5-ac41e77f19bd","ts":"2025-04-22T00:07:45.358-04:00","source":{"id":"0","name":"eventBus"}}
{"__type":"$$EventMessageNode","id":"78719512-c531-4025-a556-59c845fea29f","ts":"2025-04-22T00:07:45.360-04:00","eventName":"n8n.node.started","message":"n8n.node.started","payload":{"workflowId":"9BX3IYpL7ow00y9K","workflowName":"wf socials","executionId":"71","nodeType":"n8n-nodes-base.httpRequest","nodeName":"HTTP Request18"}}
{"__type":"$$EventMessageConfirm","confirm":"78719512-c531-4025-a556-59c845fea29f","ts":"2025-04-22T00:07:45.360-04:00","source":{"id":"0","name":"eventBus"}}
{"__type":"$$EventMessageNode","id":"84b5c67b-bfb7-44be-a230-dc6111c5630d","ts":"2025-04-22T00:07:46.587-04:00","eventName":"n8n.node.finished","message":"n8n.node.finished","payload":{"workflowId":"9BX3IYpL7ow00y9K","workflowName":"wf socials","executionId":"71","nodeType":"n8n-nodes-base.httpRequest","nodeName":"HTTP Request18"}}
{"__type":"$$EventMessageConfirm","confirm":"84b5c67b-bfb7-44be-a230-dc6111c5630d","ts":"2025-04-22T00:07:46.587-04:00","source":{"id":"0","name":"eventBus"}}
{"__type":"$$EventMessageWorkflow","id":"7850022b-c586-467d-81bc-cea063df1f7f","ts":"2025-04-22T00:07:46.593-04:00","eventName":"n8n.workflow.failed","message":"n8n.workflow.failed","payload":{"executionId":"71","userId":"a5b2e2ef-4238-4704-8283-612e195f2569","success":false,"isManual":true,"workflowId":"9BX3IYpL7ow00y9K","workflowName":"wf socials","lastNodeExecuted":"HTTP Request18","errorNodeType":"n8n-nodes-base.httpRequest","errorMessage":"The service was not able to process your request"}}
{"__type":"$$EventMessageConfirm","confirm":"7850022b-c586-467d-81bc-cea063df1f7f","ts":"2025-04-22T00:07:46.593-04:00","source":{"id":"0","name":"eventBus"}}
{"__type":"$$EventMessageWorkflow","id":"4bae1ddc-8eac-4fe0-981d-ef3271145381","ts":"2025-04-22T00:08:04.133-04:00","eventName":"n8n.workflow.started","message":"n8n.workflow.started","payload":{"executionId":"72","workflowId":"9BX3IYpL7ow00y9K","isManual":false,"workflowName":"wf socials"}}
{"__type":"$$EventMessageConfirm","confirm":"4bae1ddc-8eac-4fe0-981d-ef3271145381","ts":"2025-04-22T00:08:04.133-04:00","source":{"id":"0","name":"eventBus"}}
{"__type":"$$EventMessageNode","id":"35a99abf-b13c-49c5-b4b5-3788e32fea91","ts":"2025-04-22T00:08:04.134-04:00","eventName":"n8n.node.started","message":"n8n.node.started","payload":{"workflowId":"9BX3IYpL7ow00y9K","workflowName":"wf socials","executionId":"72","nodeType":"n8n-nodes-base.httpRequest","nodeName":"HTTP Request18"}}
{"__type":"$$EventMessageConfirm","confirm":"35a99abf-b13c-49c5-b4b5-3788e32fea91","ts":"2025-04-22T00:08:04.134-04:00","source":{"id":"0","name":"eventBus"}}
{"__type":"$$EventMessageNode","id":"d3eca28c-8fb8-4021-82c6-28e95434ddca","ts":"2025-04-22T00:08:05.455-04:00","eventName":"n8n.node.finished","message":"n8n.node.finished","payload":{"workflowId":"9BX3IYpL7ow00y9K","workflowName":"wf socials","executionId":"72","nodeType":"n8n-nodes-base.httpRequest","nodeName":"HTTP Request18"}}
{"__type":"$$EventMessageConfirm","confirm":"d3eca28c-8fb8-4021-82c6-28e95434ddca","ts":"2025-04-22T00:08:05.455-04:00","source":{"id":"0","name":"eventBus"}}
{"__type":"$$EventMessageWorkflow","id":"ce91f7e3-0174-47cc-919a-6e2d5860383f","ts":"2025-04-22T00:08:05.462-04:00","eventName":"n8n.workflow.failed","message":"n8n.workflow.failed","payload":{"executionId":"72","userId":"a5b2e2ef-4238-4704-8283-612e195f2569","success":false,"isManual":true,"workflowId":"9BX3IYpL7ow00y9K","workflowName":"wf socials","lastNodeExecuted":"HTTP Request18","errorNodeType":"n8n-nodes-base.httpRequest","errorMessage":"The service was not able to process your request"}}
{"__type":"$$EventMessageConfirm","confirm":"ce91f7e3-0174-47cc-919a-6e2d5860383f","ts":"2025-04-22T00:08:05.462-04:00","source":{"id":"0","name":"eventBus"}}
{"__type":"$$EventMessageWorkflow","id":"b509003a-ab92-4b8a-9bdb-c4bd8c06ea9b","ts":"2025-04-22T00:08:35.986-04:00","eventName":"n8n.workflow.started","message":"n8n.workflow.started","payload":{"executionId":"73","workflowId":"9BX3IYpL7ow00y9K","isManual":false,"workflowName":"wf socials"}}
{"__type":"$$EventMessageConfirm","confirm":"b509003a-ab92-4b8a-9bdb-c4bd8c06ea9b","ts":"2025-04-22T00:08:35.986-04:00","source":{"id":"0","name":"eventBus"}}
{"__type":"$$EventMessageNode","id":"1dd43f1c-96e2-4773-a90e-51a400dc05d3","ts":"2025-04-22T00:08:35.987-04:00","eventName":"n8n.node.started","message":"n8n.node.started","payload":{"workflowId":"9BX3IYpL7ow00y9K","workflowName":"wf socials","executionId":"73","nodeType":"n8n-nodes-base.httpRequest","nodeName":"HTTP Request18"}}
{"__type":"$$EventMessageConfirm","confirm":"1dd43f1c-96e2-4773-a90e-51a400dc05d3","ts":"2025-04-22T00:08:35.987-04:00","source":{"id":"0","name":"eventBus"}}
{"__type":"$$EventMessageNode","id":"ef0ea40b-795a-4c2e-be87-e413d68920d3","ts":"2025-04-22T00:08:37.301-04:00","eventName":"n8n.node.finished","message":"n8n.node.finished","payload":{"workflowId":"9BX3IYpL7ow00y9K","workflowName":"wf socials","executionId":"73","nodeType":"n8n-nodes-base.httpRequest","nodeName":"HTTP Request18"}}
{"__type":"$$EventMessageConfirm","confirm":"ef0ea40b-795a-4c2e-be87-e413d68920d3","ts":"2025-04-22T00:08:37.301-04:00","source":{"id":"0","name":"eventBus"}}
{"__type":"$$EventMessageWorkflow","id":"de1acc58-63e2-4474-938f-fa8c1b056cef","ts":"2025-04-22T00:08:37.308-04:00","eventName":"n8n.workflow.failed","message":"n8n.workflow.failed","payload":{"executionId":"73","userId":"a5b2e2ef-4238-4704-8283-612e195f2569","success":false,"isManual":true,"workflowId":"9BX3IYpL7ow00y9K","workflowName":"wf socials","lastNodeExecuted":"HTTP Request18","errorNodeType":"n8n-nodes-base.httpRequest","errorMessage":"The service was not able to process your request"}}
{"__type":"$$EventMessageConfirm","confirm":"de1acc58-63e2-4474-938f-fa8c1b056cef","ts":"2025-04-22T00:08:37.308-04:00","source":{"id":"0","name":"eventBus"}}
{"__type":"$$EventMessageWorkflow","id":"6078af08-a3db-4fe4-b029-a2246105871a","ts":"2025-04-22T00:11:56.082-04:00","eventName":"n8n.workflow.started","message":"n8n.workflow.started","payload":{"executionId":"74","workflowId":"9BX3IYpL7ow00y9K","isManual":false,"workflowName":"wf socials"}}
{"__type":"$$EventMessageConfirm","confirm":"6078af08-a3db-4fe4-b029-a2246105871a","ts":"2025-04-22T00:11:56.082-04:00","source":{"id":"0","name":"eventBus"}}
{"__type":"$$EventMessageNode","id":"fa12bc7f-69c0-447c-a00e-b052c2011072","ts":"2025-04-22T00:11:56.083-04:00","eventName":"n8n.node.started","message":"n8n.node.started","payload":{"workflowId":"9BX3IYpL7ow00y9K","workflowName":"wf socials","executionId":"74","nodeType":"n8n-nodes-base.manualTrigger","nodeName":"When clicking ‘Test workflow’"}}
{"__type":"$$EventMessageConfirm","confirm":"fa12bc7f-69c0-447c-a00e-b052c2011072","ts":"2025-04-22T00:11:56.083-04:00","source":{"id":"0","name":"eventBus"}}
{"__type":"$$EventMessageNode","id":"9e246677-5266-40e8-b868-3b0134e74019","ts":"2025-04-22T00:11:56.084-04:00","eventName":"n8n.node.finished","message":"n8n.node.finished","payload":{"workflowId":"9BX3IYpL7ow00y9K","workflowName":"wf socials","executionId":"74","nodeType":"n8n-nodes-base.manualTrigger","nodeName":"When clicking ‘Test workflow’"}}
{"__type":"$$EventMessageConfirm","confirm":"9e246677-5266-40e8-b868-3b0134e74019","ts":"2025-04-22T00:11:56.084-04:00","source":{"id":"0","name":"eventBus"}}
{"__type":"$$EventMessageNode","id":"3b05ce66-8441-4bea-9d0c-03e3870d7393","ts":"2025-04-22T00:11:56.085-04:00","eventName":"n8n.node.started","message":"n8n.node.started","payload":{"workflowId":"9BX3IYpL7ow00y9K","workflowName":"wf socials","executionId":"74","nodeType":"n8n-nodes-base.googleSheets","nodeName":"Google Sheets17"}}
{"__type":"$$EventMessageConfirm","confirm":"3b05ce66-8441-4bea-9d0c-03e3870d7393","ts":"2025-04-22T00:11:56.085-04:00","source":{"id":"0","name":"eventBus"}}
{"__type":"$$EventMessageNode","id":"4b2eaada-694c-42d3-875c-528ecc94c87b","ts":"2025-04-22T00:11:58.920-04:00","eventName":"n8n.node.finished","message":"n8n.node.finished","payload":{"workflowId":"9BX3IYpL7ow00y9K","workflowName":"wf socials","executionId":"74","nodeType":"n8n-nodes-base.googleSheets","nodeName":"Google Sheets17"}}
{"__type":"$$EventMessageConfirm","confirm":"4b2eaada-694c-42d3-875c-528ecc94c87b","ts":"2025-04-22T00:11:58.920-04:00","source":{"id":"0","name":"eventBus"}}
{"__type":"$$EventMessageNode","id":"6628bd0e-f644-4406-9e6e-f767ee36b533","ts":"2025-04-22T00:11:58.921-04:00","eventName":"n8n.node.started","message":"n8n.node.started","payload":{"workflowId":"9BX3IYpL7ow00y9K","workflowName":"wf socials","executionId":"74","nodeType":"n8n-nodes-base.httpRequest","nodeName":"HTTP Request18"}}
{"__type":"$$EventMessageConfirm","confirm":"6628bd0e-f644-4406-9e6e-f767ee36b533","ts":"2025-04-22T00:11:58.921-04:00","source":{"id":"0","name":"eventBus"}}
{"__type":"$$EventMessageNode","id":"9107bcdf-6a42-4ed9-aa72-5a7e1935aa60","ts":"2025-04-22T00:12:00.972-04:00","eventName":"n8n.node.finished","message":"n8n.node.finished","payload":{"workflowId":"9BX3IYpL7ow00y9K","workflowName":"wf socials","executionId":"74","nodeType":"n8n-nodes-base.httpRequest","nodeName":"HTTP Request18"}}
{"__type":"$$EventMessageConfirm","confirm":"9107bcdf-6a42-4ed9-aa72-5a7e1935aa60","ts":"2025-04-22T00:12:00.972-04:00","source":{"id":"0","name":"eventBus"}}
{"__type":"$$EventMessageWorkflow","id":"3494ce8a-9a4c-4c89-a060-ba5938772dc9","ts":"2025-04-22T00:12:00.978-04:00","eventName":"n8n.workflow.failed","message":"n8n.workflow.failed","payload":{"executionId":"74","userId":"a5b2e2ef-4238-4704-8283-612e195f2569","success":false,"isManual":true,"workflowId":"9BX3IYpL7ow00y9K","workflowName":"wf socials","lastNodeExecuted":"HTTP Request18","errorNodeType":"n8n-nodes-base.httpRequest","errorMessage":"The service was not able to process your request"}}
{"__type":"$$EventMessageConfirm","confirm":"3494ce8a-9a4c-4c89-a060-ba5938772dc9","ts":"2025-04-22T00:12:00.978-04:00","source":{"id":"0","name":"eventBus"}}
