{"__type":"$$EventMessageAudit","id":"b2c4b48c-13a5-45cf-ab3d-a9abd4211e86","ts":"2025-02-28T11:21:53.202+07:00","eventName":"n8n.audit.workflow.updated","message":"n8n.audit.workflow.updated","payload":{"userId":"24298978-0261-4a6e-b00f-9df70dc17535","_email":"nguyenduccanh1523@gmail.com","_firstName":"ca","_lastName":"canh","globalRole":"global:owner","workflowId":"pSOtbw0jo3eyLIf8","workflowName":"My workflow"}}
{"__type":"$$EventMessageConfirm","confirm":"b2c4b48c-13a5-45cf-ab3d-a9abd4211e86","ts":"2025-02-28T11:21:53.215+07:00","source":{"id":"0","name":"eventBus"}}
{"__type":"$$EventMessageWorkflow","id":"e2af3721-c874-4b6e-95b2-5c9e9c698080","ts":"2025-02-28T11:22:19.626+07:00","eventName":"n8n.workflow.started","message":"n8n.workflow.started","payload":{"executionId":"114","workflowId":"pSOtbw0jo3eyLIf8","isManual":false,"workflowName":"My workflow"}}
{"__type":"$$EventMessageConfirm","confirm":"e2af3721-c874-4b6e-95b2-5c9e9c698080","ts":"2025-02-28T11:22:19.626+07:00","source":{"id":"0","name":"eventBus"}}
{"__type":"$$EventMessageNode","id":"81671ced-c098-49c2-aaf4-1bbf5208603d","ts":"2025-02-28T11:22:19.629+07:00","eventName":"n8n.node.started","message":"n8n.node.started","payload":{"workflowId":"pSOtbw0jo3eyLIf8","workflowName":"My workflow","executionId":"114","nodeType":"n8n-nodes-base.manualTrigger","nodeName":"When clicking ‘Test workflow’"}}
{"__type":"$$EventMessageConfirm","confirm":"81671ced-c098-49c2-aaf4-1bbf5208603d","ts":"2025-02-28T11:22:19.629+07:00","source":{"id":"0","name":"eventBus"}}
{"__type":"$$EventMessageNode","id":"c6ab0b0e-1b2d-42c1-be53-b1bc8d6f8f9d","ts":"2025-02-28T11:22:19.633+07:00","eventName":"n8n.node.finished","message":"n8n.node.finished","payload":{"workflowId":"pSOtbw0jo3eyLIf8","workflowName":"My workflow","executionId":"114","nodeType":"n8n-nodes-base.manualTrigger","nodeName":"When clicking ‘Test workflow’"}}
{"__type":"$$EventMessageConfirm","confirm":"c6ab0b0e-1b2d-42c1-be53-b1bc8d6f8f9d","ts":"2025-02-28T11:22:19.633+07:00","source":{"id":"0","name":"eventBus"}}
{"__type":"$$EventMessageNode","id":"30fc227a-c548-4568-917c-8077a99ccded","ts":"2025-02-28T11:22:19.633+07:00","eventName":"n8n.node.started","message":"n8n.node.started","payload":{"workflowId":"pSOtbw0jo3eyLIf8","workflowName":"My workflow","executionId":"114","nodeType":"n8n-nodes-base.googleSheets","nodeName":"Google Sheets27"}}
{"__type":"$$EventMessageConfirm","confirm":"30fc227a-c548-4568-917c-8077a99ccded","ts":"2025-02-28T11:22:19.633+07:00","source":{"id":"0","name":"eventBus"}}
{"__type":"$$EventMessageNode","id":"b786ae2a-1957-4c15-bae7-89d1ef9fa189","ts":"2025-02-28T11:22:21.805+07:00","eventName":"n8n.node.finished","message":"n8n.node.finished","payload":{"workflowId":"pSOtbw0jo3eyLIf8","workflowName":"My workflow","executionId":"114","nodeType":"n8n-nodes-base.googleSheets","nodeName":"Google Sheets27"}}
{"__type":"$$EventMessageConfirm","confirm":"b786ae2a-1957-4c15-bae7-89d1ef9fa189","ts":"2025-02-28T11:22:21.805+07:00","source":{"id":"0","name":"eventBus"}}
{"__type":"$$EventMessageNode","id":"8ff55a7d-c63f-4622-8ab7-67c1076fefe6","ts":"2025-02-28T11:22:21.807+07:00","eventName":"n8n.node.started","message":"n8n.node.started","payload":{"workflowId":"pSOtbw0jo3eyLIf8","workflowName":"My workflow","executionId":"114","nodeType":"n8n-nodes-base.httpRequest","nodeName":"HTTP Request16"}}
{"__type":"$$EventMessageConfirm","confirm":"8ff55a7d-c63f-4622-8ab7-67c1076fefe6","ts":"2025-02-28T11:22:21.807+07:00","source":{"id":"0","name":"eventBus"}}
{"__type":"$$EventMessageNode","id":"4305205b-15f2-4510-9ad8-6ed6d55de832","ts":"2025-02-27T23:22:21.892-05:00","eventName":"n8n.node.finished","message":"n8n.node.finished","payload":{"workflowId":"pSOtbw0jo3eyLIf8","workflowName":"My workflow","executionId":"114","nodeType":"n8n-nodes-base.httpRequest","nodeName":"HTTP Request16"}}
{"__type":"$$EventMessageConfirm","confirm":"4305205b-15f2-4510-9ad8-6ed6d55de832","ts":"2025-02-27T23:22:21.892-05:00","source":{"id":"0","name":"eventBus"}}
{"__type":"$$EventMessageWorkflow","id":"02ec2396-3b31-45e4-8b5c-6602ba466a64","ts":"2025-02-27T23:22:21.905-05:00","eventName":"n8n.workflow.failed","message":"n8n.workflow.failed","payload":{"executionId":"114","userId":"24298978-0261-4a6e-b00f-9df70dc17535","success":false,"isManual":true,"workflowId":"pSOtbw0jo3eyLIf8","workflowName":"My workflow","lastNodeExecuted":"HTTP Request16","errorNodeType":"n8n-nodes-base.httpRequest","errorMessage":"JSON parameter needs to be valid JSON"}}
{"__type":"$$EventMessageConfirm","confirm":"02ec2396-3b31-45e4-8b5c-6602ba466a64","ts":"2025-02-27T23:22:21.905-05:00","source":{"id":"0","name":"eventBus"}}
{"__type":"$$EventMessageWorkflow","id":"83189ea8-1371-4185-a434-28feab126502","ts":"2025-02-27T23:24:05.825-05:00","eventName":"n8n.workflow.started","message":"n8n.workflow.started","payload":{"executionId":"115","workflowId":"pSOtbw0jo3eyLIf8","isManual":false,"workflowName":"My workflow"}}
{"__type":"$$EventMessageConfirm","confirm":"83189ea8-1371-4185-a434-28feab126502","ts":"2025-02-27T23:24:05.825-05:00","source":{"id":"0","name":"eventBus"}}
{"__type":"$$EventMessageNode","id":"40a71382-8782-46cc-8e3e-efa78191e909","ts":"2025-02-27T23:24:05.826-05:00","eventName":"n8n.node.started","message":"n8n.node.started","payload":{"workflowId":"pSOtbw0jo3eyLIf8","workflowName":"My workflow","executionId":"115","nodeType":"n8n-nodes-base.manualTrigger","nodeName":"When clicking ‘Test workflow’"}}
{"__type":"$$EventMessageConfirm","confirm":"40a71382-8782-46cc-8e3e-efa78191e909","ts":"2025-02-27T23:24:05.826-05:00","source":{"id":"0","name":"eventBus"}}
{"__type":"$$EventMessageNode","id":"bebbe551-6ba2-451f-a75f-489a0d198ad7","ts":"2025-02-27T23:24:05.827-05:00","eventName":"n8n.node.finished","message":"n8n.node.finished","payload":{"workflowId":"pSOtbw0jo3eyLIf8","workflowName":"My workflow","executionId":"115","nodeType":"n8n-nodes-base.manualTrigger","nodeName":"When clicking ‘Test workflow’"}}
{"__type":"$$EventMessageConfirm","confirm":"bebbe551-6ba2-451f-a75f-489a0d198ad7","ts":"2025-02-27T23:24:05.828-05:00","source":{"id":"0","name":"eventBus"}}
{"__type":"$$EventMessageNode","id":"384aa4e9-d752-4cdd-a2cd-2c65fa96427e","ts":"2025-02-27T23:24:05.828-05:00","eventName":"n8n.node.started","message":"n8n.node.started","payload":{"workflowId":"pSOtbw0jo3eyLIf8","workflowName":"My workflow","executionId":"115","nodeType":"n8n-nodes-base.googleSheets","nodeName":"Google Sheets27"}}
{"__type":"$$EventMessageConfirm","confirm":"384aa4e9-d752-4cdd-a2cd-2c65fa96427e","ts":"2025-02-27T23:24:05.828-05:00","source":{"id":"0","name":"eventBus"}}
{"__type":"$$EventMessageNode","id":"a47a9572-0efd-4f80-a22d-d161a511ad89","ts":"2025-02-27T23:24:06.990-05:00","eventName":"n8n.node.finished","message":"n8n.node.finished","payload":{"workflowId":"pSOtbw0jo3eyLIf8","workflowName":"My workflow","executionId":"115","nodeType":"n8n-nodes-base.googleSheets","nodeName":"Google Sheets27"}}
{"__type":"$$EventMessageConfirm","confirm":"a47a9572-0efd-4f80-a22d-d161a511ad89","ts":"2025-02-27T23:24:06.991-05:00","source":{"id":"0","name":"eventBus"}}
{"__type":"$$EventMessageNode","id":"986d4946-c4b8-4ec9-8fb1-0a498e7fd6f6","ts":"2025-02-27T23:24:06.992-05:00","eventName":"n8n.node.started","message":"n8n.node.started","payload":{"workflowId":"pSOtbw0jo3eyLIf8","workflowName":"My workflow","executionId":"115","nodeType":"n8n-nodes-base.googleSheets","nodeName":"Google Sheets29"}}
{"__type":"$$EventMessageConfirm","confirm":"986d4946-c4b8-4ec9-8fb1-0a498e7fd6f6","ts":"2025-02-27T23:24:06.992-05:00","source":{"id":"0","name":"eventBus"}}
{"__type":"$$EventMessageNode","id":"b815aa06-e623-47a9-8f80-967764a360f7","ts":"2025-02-27T23:24:08.075-05:00","eventName":"n8n.node.finished","message":"n8n.node.finished","payload":{"workflowId":"pSOtbw0jo3eyLIf8","workflowName":"My workflow","executionId":"115","nodeType":"n8n-nodes-base.googleSheets","nodeName":"Google Sheets29"}}
{"__type":"$$EventMessageConfirm","confirm":"b815aa06-e623-47a9-8f80-967764a360f7","ts":"2025-02-27T23:24:08.075-05:00","source":{"id":"0","name":"eventBus"}}
{"__type":"$$EventMessageNode","id":"614c1e8f-5b11-47af-9398-ff213f2a8e94","ts":"2025-02-27T23:24:08.075-05:00","eventName":"n8n.node.started","message":"n8n.node.started","payload":{"workflowId":"pSOtbw0jo3eyLIf8","workflowName":"My workflow","executionId":"115","nodeType":"n8n-nodes-base.httpRequest","nodeName":"HTTP Request17"}}
{"__type":"$$EventMessageConfirm","confirm":"614c1e8f-5b11-47af-9398-ff213f2a8e94","ts":"2025-02-27T23:24:08.075-05:00","source":{"id":"0","name":"eventBus"}}
{"__type":"$$EventMessageNode","id":"4c1a688d-2c4d-486c-b868-2ea8bc2024d1","ts":"2025-02-27T23:24:08.096-05:00","eventName":"n8n.node.finished","message":"n8n.node.finished","payload":{"workflowId":"pSOtbw0jo3eyLIf8","workflowName":"My workflow","executionId":"115","nodeType":"n8n-nodes-base.httpRequest","nodeName":"HTTP Request17"}}
{"__type":"$$EventMessageConfirm","confirm":"4c1a688d-2c4d-486c-b868-2ea8bc2024d1","ts":"2025-02-27T23:24:08.096-05:00","source":{"id":"0","name":"eventBus"}}
{"__type":"$$EventMessageWorkflow","id":"20592a01-6729-41da-a4f9-2d48bdbb6195","ts":"2025-02-27T23:24:08.104-05:00","eventName":"n8n.workflow.failed","message":"n8n.workflow.failed","payload":{"executionId":"115","userId":"24298978-0261-4a6e-b00f-9df70dc17535","success":false,"isManual":true,"workflowId":"pSOtbw0jo3eyLIf8","workflowName":"My workflow","lastNodeExecuted":"HTTP Request17","errorNodeType":"n8n-nodes-base.httpRequest","errorMessage":"JSON parameter needs to be valid JSON"}}
{"__type":"$$EventMessageConfirm","confirm":"20592a01-6729-41da-a4f9-2d48bdbb6195","ts":"2025-02-27T23:24:08.104-05:00","source":{"id":"0","name":"eventBus"}}
{"__type":"$$EventMessageAudit","id":"1d3efe03-3a96-4cde-8efa-5f56c57e4f5f","ts":"2025-02-27T23:25:18.604-05:00","eventName":"n8n.audit.workflow.updated","message":"n8n.audit.workflow.updated","payload":{"userId":"24298978-0261-4a6e-b00f-9df70dc17535","_email":"nguyenduccanh1523@gmail.com","_firstName":"ca","_lastName":"canh","globalRole":"global:owner","workflowId":"pSOtbw0jo3eyLIf8","workflowName":"My workflow"}}
{"__type":"$$EventMessageConfirm","confirm":"1d3efe03-3a96-4cde-8efa-5f56c57e4f5f","ts":"2025-02-27T23:25:18.604-05:00","source":{"id":"0","name":"eventBus"}}
{"__type":"$$EventMessageWorkflow","id":"e0433d8b-e7a8-41f4-b4d4-54290e6f59a6","ts":"2025-02-27T23:25:19.802-05:00","eventName":"n8n.workflow.started","message":"n8n.workflow.started","payload":{"executionId":"116","workflowId":"pSOtbw0jo3eyLIf8","isManual":false,"workflowName":"My workflow"}}
{"__type":"$$EventMessageConfirm","confirm":"e0433d8b-e7a8-41f4-b4d4-54290e6f59a6","ts":"2025-02-27T23:25:19.802-05:00","source":{"id":"0","name":"eventBus"}}
{"__type":"$$EventMessageNode","id":"35310aae-6376-45f4-b4bb-207acd414ef6","ts":"2025-02-27T23:25:19.803-05:00","eventName":"n8n.node.started","message":"n8n.node.started","payload":{"workflowId":"pSOtbw0jo3eyLIf8","workflowName":"My workflow","executionId":"116","nodeType":"n8n-nodes-base.manualTrigger","nodeName":"When clicking ‘Test workflow’"}}
{"__type":"$$EventMessageConfirm","confirm":"35310aae-6376-45f4-b4bb-207acd414ef6","ts":"2025-02-27T23:25:19.803-05:00","source":{"id":"0","name":"eventBus"}}
{"__type":"$$EventMessageNode","id":"25581f37-fa48-4bc6-8f82-7b97f9b00c5e","ts":"2025-02-27T23:25:19.804-05:00","eventName":"n8n.node.finished","message":"n8n.node.finished","payload":{"workflowId":"pSOtbw0jo3eyLIf8","workflowName":"My workflow","executionId":"116","nodeType":"n8n-nodes-base.manualTrigger","nodeName":"When clicking ‘Test workflow’"}}
{"__type":"$$EventMessageConfirm","confirm":"25581f37-fa48-4bc6-8f82-7b97f9b00c5e","ts":"2025-02-27T23:25:19.804-05:00","source":{"id":"0","name":"eventBus"}}
{"__type":"$$EventMessageNode","id":"f4d79969-d1b7-4bc5-a747-934295d2a6fa","ts":"2025-02-27T23:25:19.804-05:00","eventName":"n8n.node.started","message":"n8n.node.started","payload":{"workflowId":"pSOtbw0jo3eyLIf8","workflowName":"My workflow","executionId":"116","nodeType":"n8n-nodes-base.googleSheets","nodeName":"Google Sheets27"}}
{"__type":"$$EventMessageConfirm","confirm":"f4d79969-d1b7-4bc5-a747-934295d2a6fa","ts":"2025-02-27T23:25:19.804-05:00","source":{"id":"0","name":"eventBus"}}
{"__type":"$$EventMessageNode","id":"e6fc7465-5dba-40e8-85a5-a310169d8987","ts":"2025-02-27T23:25:21.015-05:00","eventName":"n8n.node.finished","message":"n8n.node.finished","payload":{"workflowId":"pSOtbw0jo3eyLIf8","workflowName":"My workflow","executionId":"116","nodeType":"n8n-nodes-base.googleSheets","nodeName":"Google Sheets27"}}
{"__type":"$$EventMessageConfirm","confirm":"e6fc7465-5dba-40e8-85a5-a310169d8987","ts":"2025-02-27T23:25:21.015-05:00","source":{"id":"0","name":"eventBus"}}
{"__type":"$$EventMessageNode","id":"6f9cfe0d-3745-4c73-b55a-fad7ececa89b","ts":"2025-02-27T23:25:21.016-05:00","eventName":"n8n.node.started","message":"n8n.node.started","payload":{"workflowId":"pSOtbw0jo3eyLIf8","workflowName":"My workflow","executionId":"116","nodeType":"n8n-nodes-base.code","nodeName":"Code"}}
{"__type":"$$EventMessageConfirm","confirm":"6f9cfe0d-3745-4c73-b55a-fad7ececa89b","ts":"2025-02-27T23:25:21.016-05:00","source":{"id":"0","name":"eventBus"}}
{"__type":"$$EventMessageNode","id":"bd994089-f6b9-4089-8b5d-7b8759ce1d94","ts":"2025-02-27T23:25:21.059-05:00","eventName":"n8n.node.finished","message":"n8n.node.finished","payload":{"workflowId":"pSOtbw0jo3eyLIf8","workflowName":"My workflow","executionId":"116","nodeType":"n8n-nodes-base.code","nodeName":"Code"}}
{"__type":"$$EventMessageConfirm","confirm":"bd994089-f6b9-4089-8b5d-7b8759ce1d94","ts":"2025-02-27T23:25:21.059-05:00","source":{"id":"0","name":"eventBus"}}
{"__type":"$$EventMessageNode","id":"34a62bd9-30a1-4c47-9d2e-2d81eb514ea1","ts":"2025-02-27T23:25:21.059-05:00","eventName":"n8n.node.started","message":"n8n.node.started","payload":{"workflowId":"pSOtbw0jo3eyLIf8","workflowName":"My workflow","executionId":"116","nodeType":"n8n-nodes-base.googleSheets","nodeName":"Google Sheets29"}}
{"__type":"$$EventMessageConfirm","confirm":"34a62bd9-30a1-4c47-9d2e-2d81eb514ea1","ts":"2025-02-27T23:25:21.059-05:00","source":{"id":"0","name":"eventBus"}}
{"__type":"$$EventMessageNode","id":"4d2d6db4-462c-4676-af4a-1dc450c2cd46","ts":"2025-02-27T23:25:22.119-05:00","eventName":"n8n.node.finished","message":"n8n.node.finished","payload":{"workflowId":"pSOtbw0jo3eyLIf8","workflowName":"My workflow","executionId":"116","nodeType":"n8n-nodes-base.googleSheets","nodeName":"Google Sheets29"}}
{"__type":"$$EventMessageConfirm","confirm":"4d2d6db4-462c-4676-af4a-1dc450c2cd46","ts":"2025-02-27T23:25:22.119-05:00","source":{"id":"0","name":"eventBus"}}
{"__type":"$$EventMessageNode","id":"2b3fa0cc-3b2f-4eb9-9454-4f907d2a0355","ts":"2025-02-27T23:25:22.119-05:00","eventName":"n8n.node.started","message":"n8n.node.started","payload":{"workflowId":"pSOtbw0jo3eyLIf8","workflowName":"My workflow","executionId":"116","nodeType":"n8n-nodes-base.httpRequest","nodeName":"HTTP Request17"}}
{"__type":"$$EventMessageConfirm","confirm":"2b3fa0cc-3b2f-4eb9-9454-4f907d2a0355","ts":"2025-02-27T23:25:22.120-05:00","source":{"id":"0","name":"eventBus"}}
{"__type":"$$EventMessageNode","id":"3ac8d975-a3bf-4f97-a5fb-0fe5fb982eff","ts":"2025-02-27T23:25:22.127-05:00","eventName":"n8n.node.finished","message":"n8n.node.finished","payload":{"workflowId":"pSOtbw0jo3eyLIf8","workflowName":"My workflow","executionId":"116","nodeType":"n8n-nodes-base.httpRequest","nodeName":"HTTP Request17"}}
{"__type":"$$EventMessageConfirm","confirm":"3ac8d975-a3bf-4f97-a5fb-0fe5fb982eff","ts":"2025-02-27T23:25:22.127-05:00","source":{"id":"0","name":"eventBus"}}
{"__type":"$$EventMessageWorkflow","id":"2ff8b023-1a15-4ea2-85df-2d27f26dd0b5","ts":"2025-02-27T23:25:22.134-05:00","eventName":"n8n.workflow.failed","message":"n8n.workflow.failed","payload":{"executionId":"116","userId":"24298978-0261-4a6e-b00f-9df70dc17535","success":false,"isManual":true,"workflowId":"pSOtbw0jo3eyLIf8","workflowName":"My workflow","lastNodeExecuted":"HTTP Request17","errorNodeType":"n8n-nodes-base.httpRequest","errorMessage":"JSON parameter needs to be valid JSON"}}
{"__type":"$$EventMessageConfirm","confirm":"2ff8b023-1a15-4ea2-85df-2d27f26dd0b5","ts":"2025-02-27T23:25:22.134-05:00","source":{"id":"0","name":"eventBus"}}
{"__type":"$$EventMessageAudit","id":"98db312c-4965-4e33-8836-31b3b8bd353a","ts":"2025-02-27T23:25:44.713-05:00","eventName":"n8n.audit.workflow.updated","message":"n8n.audit.workflow.updated","payload":{"userId":"24298978-0261-4a6e-b00f-9df70dc17535","_email":"nguyenduccanh1523@gmail.com","_firstName":"ca","_lastName":"canh","globalRole":"global:owner","workflowId":"pSOtbw0jo3eyLIf8","workflowName":"My workflow"}}
{"__type":"$$EventMessageConfirm","confirm":"98db312c-4965-4e33-8836-31b3b8bd353a","ts":"2025-02-27T23:25:44.713-05:00","source":{"id":"0","name":"eventBus"}}
{"__type":"$$EventMessageWorkflow","id":"c9669cf5-0228-462d-9c1a-e228fca737f9","ts":"2025-02-27T23:25:45.385-05:00","eventName":"n8n.workflow.started","message":"n8n.workflow.started","payload":{"executionId":"117","workflowId":"pSOtbw0jo3eyLIf8","isManual":false,"workflowName":"My workflow"}}
{"__type":"$$EventMessageConfirm","confirm":"c9669cf5-0228-462d-9c1a-e228fca737f9","ts":"2025-02-27T23:25:45.385-05:00","source":{"id":"0","name":"eventBus"}}
{"__type":"$$EventMessageNode","id":"f2ec674c-64c6-45a3-9864-33153cf53f12","ts":"2025-02-27T23:25:45.386-05:00","eventName":"n8n.node.started","message":"n8n.node.started","payload":{"workflowId":"pSOtbw0jo3eyLIf8","workflowName":"My workflow","executionId":"117","nodeType":"n8n-nodes-base.manualTrigger","nodeName":"When clicking ‘Test workflow’"}}
{"__type":"$$EventMessageConfirm","confirm":"f2ec674c-64c6-45a3-9864-33153cf53f12","ts":"2025-02-27T23:25:45.386-05:00","source":{"id":"0","name":"eventBus"}}
{"__type":"$$EventMessageNode","id":"0a0427ca-b340-4a71-a93e-5702e149b4e0","ts":"2025-02-27T23:25:45.386-05:00","eventName":"n8n.node.finished","message":"n8n.node.finished","payload":{"workflowId":"pSOtbw0jo3eyLIf8","workflowName":"My workflow","executionId":"117","nodeType":"n8n-nodes-base.manualTrigger","nodeName":"When clicking ‘Test workflow’"}}
{"__type":"$$EventMessageConfirm","confirm":"0a0427ca-b340-4a71-a93e-5702e149b4e0","ts":"2025-02-27T23:25:45.386-05:00","source":{"id":"0","name":"eventBus"}}
{"__type":"$$EventMessageNode","id":"5f08215e-2a98-40d7-aae2-f66908ead16a","ts":"2025-02-27T23:25:45.387-05:00","eventName":"n8n.node.started","message":"n8n.node.started","payload":{"workflowId":"pSOtbw0jo3eyLIf8","workflowName":"My workflow","executionId":"117","nodeType":"n8n-nodes-base.googleSheets","nodeName":"Google Sheets27"}}
{"__type":"$$EventMessageConfirm","confirm":"5f08215e-2a98-40d7-aae2-f66908ead16a","ts":"2025-02-27T23:25:45.387-05:00","source":{"id":"0","name":"eventBus"}}
{"__type":"$$EventMessageNode","id":"03343bb9-eb7c-478e-900d-6958c42435e5","ts":"2025-02-27T23:25:46.662-05:00","eventName":"n8n.node.finished","message":"n8n.node.finished","payload":{"workflowId":"pSOtbw0jo3eyLIf8","workflowName":"My workflow","executionId":"117","nodeType":"n8n-nodes-base.googleSheets","nodeName":"Google Sheets27"}}
{"__type":"$$EventMessageConfirm","confirm":"03343bb9-eb7c-478e-900d-6958c42435e5","ts":"2025-02-27T23:25:46.662-05:00","source":{"id":"0","name":"eventBus"}}
{"__type":"$$EventMessageNode","id":"194aafe4-d276-4808-b125-70f48b68d4bf","ts":"2025-02-27T23:25:46.662-05:00","eventName":"n8n.node.started","message":"n8n.node.started","payload":{"workflowId":"pSOtbw0jo3eyLIf8","workflowName":"My workflow","executionId":"117","nodeType":"n8n-nodes-base.code","nodeName":"Code"}}
{"__type":"$$EventMessageConfirm","confirm":"194aafe4-d276-4808-b125-70f48b68d4bf","ts":"2025-02-27T23:25:46.663-05:00","source":{"id":"0","name":"eventBus"}}
{"__type":"$$EventMessageNode","id":"ee42cfa5-df15-4f15-a804-6c20b8604af9","ts":"2025-02-27T23:25:46.668-05:00","eventName":"n8n.node.finished","message":"n8n.node.finished","payload":{"workflowId":"pSOtbw0jo3eyLIf8","workflowName":"My workflow","executionId":"117","nodeType":"n8n-nodes-base.code","nodeName":"Code"}}
{"__type":"$$EventMessageConfirm","confirm":"ee42cfa5-df15-4f15-a804-6c20b8604af9","ts":"2025-02-27T23:25:46.668-05:00","source":{"id":"0","name":"eventBus"}}
{"__type":"$$EventMessageNode","id":"2081f144-ce34-4d3a-bde0-43802f3896ff","ts":"2025-02-27T23:25:46.668-05:00","eventName":"n8n.node.started","message":"n8n.node.started","payload":{"workflowId":"pSOtbw0jo3eyLIf8","workflowName":"My workflow","executionId":"117","nodeType":"n8n-nodes-base.httpRequest","nodeName":"HTTP Request16"}}
{"__type":"$$EventMessageConfirm","confirm":"2081f144-ce34-4d3a-bde0-43802f3896ff","ts":"2025-02-27T23:25:46.668-05:00","source":{"id":"0","name":"eventBus"}}
{"__type":"$$EventMessageNode","id":"460acca7-84b1-46fb-929f-13e68d894b66","ts":"2025-02-27T23:25:47.069-05:00","eventName":"n8n.node.finished","message":"n8n.node.finished","payload":{"workflowId":"pSOtbw0jo3eyLIf8","workflowName":"My workflow","executionId":"117","nodeType":"n8n-nodes-base.httpRequest","nodeName":"HTTP Request16"}}
{"__type":"$$EventMessageConfirm","confirm":"460acca7-84b1-46fb-929f-13e68d894b66","ts":"2025-02-27T23:25:47.069-05:00","source":{"id":"0","name":"eventBus"}}
{"__type":"$$EventMessageNode","id":"46caccda-7586-413e-ac4f-c35b2ee227bf","ts":"2025-02-27T23:25:47.070-05:00","eventName":"n8n.node.started","message":"n8n.node.started","payload":{"workflowId":"pSOtbw0jo3eyLIf8","workflowName":"My workflow","executionId":"117","nodeType":"n8n-nodes-base.googleSheets","nodeName":"Google Sheets28"}}
{"__type":"$$EventMessageConfirm","confirm":"46caccda-7586-413e-ac4f-c35b2ee227bf","ts":"2025-02-27T23:25:47.070-05:00","source":{"id":"0","name":"eventBus"}}
{"__type":"$$EventMessageNode","id":"fd8da643-e792-4da4-b6d2-cb5328072a1c","ts":"2025-02-27T23:25:48.479-05:00","eventName":"n8n.node.finished","message":"n8n.node.finished","payload":{"workflowId":"pSOtbw0jo3eyLIf8","workflowName":"My workflow","executionId":"117","nodeType":"n8n-nodes-base.googleSheets","nodeName":"Google Sheets28"}}
{"__type":"$$EventMessageConfirm","confirm":"fd8da643-e792-4da4-b6d2-cb5328072a1c","ts":"2025-02-27T23:25:48.479-05:00","source":{"id":"0","name":"eventBus"}}
{"__type":"$$EventMessageNode","id":"79a82800-8502-45a5-b117-1e90d058f9eb","ts":"2025-02-27T23:25:48.480-05:00","eventName":"n8n.node.started","message":"n8n.node.started","payload":{"workflowId":"pSOtbw0jo3eyLIf8","workflowName":"My workflow","executionId":"117","nodeType":"n8n-nodes-base.googleSheets","nodeName":"Google Sheets29"}}
{"__type":"$$EventMessageConfirm","confirm":"79a82800-8502-45a5-b117-1e90d058f9eb","ts":"2025-02-27T23:25:48.480-05:00","source":{"id":"0","name":"eventBus"}}
{"__type":"$$EventMessageNode","id":"39ad7c0a-8ace-4ced-89ea-4228c4177870","ts":"2025-02-27T23:25:49.436-05:00","eventName":"n8n.node.finished","message":"n8n.node.finished","payload":{"workflowId":"pSOtbw0jo3eyLIf8","workflowName":"My workflow","executionId":"117","nodeType":"n8n-nodes-base.googleSheets","nodeName":"Google Sheets29"}}
{"__type":"$$EventMessageConfirm","confirm":"39ad7c0a-8ace-4ced-89ea-4228c4177870","ts":"2025-02-27T23:25:49.436-05:00","source":{"id":"0","name":"eventBus"}}
{"__type":"$$EventMessageNode","id":"37257b7b-2761-42c9-afbc-fa08be6fce57","ts":"2025-02-27T23:25:49.436-05:00","eventName":"n8n.node.started","message":"n8n.node.started","payload":{"workflowId":"pSOtbw0jo3eyLIf8","workflowName":"My workflow","executionId":"117","nodeType":"n8n-nodes-base.httpRequest","nodeName":"HTTP Request17"}}
{"__type":"$$EventMessageConfirm","confirm":"37257b7b-2761-42c9-afbc-fa08be6fce57","ts":"2025-02-27T23:25:49.436-05:00","source":{"id":"0","name":"eventBus"}}
{"__type":"$$EventMessageNode","id":"de1f41bd-6ebf-4509-a7f9-c368ce8ca45d","ts":"2025-02-27T23:25:49.443-05:00","eventName":"n8n.node.finished","message":"n8n.node.finished","payload":{"workflowId":"pSOtbw0jo3eyLIf8","workflowName":"My workflow","executionId":"117","nodeType":"n8n-nodes-base.httpRequest","nodeName":"HTTP Request17"}}
{"__type":"$$EventMessageConfirm","confirm":"de1f41bd-6ebf-4509-a7f9-c368ce8ca45d","ts":"2025-02-27T23:25:49.443-05:00","source":{"id":"0","name":"eventBus"}}
{"__type":"$$EventMessageWorkflow","id":"09c2c538-8e86-4cef-b5cb-225b9d2699f2","ts":"2025-02-27T23:25:49.452-05:00","eventName":"n8n.workflow.failed","message":"n8n.workflow.failed","payload":{"executionId":"117","userId":"24298978-0261-4a6e-b00f-9df70dc17535","success":false,"isManual":true,"workflowId":"pSOtbw0jo3eyLIf8","workflowName":"My workflow","lastNodeExecuted":"HTTP Request17","errorNodeType":"n8n-nodes-base.httpRequest","errorMessage":"JSON parameter needs to be valid JSON"}}
{"__type":"$$EventMessageConfirm","confirm":"09c2c538-8e86-4cef-b5cb-225b9d2699f2","ts":"2025-02-27T23:25:49.452-05:00","source":{"id":"0","name":"eventBus"}}
{"__type":"$$EventMessageWorkflow","id":"a53cbb6b-eafc-44d1-bdfa-55b3a2384146","ts":"2025-02-27T23:26:32.401-05:00","eventName":"n8n.workflow.started","message":"n8n.workflow.started","payload":{"executionId":"118","workflowId":"pSOtbw0jo3eyLIf8","isManual":false,"workflowName":"My workflow"}}
{"__type":"$$EventMessageConfirm","confirm":"a53cbb6b-eafc-44d1-bdfa-55b3a2384146","ts":"2025-02-27T23:26:32.401-05:00","source":{"id":"0","name":"eventBus"}}
{"__type":"$$EventMessageNode","id":"baa6e3d3-a889-4985-b27e-555b13b312ee","ts":"2025-02-27T23:26:32.401-05:00","eventName":"n8n.node.started","message":"n8n.node.started","payload":{"workflowId":"pSOtbw0jo3eyLIf8","workflowName":"My workflow","executionId":"118","nodeType":"n8n-nodes-base.manualTrigger","nodeName":"When clicking ‘Test workflow’"}}
{"__type":"$$EventMessageConfirm","confirm":"baa6e3d3-a889-4985-b27e-555b13b312ee","ts":"2025-02-27T23:26:32.401-05:00","source":{"id":"0","name":"eventBus"}}
{"__type":"$$EventMessageNode","id":"5b80f329-e13f-47c7-99b3-61a92279415b","ts":"2025-02-27T23:26:32.402-05:00","eventName":"n8n.node.finished","message":"n8n.node.finished","payload":{"workflowId":"pSOtbw0jo3eyLIf8","workflowName":"My workflow","executionId":"118","nodeType":"n8n-nodes-base.manualTrigger","nodeName":"When clicking ‘Test workflow’"}}
{"__type":"$$EventMessageConfirm","confirm":"5b80f329-e13f-47c7-99b3-61a92279415b","ts":"2025-02-27T23:26:32.402-05:00","source":{"id":"0","name":"eventBus"}}
{"__type":"$$EventMessageNode","id":"1e552b27-5f24-467d-880d-e0e96be505a4","ts":"2025-02-27T23:26:32.402-05:00","eventName":"n8n.node.started","message":"n8n.node.started","payload":{"workflowId":"pSOtbw0jo3eyLIf8","workflowName":"My workflow","executionId":"118","nodeType":"n8n-nodes-base.googleSheets","nodeName":"Google Sheets29"}}
{"__type":"$$EventMessageConfirm","confirm":"1e552b27-5f24-467d-880d-e0e96be505a4","ts":"2025-02-27T23:26:32.402-05:00","source":{"id":"0","name":"eventBus"}}
{"__type":"$$EventMessageNode","id":"d0f4b947-ea76-4921-bcb2-323cc0c50abe","ts":"2025-02-27T23:26:33.461-05:00","eventName":"n8n.node.finished","message":"n8n.node.finished","payload":{"workflowId":"pSOtbw0jo3eyLIf8","workflowName":"My workflow","executionId":"118","nodeType":"n8n-nodes-base.googleSheets","nodeName":"Google Sheets29"}}
{"__type":"$$EventMessageConfirm","confirm":"d0f4b947-ea76-4921-bcb2-323cc0c50abe","ts":"2025-02-27T23:26:33.461-05:00","source":{"id":"0","name":"eventBus"}}
{"__type":"$$EventMessageNode","id":"19802fa7-2a24-46b6-951c-3b1029f2cb15","ts":"2025-02-27T23:26:33.461-05:00","eventName":"n8n.node.started","message":"n8n.node.started","payload":{"workflowId":"pSOtbw0jo3eyLIf8","workflowName":"My workflow","executionId":"118","nodeType":"n8n-nodes-base.code","nodeName":"Code1"}}
{"__type":"$$EventMessageConfirm","confirm":"19802fa7-2a24-46b6-951c-3b1029f2cb15","ts":"2025-02-27T23:26:33.461-05:00","source":{"id":"0","name":"eventBus"}}
{"__type":"$$EventMessageNode","id":"01f7a16c-9bd6-4ed5-9cdf-f37b230de9d7","ts":"2025-02-27T23:26:33.466-05:00","eventName":"n8n.node.finished","message":"n8n.node.finished","payload":{"workflowId":"pSOtbw0jo3eyLIf8","workflowName":"My workflow","executionId":"118","nodeType":"n8n-nodes-base.code","nodeName":"Code1"}}
{"__type":"$$EventMessageConfirm","confirm":"01f7a16c-9bd6-4ed5-9cdf-f37b230de9d7","ts":"2025-02-27T23:26:33.467-05:00","source":{"id":"0","name":"eventBus"}}
{"__type":"$$EventMessageNode","id":"8e095d5c-0841-4e46-b7ca-bd9768ac50fc","ts":"2025-02-27T23:26:33.467-05:00","eventName":"n8n.node.started","message":"n8n.node.started","payload":{"workflowId":"pSOtbw0jo3eyLIf8","workflowName":"My workflow","executionId":"118","nodeType":"n8n-nodes-base.httpRequest","nodeName":"HTTP Request17"}}
{"__type":"$$EventMessageConfirm","confirm":"8e095d5c-0841-4e46-b7ca-bd9768ac50fc","ts":"2025-02-27T23:26:33.467-05:00","source":{"id":"0","name":"eventBus"}}
{"__type":"$$EventMessageNode","id":"05c643c3-d335-42b4-84a3-f9f54404470a","ts":"2025-02-27T23:26:33.649-05:00","eventName":"n8n.node.finished","message":"n8n.node.finished","payload":{"workflowId":"pSOtbw0jo3eyLIf8","workflowName":"My workflow","executionId":"118","nodeType":"n8n-nodes-base.httpRequest","nodeName":"HTTP Request17"}}
{"__type":"$$EventMessageConfirm","confirm":"05c643c3-d335-42b4-84a3-f9f54404470a","ts":"2025-02-27T23:26:33.650-05:00","source":{"id":"0","name":"eventBus"}}
{"__type":"$$EventMessageNode","id":"741e8a51-f1d7-429f-9a4f-40fe48eaac2e","ts":"2025-02-27T23:26:33.650-05:00","eventName":"n8n.node.started","message":"n8n.node.started","payload":{"workflowId":"pSOtbw0jo3eyLIf8","workflowName":"My workflow","executionId":"118","nodeType":"n8n-nodes-base.googleSheets","nodeName":"Google Sheets30"}}
{"__type":"$$EventMessageConfirm","confirm":"741e8a51-f1d7-429f-9a4f-40fe48eaac2e","ts":"2025-02-27T23:26:33.650-05:00","source":{"id":"0","name":"eventBus"}}
{"__type":"$$EventMessageNode","id":"8a26e0da-e14a-4a29-8e34-da52d293560c","ts":"2025-02-27T23:26:35.034-05:00","eventName":"n8n.node.finished","message":"n8n.node.finished","payload":{"workflowId":"pSOtbw0jo3eyLIf8","workflowName":"My workflow","executionId":"118","nodeType":"n8n-nodes-base.googleSheets","nodeName":"Google Sheets30"}}
{"__type":"$$EventMessageConfirm","confirm":"8a26e0da-e14a-4a29-8e34-da52d293560c","ts":"2025-02-27T23:26:35.034-05:00","source":{"id":"0","name":"eventBus"}}
{"__type":"$$EventMessageWorkflow","id":"c0bee3ca-d727-4038-80d8-c9d469eadcec","ts":"2025-02-27T23:26:35.044-05:00","eventName":"n8n.workflow.success","message":"n8n.workflow.success","payload":{"executionId":"118","userId":"24298978-0261-4a6e-b00f-9df70dc17535","success":true,"isManual":true,"workflowId":"pSOtbw0jo3eyLIf8","workflowName":"My workflow"}}
{"__type":"$$EventMessageConfirm","confirm":"c0bee3ca-d727-4038-80d8-c9d469eadcec","ts":"2025-02-27T23:26:35.044-05:00","source":{"id":"0","name":"eventBus"}}
{"__type":"$$EventMessageAudit","id":"3dd4a269-fc5d-4d7d-8768-d33c72d5b921","ts":"2025-02-27T23:28:02.073-05:00","eventName":"n8n.audit.workflow.updated","message":"n8n.audit.workflow.updated","payload":{"userId":"24298978-0261-4a6e-b00f-9df70dc17535","_email":"nguyenduccanh1523@gmail.com","_firstName":"ca","_lastName":"canh","globalRole":"global:owner","workflowId":"pSOtbw0jo3eyLIf8","workflowName":"My workflow"}}
{"__type":"$$EventMessageConfirm","confirm":"3dd4a269-fc5d-4d7d-8768-d33c72d5b921","ts":"2025-02-27T23:28:02.073-05:00","source":{"id":"0","name":"eventBus"}}
{"__type":"$$EventMessageAudit","id":"8ab5819b-5ef6-49f4-9d7b-aad94239f8b9","ts":"2025-02-27T23:28:39.097-05:00","eventName":"n8n.audit.workflow.updated","message":"n8n.audit.workflow.updated","payload":{"userId":"24298978-0261-4a6e-b00f-9df70dc17535","_email":"nguyenduccanh1523@gmail.com","_firstName":"ca","_lastName":"canh","globalRole":"global:owner","workflowId":"pSOtbw0jo3eyLIf8","workflowName":"My workflow"}}
{"__type":"$$EventMessageConfirm","confirm":"8ab5819b-5ef6-49f4-9d7b-aad94239f8b9","ts":"2025-02-27T23:28:39.097-05:00","source":{"id":"0","name":"eventBus"}}
{"__type":"$$EventMessageWorkflow","id":"f494ccbb-47e0-48ce-813a-6fa3f1bd8462","ts":"2025-02-27T23:29:55.946-05:00","eventName":"n8n.workflow.started","message":"n8n.workflow.started","payload":{"executionId":"119","workflowId":"pSOtbw0jo3eyLIf8","isManual":false,"workflowName":"My workflow"}}
{"__type":"$$EventMessageConfirm","confirm":"f494ccbb-47e0-48ce-813a-6fa3f1bd8462","ts":"2025-02-27T23:29:55.946-05:00","source":{"id":"0","name":"eventBus"}}
{"__type":"$$EventMessageNode","id":"08758a34-7120-4627-a0c4-ac761bb43ed3","ts":"2025-02-27T23:29:55.947-05:00","eventName":"n8n.node.started","message":"n8n.node.started","payload":{"workflowId":"pSOtbw0jo3eyLIf8","workflowName":"My workflow","executionId":"119","nodeType":"n8n-nodes-base.manualTrigger","nodeName":"When clicking ‘Test workflow’"}}
{"__type":"$$EventMessageConfirm","confirm":"08758a34-7120-4627-a0c4-ac761bb43ed3","ts":"2025-02-27T23:29:55.947-05:00","source":{"id":"0","name":"eventBus"}}
{"__type":"$$EventMessageNode","id":"349247d6-cd45-4de3-807f-48d56f61523b","ts":"2025-02-27T23:29:55.948-05:00","eventName":"n8n.node.finished","message":"n8n.node.finished","payload":{"workflowId":"pSOtbw0jo3eyLIf8","workflowName":"My workflow","executionId":"119","nodeType":"n8n-nodes-base.manualTrigger","nodeName":"When clicking ‘Test workflow’"}}
{"__type":"$$EventMessageConfirm","confirm":"349247d6-cd45-4de3-807f-48d56f61523b","ts":"2025-02-27T23:29:55.948-05:00","source":{"id":"0","name":"eventBus"}}
{"__type":"$$EventMessageNode","id":"0535d1aa-897e-4454-af26-ae00087db942","ts":"2025-02-27T23:29:55.948-05:00","eventName":"n8n.node.started","message":"n8n.node.started","payload":{"workflowId":"pSOtbw0jo3eyLIf8","workflowName":"My workflow","executionId":"119","nodeType":"n8n-nodes-base.googleSheets","nodeName":"Google Sheets39"}}
{"__type":"$$EventMessageConfirm","confirm":"0535d1aa-897e-4454-af26-ae00087db942","ts":"2025-02-27T23:29:55.948-05:00","source":{"id":"0","name":"eventBus"}}
{"__type":"$$EventMessageNode","id":"76ea1098-dc3b-454a-a61a-aad1b4f42c8b","ts":"2025-02-27T23:29:56.909-05:00","eventName":"n8n.node.finished","message":"n8n.node.finished","payload":{"workflowId":"pSOtbw0jo3eyLIf8","workflowName":"My workflow","executionId":"119","nodeType":"n8n-nodes-base.googleSheets","nodeName":"Google Sheets39"}}
{"__type":"$$EventMessageConfirm","confirm":"76ea1098-dc3b-454a-a61a-aad1b4f42c8b","ts":"2025-02-27T23:29:56.909-05:00","source":{"id":"0","name":"eventBus"}}
{"__type":"$$EventMessageWorkflow","id":"1e65f60c-09d5-4b14-aa7b-f1358aff63b5","ts":"2025-02-27T23:29:56.916-05:00","eventName":"n8n.workflow.success","message":"n8n.workflow.success","payload":{"executionId":"119","userId":"24298978-0261-4a6e-b00f-9df70dc17535","success":true,"isManual":true,"workflowId":"pSOtbw0jo3eyLIf8","workflowName":"My workflow"}}
{"__type":"$$EventMessageConfirm","confirm":"1e65f60c-09d5-4b14-aa7b-f1358aff63b5","ts":"2025-02-27T23:29:56.916-05:00","source":{"id":"0","name":"eventBus"}}
{"__type":"$$EventMessageWorkflow","id":"053ce0b5-64ea-4c9f-93dc-193a854ccb4d","ts":"2025-02-27T23:30:42.423-05:00","eventName":"n8n.workflow.started","message":"n8n.workflow.started","payload":{"executionId":"120","workflowId":"pSOtbw0jo3eyLIf8","isManual":false,"workflowName":"My workflow"}}
{"__type":"$$EventMessageConfirm","confirm":"053ce0b5-64ea-4c9f-93dc-193a854ccb4d","ts":"2025-02-27T23:30:42.423-05:00","source":{"id":"0","name":"eventBus"}}
{"__type":"$$EventMessageNode","id":"b83208ca-6d1b-4af3-9ab9-75cdd0108f86","ts":"2025-02-27T23:30:42.423-05:00","eventName":"n8n.node.started","message":"n8n.node.started","payload":{"workflowId":"pSOtbw0jo3eyLIf8","workflowName":"My workflow","executionId":"120","nodeType":"n8n-nodes-base.manualTrigger","nodeName":"When clicking ‘Test workflow’"}}
{"__type":"$$EventMessageConfirm","confirm":"b83208ca-6d1b-4af3-9ab9-75cdd0108f86","ts":"2025-02-27T23:30:42.423-05:00","source":{"id":"0","name":"eventBus"}}
{"__type":"$$EventMessageNode","id":"a2d85882-7265-401c-b1f4-26ade22a5b48","ts":"2025-02-27T23:30:42.424-05:00","eventName":"n8n.node.finished","message":"n8n.node.finished","payload":{"workflowId":"pSOtbw0jo3eyLIf8","workflowName":"My workflow","executionId":"120","nodeType":"n8n-nodes-base.manualTrigger","nodeName":"When clicking ‘Test workflow’"}}
{"__type":"$$EventMessageConfirm","confirm":"a2d85882-7265-401c-b1f4-26ade22a5b48","ts":"2025-02-27T23:30:42.424-05:00","source":{"id":"0","name":"eventBus"}}
{"__type":"$$EventMessageNode","id":"d7597b4b-50e8-4585-9e52-720bb31e09a9","ts":"2025-02-27T23:30:42.424-05:00","eventName":"n8n.node.started","message":"n8n.node.started","payload":{"workflowId":"pSOtbw0jo3eyLIf8","workflowName":"My workflow","executionId":"120","nodeType":"n8n-nodes-base.googleSheets","nodeName":"Google Sheets39"}}
{"__type":"$$EventMessageConfirm","confirm":"d7597b4b-50e8-4585-9e52-720bb31e09a9","ts":"2025-02-27T23:30:42.424-05:00","source":{"id":"0","name":"eventBus"}}
{"__type":"$$EventMessageNode","id":"978a8fd9-5e72-42c4-98af-16a5a11b9bd1","ts":"2025-02-27T23:30:43.359-05:00","eventName":"n8n.node.finished","message":"n8n.node.finished","payload":{"workflowId":"pSOtbw0jo3eyLIf8","workflowName":"My workflow","executionId":"120","nodeType":"n8n-nodes-base.googleSheets","nodeName":"Google Sheets39"}}
{"__type":"$$EventMessageConfirm","confirm":"978a8fd9-5e72-42c4-98af-16a5a11b9bd1","ts":"2025-02-27T23:30:43.359-05:00","source":{"id":"0","name":"eventBus"}}
{"__type":"$$EventMessageNode","id":"84186cf4-7be5-45d8-a040-bd63ecf714cc","ts":"2025-02-27T23:30:43.360-05:00","eventName":"n8n.node.started","message":"n8n.node.started","payload":{"workflowId":"pSOtbw0jo3eyLIf8","workflowName":"My workflow","executionId":"120","nodeType":"n8n-nodes-base.httpRequest","nodeName":"HTTP Request22"}}
{"__type":"$$EventMessageConfirm","confirm":"84186cf4-7be5-45d8-a040-bd63ecf714cc","ts":"2025-02-27T23:30:43.360-05:00","source":{"id":"0","name":"eventBus"}}
{"__type":"$$EventMessageNode","id":"844b2065-121f-4a01-977b-2d850843f629","ts":"2025-02-27T23:30:43.525-05:00","eventName":"n8n.node.finished","message":"n8n.node.finished","payload":{"workflowId":"pSOtbw0jo3eyLIf8","workflowName":"My workflow","executionId":"120","nodeType":"n8n-nodes-base.httpRequest","nodeName":"HTTP Request22"}}
{"__type":"$$EventMessageConfirm","confirm":"844b2065-121f-4a01-977b-2d850843f629","ts":"2025-02-27T23:30:43.525-05:00","source":{"id":"0","name":"eventBus"}}
{"__type":"$$EventMessageWorkflow","id":"e73c0248-240e-49fb-becc-08c63056ecd8","ts":"2025-02-27T23:30:43.533-05:00","eventName":"n8n.workflow.failed","message":"n8n.workflow.failed","payload":{"executionId":"120","userId":"24298978-0261-4a6e-b00f-9df70dc17535","success":false,"isManual":true,"workflowId":"pSOtbw0jo3eyLIf8","workflowName":"My workflow","lastNodeExecuted":"HTTP Request22","errorNodeType":"n8n-nodes-base.httpRequest","errorMessage":"Forbidden - perhaps check your credentials?"}}
{"__type":"$$EventMessageConfirm","confirm":"e73c0248-240e-49fb-becc-08c63056ecd8","ts":"2025-02-27T23:30:43.533-05:00","source":{"id":"0","name":"eventBus"}}
{"__type":"$$EventMessageWorkflow","id":"5ee28dd6-9cf5-4026-9512-04a19fad3d7d","ts":"2025-02-27T23:31:06.533-05:00","eventName":"n8n.workflow.started","message":"n8n.workflow.started","payload":{"executionId":"121","workflowId":"pSOtbw0jo3eyLIf8","isManual":false,"workflowName":"My workflow"}}
{"__type":"$$EventMessageConfirm","confirm":"5ee28dd6-9cf5-4026-9512-04a19fad3d7d","ts":"2025-02-27T23:31:06.533-05:00","source":{"id":"0","name":"eventBus"}}
{"__type":"$$EventMessageNode","id":"e90f2788-91b3-4433-a773-0f974df7b655","ts":"2025-02-27T23:31:06.533-05:00","eventName":"n8n.node.started","message":"n8n.node.started","payload":{"workflowId":"pSOtbw0jo3eyLIf8","workflowName":"My workflow","executionId":"121","nodeType":"n8n-nodes-base.manualTrigger","nodeName":"When clicking ‘Test workflow’"}}
{"__type":"$$EventMessageConfirm","confirm":"e90f2788-91b3-4433-a773-0f974df7b655","ts":"2025-02-27T23:31:06.533-05:00","source":{"id":"0","name":"eventBus"}}
{"__type":"$$EventMessageNode","id":"4f743385-7fa5-41a1-a63a-61873e3bd3a5","ts":"2025-02-27T23:31:06.534-05:00","eventName":"n8n.node.finished","message":"n8n.node.finished","payload":{"workflowId":"pSOtbw0jo3eyLIf8","workflowName":"My workflow","executionId":"121","nodeType":"n8n-nodes-base.manualTrigger","nodeName":"When clicking ‘Test workflow’"}}
{"__type":"$$EventMessageConfirm","confirm":"4f743385-7fa5-41a1-a63a-61873e3bd3a5","ts":"2025-02-27T23:31:06.534-05:00","source":{"id":"0","name":"eventBus"}}
{"__type":"$$EventMessageNode","id":"1512a7d9-feed-4972-81b1-0c3511d8b8f2","ts":"2025-02-27T23:31:06.534-05:00","eventName":"n8n.node.started","message":"n8n.node.started","payload":{"workflowId":"pSOtbw0jo3eyLIf8","workflowName":"My workflow","executionId":"121","nodeType":"n8n-nodes-base.googleSheets","nodeName":"Google Sheets39"}}
{"__type":"$$EventMessageConfirm","confirm":"1512a7d9-feed-4972-81b1-0c3511d8b8f2","ts":"2025-02-27T23:31:06.534-05:00","source":{"id":"0","name":"eventBus"}}
{"__type":"$$EventMessageNode","id":"1c9d559c-3c2d-435b-9dcd-c3bd093b19e6","ts":"2025-02-27T23:31:07.565-05:00","eventName":"n8n.node.finished","message":"n8n.node.finished","payload":{"workflowId":"pSOtbw0jo3eyLIf8","workflowName":"My workflow","executionId":"121","nodeType":"n8n-nodes-base.googleSheets","nodeName":"Google Sheets39"}}
{"__type":"$$EventMessageConfirm","confirm":"1c9d559c-3c2d-435b-9dcd-c3bd093b19e6","ts":"2025-02-27T23:31:07.565-05:00","source":{"id":"0","name":"eventBus"}}
{"__type":"$$EventMessageNode","id":"d67fcd01-8323-4ee0-b45d-e971641ce539","ts":"2025-02-27T23:31:07.565-05:00","eventName":"n8n.node.started","message":"n8n.node.started","payload":{"workflowId":"pSOtbw0jo3eyLIf8","workflowName":"My workflow","executionId":"121","nodeType":"n8n-nodes-base.httpRequest","nodeName":"HTTP Request22"}}
{"__type":"$$EventMessageConfirm","confirm":"d67fcd01-8323-4ee0-b45d-e971641ce539","ts":"2025-02-27T23:31:07.565-05:00","source":{"id":"0","name":"eventBus"}}
{"__type":"$$EventMessageNode","id":"b9f56731-df36-481e-82f1-0e2fa724a3cb","ts":"2025-02-27T23:31:07.703-05:00","eventName":"n8n.node.finished","message":"n8n.node.finished","payload":{"workflowId":"pSOtbw0jo3eyLIf8","workflowName":"My workflow","executionId":"121","nodeType":"n8n-nodes-base.httpRequest","nodeName":"HTTP Request22"}}
{"__type":"$$EventMessageConfirm","confirm":"b9f56731-df36-481e-82f1-0e2fa724a3cb","ts":"2025-02-27T23:31:07.704-05:00","source":{"id":"0","name":"eventBus"}}
{"__type":"$$EventMessageWorkflow","id":"5d98f91d-285f-421d-9978-a927ec908176","ts":"2025-02-27T23:31:07.711-05:00","eventName":"n8n.workflow.failed","message":"n8n.workflow.failed","payload":{"executionId":"121","userId":"24298978-0261-4a6e-b00f-9df70dc17535","success":false,"isManual":true,"workflowId":"pSOtbw0jo3eyLIf8","workflowName":"My workflow","lastNodeExecuted":"HTTP Request22","errorNodeType":"n8n-nodes-base.httpRequest","errorMessage":"Bad request - please check your parameters"}}
{"__type":"$$EventMessageConfirm","confirm":"5d98f91d-285f-421d-9978-a927ec908176","ts":"2025-02-27T23:31:07.711-05:00","source":{"id":"0","name":"eventBus"}}
{"__type":"$$EventMessageAudit","id":"eec1b135-28db-440d-9e39-73eac64fe05b","ts":"2025-02-27T23:31:33.010-05:00","eventName":"n8n.audit.workflow.updated","message":"n8n.audit.workflow.updated","payload":{"userId":"24298978-0261-4a6e-b00f-9df70dc17535","_email":"nguyenduccanh1523@gmail.com","_firstName":"ca","_lastName":"canh","globalRole":"global:owner","workflowId":"pSOtbw0jo3eyLIf8","workflowName":"My workflow"}}
{"__type":"$$EventMessageConfirm","confirm":"eec1b135-28db-440d-9e39-73eac64fe05b","ts":"2025-02-27T23:31:33.010-05:00","source":{"id":"0","name":"eventBus"}}
{"__type":"$$EventMessageWorkflow","id":"96851e32-f0a9-4b4c-b1e8-22b838bf1b5b","ts":"2025-02-27T23:31:33.759-05:00","eventName":"n8n.workflow.started","message":"n8n.workflow.started","payload":{"executionId":"122","workflowId":"pSOtbw0jo3eyLIf8","isManual":false,"workflowName":"My workflow"}}
{"__type":"$$EventMessageConfirm","confirm":"96851e32-f0a9-4b4c-b1e8-22b838bf1b5b","ts":"2025-02-27T23:31:33.759-05:00","source":{"id":"0","name":"eventBus"}}
{"__type":"$$EventMessageNode","id":"481f61eb-3144-4cce-868d-ac59005645a3","ts":"2025-02-27T23:31:33.760-05:00","eventName":"n8n.node.started","message":"n8n.node.started","payload":{"workflowId":"pSOtbw0jo3eyLIf8","workflowName":"My workflow","executionId":"122","nodeType":"n8n-nodes-base.manualTrigger","nodeName":"When clicking ‘Test workflow’"}}
{"__type":"$$EventMessageConfirm","confirm":"481f61eb-3144-4cce-868d-ac59005645a3","ts":"2025-02-27T23:31:33.760-05:00","source":{"id":"0","name":"eventBus"}}
{"__type":"$$EventMessageNode","id":"623fcbfe-26e2-4d6b-9c3f-3a74b6cb7bc1","ts":"2025-02-27T23:31:33.760-05:00","eventName":"n8n.node.finished","message":"n8n.node.finished","payload":{"workflowId":"pSOtbw0jo3eyLIf8","workflowName":"My workflow","executionId":"122","nodeType":"n8n-nodes-base.manualTrigger","nodeName":"When clicking ‘Test workflow’"}}
{"__type":"$$EventMessageConfirm","confirm":"623fcbfe-26e2-4d6b-9c3f-3a74b6cb7bc1","ts":"2025-02-27T23:31:33.760-05:00","source":{"id":"0","name":"eventBus"}}
{"__type":"$$EventMessageNode","id":"706e52c0-617e-47ef-9419-fe5a8b71aeda","ts":"2025-02-27T23:31:33.761-05:00","eventName":"n8n.node.started","message":"n8n.node.started","payload":{"workflowId":"pSOtbw0jo3eyLIf8","workflowName":"My workflow","executionId":"122","nodeType":"n8n-nodes-base.googleSheets","nodeName":"Google Sheets39"}}
{"__type":"$$EventMessageConfirm","confirm":"706e52c0-617e-47ef-9419-fe5a8b71aeda","ts":"2025-02-27T23:31:33.761-05:00","source":{"id":"0","name":"eventBus"}}
{"__type":"$$EventMessageNode","id":"65bd5024-4b33-49d1-b0a7-51879507cdfa","ts":"2025-02-27T23:31:34.707-05:00","eventName":"n8n.node.finished","message":"n8n.node.finished","payload":{"workflowId":"pSOtbw0jo3eyLIf8","workflowName":"My workflow","executionId":"122","nodeType":"n8n-nodes-base.googleSheets","nodeName":"Google Sheets39"}}
{"__type":"$$EventMessageConfirm","confirm":"65bd5024-4b33-49d1-b0a7-51879507cdfa","ts":"2025-02-27T23:31:34.707-05:00","source":{"id":"0","name":"eventBus"}}
{"__type":"$$EventMessageNode","id":"7702e9a6-d7e2-4667-96ae-d93ace90f3d4","ts":"2025-02-27T23:31:34.708-05:00","eventName":"n8n.node.started","message":"n8n.node.started","payload":{"workflowId":"pSOtbw0jo3eyLIf8","workflowName":"My workflow","executionId":"122","nodeType":"n8n-nodes-base.httpRequest","nodeName":"HTTP Request22"}}
{"__type":"$$EventMessageConfirm","confirm":"7702e9a6-d7e2-4667-96ae-d93ace90f3d4","ts":"2025-02-27T23:31:34.708-05:00","source":{"id":"0","name":"eventBus"}}
{"__type":"$$EventMessageNode","id":"58b864ee-3302-46f8-b7fe-fc3513afa8b0","ts":"2025-02-27T23:31:35.693-05:00","eventName":"n8n.node.finished","message":"n8n.node.finished","payload":{"workflowId":"pSOtbw0jo3eyLIf8","workflowName":"My workflow","executionId":"122","nodeType":"n8n-nodes-base.httpRequest","nodeName":"HTTP Request22"}}
{"__type":"$$EventMessageConfirm","confirm":"58b864ee-3302-46f8-b7fe-fc3513afa8b0","ts":"2025-02-27T23:31:35.693-05:00","source":{"id":"0","name":"eventBus"}}
{"__type":"$$EventMessageNode","id":"8c1c46ab-6e25-4f2c-9bee-b1f10355a5dd","ts":"2025-02-27T23:31:35.694-05:00","eventName":"n8n.node.started","message":"n8n.node.started","payload":{"workflowId":"pSOtbw0jo3eyLIf8","workflowName":"My workflow","executionId":"122","nodeType":"n8n-nodes-base.googleSheets","nodeName":"Google Sheets40"}}
{"__type":"$$EventMessageConfirm","confirm":"8c1c46ab-6e25-4f2c-9bee-b1f10355a5dd","ts":"2025-02-27T23:31:35.694-05:00","source":{"id":"0","name":"eventBus"}}
{"__type":"$$EventMessageNode","id":"7c910d05-9d53-45ef-8805-bed70d96ecea","ts":"2025-02-27T23:31:37.560-05:00","eventName":"n8n.node.finished","message":"n8n.node.finished","payload":{"workflowId":"pSOtbw0jo3eyLIf8","workflowName":"My workflow","executionId":"122","nodeType":"n8n-nodes-base.googleSheets","nodeName":"Google Sheets40"}}
{"__type":"$$EventMessageConfirm","confirm":"7c910d05-9d53-45ef-8805-bed70d96ecea","ts":"2025-02-27T23:31:37.560-05:00","source":{"id":"0","name":"eventBus"}}
{"__type":"$$EventMessageWorkflow","id":"eb7123b0-4445-446c-974b-4b42fb49a40e","ts":"2025-02-27T23:31:37.566-05:00","eventName":"n8n.workflow.success","message":"n8n.workflow.success","payload":{"executionId":"122","userId":"24298978-0261-4a6e-b00f-9df70dc17535","success":true,"isManual":true,"workflowId":"pSOtbw0jo3eyLIf8","workflowName":"My workflow"}}
{"__type":"$$EventMessageConfirm","confirm":"eb7123b0-4445-446c-974b-4b42fb49a40e","ts":"2025-02-27T23:31:37.566-05:00","source":{"id":"0","name":"eventBus"}}
